[0.008s] Invoking command in '/home/stoair/ros2CV/cv_ws/build/webcam_topic': CMAKE_PREFIX_PATH=${CMAKE_PREFIX_PATH}:/home/stoair/dev_ws/install/learning_urdf:/home/stoair/dev_ws/install/learning_topic:/home/stoair/dev_ws/install/learning_tf:/home/stoair/dev_ws/install/learning_service:/home/stoair/dev_ws/install/learning_qos:/home/stoair/dev_ws/install/learning_pkg_python:/home/stoair/dev_ws/install/learning_parameter:/home/stoair/dev_ws/install/learning_node:/home/stoair/dev_ws/install/learning_launch:/home/stoair/dev_ws/install/learning_action:/home/stoair/dev_ws/install/learning_gazebo_fortress:/home/stoair/dev_ws/install/learning_gazebo:/home/stoair/dev_ws/install/learning_cv:/opt/ros/humble CONDA_PROMPT_MODIFIER=(base) /usr/bin/cmake --build /home/stoair/ros2CV/cv_ws/build/webcam_topic -- -j16 -l16
[0.058s] [ 75%] Built target webcam_pub
[0.058s] [ 75%] [32mBuilding CXX object CMakeFiles/webcam_sub.dir/src/webcam_sub.cpp.o[0m
[1.973s] [01m[K/home/stoair/ros2CV/cv_ws/src/webcam_topic/src/webcam_sub.cpp:[m[K In function â€˜[01m[Kint main(int, char**)[m[Kâ€™:
[1.973s] [01m[K/home/stoair/ros2CV/cv_ws/src/webcam_topic/src/webcam_sub.cpp:90:37:[m[K [01;31m[Kerror: [m[Kâ€˜[01m[KUSE_CUDA[m[Kâ€™ was not declared in this scope
[1.973s]    90 |     if (readModel(net1, model_path, [01;31m[KUSE_CUDA[m[K))
[1.973s]       |                                     [01;31m[K^~~~~~~~[m[K
[1.977s] [01m[K/home/stoair/ros2CV/cv_ws/src/webcam_topic/src/webcam_sub.cpp:96:44:[m[K [01;31m[Kerror: [m[Kâ€˜[01m[KUSE_CUDA[m[Kâ€™ was not declared in this scope
[1.977s]    96 |     if (readModel(net2, model_path_circle, [01;31m[KUSE_CUDA[m[K))
[1.977s]       |                                            [01;31m[K^~~~~~~~[m[K
[3.679s] gmake[2]: *** [CMakeFiles/webcam_sub.dir/build.make:76ï¼šCMakeFiles/webcam_sub.dir/src/webcam_sub.cpp.o] é”™è¯¯ 1
[3.679s] gmake[1]: *** [CMakeFiles/Makefile2:165ï¼šCMakeFiles/webcam_sub.dir/all] é”™è¯¯ 2
[3.679s] gmake: *** [Makefile:146ï¼šall] é”™è¯¯ 2
[3.682s] Invoked command in '/home/stoair/ros2CV/cv_ws/build/webcam_topic' returned '2': CMAKE_PREFIX_PATH=${CMAKE_PREFIX_PATH}:/home/stoair/dev_ws/install/learning_urdf:/home/stoair/dev_ws/install/learning_topic:/home/stoair/dev_ws/install/learning_tf:/home/stoair/dev_ws/install/learning_service:/home/stoair/dev_ws/install/learning_qos:/home/stoair/dev_ws/install/learning_pkg_python:/home/stoair/dev_ws/install/learning_parameter:/home/stoair/dev_ws/install/learning_node:/home/stoair/dev_ws/install/learning_launch:/home/stoair/dev_ws/install/learning_action:/home/stoair/dev_ws/install/learning_gazebo_fortress:/home/stoair/dev_ws/install/learning_gazebo:/home/stoair/dev_ws/install/learning_cv:/opt/ros/humble CONDA_PROMPT_MODIFIER=(base) /usr/bin/cmake --build /home/stoair/ros2CV/cv_ws/build/webcam_topic -- -j16 -l16
