[0.008s] Invoking command in '/home/stoair/ros2CV/cv_ws/build/topic2': CMAKE_PREFIX_PATH=${CMAKE_PREFIX_PATH}:/home/stoair/dev_ws/install/learning_urdf:/home/stoair/dev_ws/install/learning_topic:/home/stoair/dev_ws/install/learning_tf:/home/stoair/dev_ws/install/learning_service:/home/stoair/dev_ws/install/learning_qos:/home/stoair/dev_ws/install/learning_pkg_python:/home/stoair/dev_ws/install/learning_parameter:/home/stoair/dev_ws/install/learning_node:/home/stoair/dev_ws/install/learning_launch:/home/stoair/dev_ws/install/learning_action:/home/stoair/dev_ws/install/learning_gazebo_fortress:/home/stoair/dev_ws/install/learning_gazebo:/home/stoair/dev_ws/install/learning_cv:/opt/ros/humble CONDA_PROMPT_MODIFIER=(base) /usr/bin/cmake --build /home/stoair/ros2CV/cv_ws/build/topic2 -- -j16 -l16
[0.056s] [35m[1mConsolidate compiler generated dependencies of target image_sub[0m
[0.056s] [35m[1mConsolidate compiler generated dependencies of target image_pub[0m
[0.074s] [ 14%] [32mBuilding CXX object CMakeFiles/image_sub.dir/src/image_sub.cpp.o[0m
[0.075s] [ 28%] [32mBuilding CXX object CMakeFiles/image_pub.dir/src/image_pub.cpp.o[0m
[2.580s] In file included from [01m[K/home/stoair/ros2CV/cv_ws/src/topic2/src/image_pub.cpp:6[m[K:
[2.580s] [01m[K/home/stoair/ros2CV/cv_ws/src/topic2/src/Mat2image.hpp:[m[K In static member function ‘[01m[Kstatic int Mat2Img::JPEGToMat(cv::Mat&, std::vector<unsigned char>)[m[K’:
[2.580s] [01m[K/home/stoair/ros2CV/cv_ws/src/topic2/src/Mat2image.hpp:32:13:[m[K [01;31m[Kerror: [m[K‘[01m[Kcv2[m[K’ was not declared in this scope; did you mean ‘[01m[Kcv[m[K’?
[2.581s]    32 |             [01;31m[Kcv2[m[K.imshow("frame", matImage);
[2.581s]       |             [01;31m[K^~~[m[K
[2.581s]       |             [32m[Kcv[m[K
[2.585s] [01m[K/home/stoair/ros2CV/cv_ws/src/topic2/src/Mat2image.hpp:40:13:[m[K [01;31m[Kerror: [m[K‘[01m[Kcv2[m[K’ was not declared in this scope; did you mean ‘[01m[Kcv[m[K’?
[2.585s]    40 |             [01;31m[Kcv2[m[K.imshow("frame", matImage);
[2.585s]       |             [01;31m[K^~~[m[K
[2.585s]       |             [32m[Kcv[m[K
[2.649s] In file included from [01m[K/home/stoair/ros2CV/cv_ws/src/topic2/src/image_sub.cpp:8[m[K:
[2.649s] [01m[K/home/stoair/ros2CV/cv_ws/src/topic2/src/Mat2image.hpp:[m[K In static member function ‘[01m[Kstatic int Mat2Img::JPEGToMat(cv::Mat&, std::vector<unsigned char>)[m[K’:
[2.649s] [01m[K/home/stoair/ros2CV/cv_ws/src/topic2/src/Mat2image.hpp:32:13:[m[K [01;31m[Kerror: [m[K‘[01m[Kcv2[m[K’ was not declared in this scope; did you mean ‘[01m[Kcv[m[K’?
[2.649s]    32 |             [01;31m[Kcv2[m[K.imshow("frame", matImage);
[2.649s]       |             [01;31m[K^~~[m[K
[2.649s]       |             [32m[Kcv[m[K
[2.653s] [01m[K/home/stoair/ros2CV/cv_ws/src/topic2/src/Mat2image.hpp:40:13:[m[K [01;31m[Kerror: [m[K‘[01m[Kcv2[m[K’ was not declared in this scope; did you mean ‘[01m[Kcv[m[K’?
[2.654s]    40 |             [01;31m[Kcv2[m[K.imshow("frame", matImage);
[2.654s]       |             [01;31m[K^~~[m[K
[2.654s]       |             [32m[Kcv[m[K
[4.331s] gmake[2]: *** [CMakeFiles/image_pub.dir/build.make:76：CMakeFiles/image_pub.dir/src/image_pub.cpp.o] 错误 1
[4.331s] gmake[1]: *** [CMakeFiles/Makefile2:139：CMakeFiles/image_pub.dir/all] 错误 2
[4.331s] gmake[1]: *** 正在等待未完成的任务....
[4.417s] gmake[2]: *** [CMakeFiles/image_sub.dir/build.make:76：CMakeFiles/image_sub.dir/src/image_sub.cpp.o] 错误 1
[4.417s] gmake[1]: *** [CMakeFiles/Makefile2:165：CMakeFiles/image_sub.dir/all] 错误 2
[4.417s] gmake: *** [Makefile:146：all] 错误 2
[4.419s] Invoked command in '/home/stoair/ros2CV/cv_ws/build/topic2' returned '2': CMAKE_PREFIX_PATH=${CMAKE_PREFIX_PATH}:/home/stoair/dev_ws/install/learning_urdf:/home/stoair/dev_ws/install/learning_topic:/home/stoair/dev_ws/install/learning_tf:/home/stoair/dev_ws/install/learning_service:/home/stoair/dev_ws/install/learning_qos:/home/stoair/dev_ws/install/learning_pkg_python:/home/stoair/dev_ws/install/learning_parameter:/home/stoair/dev_ws/install/learning_node:/home/stoair/dev_ws/install/learning_launch:/home/stoair/dev_ws/install/learning_action:/home/stoair/dev_ws/install/learning_gazebo_fortress:/home/stoair/dev_ws/install/learning_gazebo:/home/stoair/dev_ws/install/learning_cv:/opt/ros/humble CONDA_PROMPT_MODIFIER=(base) /usr/bin/cmake --build /home/stoair/ros2CV/cv_ws/build/topic2 -- -j16 -l16
