[35m[1mConsolidate compiler generated dependencies of target image_pub[0m
[ 20%] [32mBuilding CXX object CMakeFiles/image_pub.dir/src/image_pub.cpp.o[0m
[ 80%] Built target image_sub
[01m[K/home/stoair/ros2CV/cv_ws/src/topic2/src/image_pub.cpp:[m[K In member function â€˜[01m[Kvoid imagePub::timer_callback()[m[Kâ€™:
[01m[K/home/stoair/ros2CV/cv_ws/src/topic2/src/image_pub.cpp:52:108:[m[K [01;31m[Kerror: [m[Kâ€˜[01m[Kjpg[m[Kâ€™ is not a member of â€˜[01m[Kcv_bridge[m[Kâ€™
   52 |             sensor_msgs::msg::CompressedImage img_msg_compressed = img_msg.toCompressedImageMsg(cv_bridge::[01;31m[Kjpg[m[K);
      |                                                                                                            [01;31m[K^~~[m[K
gmake[2]: *** [CMakeFiles/image_pub.dir/build.make:76ï¼šCMakeFiles/image_pub.dir/src/image_pub.cpp.o] é”™è¯¯ 1
gmake[1]: *** [CMakeFiles/Makefile2:139ï¼šCMakeFiles/image_pub.dir/all] é”™è¯¯ 2
gmake: *** [Makefile:146ï¼šall] é”™è¯¯ 2
