[35m[1mConsolidate compiler generated dependencies of target image_pub[0m
[ 60%] Built target image_sub
[ 80%] [32mBuilding CXX object CMakeFiles/image_pub.dir/src/image_pub.cpp.o[0m
[01m[K/home/stoair/ros2CV/cv_ws/src/topic2/src/image_pub.cpp:[m[K In member function â€˜[01m[Kvoid imagePub::timer_callback()[m[Kâ€™:
[01m[K/home/stoair/ros2CV/cv_ws/src/topic2/src/image_pub.cpp:52:127:[m[K [01;31m[Kerror: [m[Kâ€˜[01m[KJPEG[m[Kâ€™ is not a member of â€˜[01m[Ksensor_msgs::image_encodings[m[Kâ€™; did you mean â€˜[01m[Kcv_bridge::JPEG[m[Kâ€™?
   52 |             sensor_msgs::msg::CompressedImage img_msg_compressed = img_msg.toCompressedImageMsg(sensor_msgs::image_encodings::[01;31m[KJPEG[m[K);
      |                                                                                                                               [01;31m[K^~~~[m[K
In file included from [01m[K/home/stoair/ros2CV/cv_ws/src/topic2/src/image_pub.cpp:7[m[K:
[01m[K/opt/ros/humble/include/cv_bridge/cv_bridge/cv_bridge.h:73:8:[m[K [01;36m[Knote: [m[Kâ€˜[01m[Kcv_bridge::JPEG[m[Kâ€™ declared here
   73 |   JPG, [01;36m[KJPEG[m[K, JPE,
      |        [01;36m[K^~~~[m[K
gmake[2]: *** [CMakeFiles/image_pub.dir/build.make:76ï¼šCMakeFiles/image_pub.dir/src/image_pub.cpp.o] é”™è¯¯ 1
gmake[1]: *** [CMakeFiles/Makefile2:139ï¼šCMakeFiles/image_pub.dir/all] é”™è¯¯ 2
gmake: *** [Makefile:146ï¼šall] é”™è¯¯ 2
