[0.009s] Invoking command in '/home/stoair/ros2CV/cv_ws/build/topic2': CMAKE_PREFIX_PATH=${CMAKE_PREFIX_PATH}:/home/stoair/dev_ws/install/learning_urdf:/home/stoair/dev_ws/install/learning_topic:/home/stoair/dev_ws/install/learning_tf:/home/stoair/dev_ws/install/learning_service:/home/stoair/dev_ws/install/learning_qos:/home/stoair/dev_ws/install/learning_pkg_python:/home/stoair/dev_ws/install/learning_parameter:/home/stoair/dev_ws/install/learning_node:/home/stoair/dev_ws/install/learning_launch:/home/stoair/dev_ws/install/learning_action:/home/stoair/dev_ws/install/learning_gazebo_fortress:/home/stoair/dev_ws/install/learning_gazebo:/home/stoair/dev_ws/install/learning_cv:/opt/ros/humble CONDA_PROMPT_MODIFIER=(base) /usr/bin/cmake --build /home/stoair/ros2CV/cv_ws/build/topic2 -- -j16 -l16
[0.053s] -- Found ament_cmake: 1.3.8 (/opt/ros/humble/share/ament_cmake/cmake)
[0.155s] -- Found rclcpp: 16.0.8 (/opt/ros/humble/share/rclcpp/cmake)
[0.171s] -- Found rosidl_generator_c: 3.1.5 (/opt/ros/humble/share/rosidl_generator_c/cmake)
[0.173s] -- Found rosidl_adapter: 3.1.5 (/opt/ros/humble/share/rosidl_adapter/cmake)
[0.177s] -- Found rosidl_generator_cpp: 3.1.5 (/opt/ros/humble/share/rosidl_generator_cpp/cmake)
[0.185s] -- Using all available rosidl_typesupport_c: rosidl_typesupport_fastrtps_c;rosidl_typesupport_introspection_c
[0.196s] -- Using all available rosidl_typesupport_cpp: rosidl_typesupport_fastrtps_cpp;rosidl_typesupport_introspection_cpp
[0.236s] -- Found rmw_implementation_cmake: 6.1.1 (/opt/ros/humble/share/rmw_implementation_cmake/cmake)
[0.238s] -- Found rmw_fastrtps_cpp: 6.2.6 (/opt/ros/humble/share/rmw_fastrtps_cpp/cmake)
[0.332s] -- Using RMW implementation 'rmw_fastrtps_cpp' as default
[0.435s] -- Found cv_bridge: 3.2.1 (/opt/ros/humble/share/cv_bridge/cmake)
[0.523s] -- Found ros2_interfaces: 0.0.0 (/home/stoair/ros2CV/cv_ws/install/ros2_interfaces/share/ros2_interfaces/cmake)
[0.539s] -- Found ament_lint_auto: 0.12.10 (/opt/ros/humble/share/ament_lint_auto/cmake)
[0.612s] -- Added test 'cppcheck' to perform static code analysis on C / C++ code
[0.612s] -- Configured cppcheck include dirs: 
[0.612s] -- Configured cppcheck exclude dirs and/or files: 
[0.612s] -- Added test 'lint_cmake' to check CMake code style
[0.612s] -- Added test 'uncrustify' to check C / C++ code style
[0.612s] -- Configured uncrustify additional arguments: 
[0.613s] -- Added test 'xmllint' to check XML markup files
[0.613s] -- Configuring done
[0.626s] -- Generating done
[0.627s] -- Build files have been written to: /home/stoair/ros2CV/cv_ws/build/topic2
[0.653s] [35m[1mConsolidate compiler generated dependencies of target image_pub[0m
[0.653s] [35m[1mConsolidate compiler generated dependencies of target image_sub[0m
[0.669s] [ 42%] [32mBuilding CXX object CMakeFiles/image_sub.dir/src/image_sub.cpp.o[0m
[0.670s] [ 42%] [32mBuilding CXX object CMakeFiles/image_sub.dir/src/image_base64.cpp.o[0m
[0.670s] [ 71%] Built target image_pub
[1.450s] [01m[K/home/stoair/ros2CV/cv_ws/src/topic2/src/image_base64.cpp:[m[K In static member function â€˜[01m[Kstatic const string ImageBase64::decode(const char*, int, int&)[m[Kâ€™:
[1.450s] [01m[K/home/stoair/ros2CV/cv_ws/src/topic2/src/image_base64.cpp:85:35:[m[K [01;35m[Kwarning: [m[Karray subscript has type â€˜[01m[Kchar[m[Kâ€™ [[01;35m[K]8;;https://gcc.gnu.org/onlinedocs/gcc/Warning-Options.html#index-Wchar-subscripts-Wchar-subscripts]8;;[m[K]
[1.450s]    85 |             n_value = DecodeTable[[01;35m[K*Data++[m[K] << 18;
[1.450s]       |                                   [01;35m[K^~~~~~~[m[K
[1.450s] [01m[K/home/stoair/ros2CV/cv_ws/src/topic2/src/image_base64.cpp:86:36:[m[K [01;35m[Kwarning: [m[Karray subscript has type â€˜[01m[Kchar[m[Kâ€™ [[01;35m[K]8;;https://gcc.gnu.org/onlinedocs/gcc/Warning-Options.html#index-Wchar-subscripts-Wchar-subscripts]8;;[m[K]
[1.450s]    86 |             n_value += DecodeTable[[01;35m[K*Data++[m[K] << 12;
[1.450s]       |                                    [01;35m[K^~~~~~~[m[K
[1.450s] [01m[K/home/stoair/ros2CV/cv_ws/src/topic2/src/image_base64.cpp:91:40:[m[K [01;35m[Kwarning: [m[Karray subscript has type â€˜[01m[Kchar[m[Kâ€™ [[01;35m[K]8;;https://gcc.gnu.org/onlinedocs/gcc/Warning-Options.html#index-Wchar-subscripts-Wchar-subscripts]8;;[m[K]
[1.450s]    91 |                 n_value += DecodeTable[[01;35m[K*Data++[m[K] << 6;
[1.450s]       |                                        [01;35m[K^~~~~~~[m[K
[1.450s] [01m[K/home/stoair/ros2CV/cv_ws/src/topic2/src/image_base64.cpp:96:44:[m[K [01;35m[Kwarning: [m[Karray subscript has type â€˜[01m[Kchar[m[Kâ€™ [[01;35m[K]8;;https://gcc.gnu.org/onlinedocs/gcc/Warning-Options.html#index-Wchar-subscripts-Wchar-subscripts]8;;[m[K]
[1.450s]    96 |                     n_value += DecodeTable[[01;35m[K*Data++[m[K];
[1.451s]       |                                            [01;35m[K^~~~~~~[m[K
[3.159s] [01m[K/home/stoair/ros2CV/cv_ws/src/topic2/src/image_sub.cpp:[m[K In member function â€˜[01m[Kvoid imageSub::image_callback(sensor_msgs::msg::Image_<std::allocator<void> >::SharedPtr)[m[Kâ€™:
[3.159s] [01m[K/home/stoair/ros2CV/cv_ws/src/topic2/src/image_sub.cpp:81:13:[m[K [01;31m[Kerror: [m[Kâ€˜[01m[KBase2Mat[m[Kâ€™ was not declared in this scope
[3.159s]    81 |         if ([01;31m[KBase2Mat[m[K(msg->data, img)) {
[3.159s]       |             [01;31m[K^~~~~~~~[m[K
[3.163s] [01m[K/home/stoair/ros2CV/cv_ws/src/topic2/src/image_sub.cpp:85:28:[m[K [01;31m[Kerror: [m[Kâ€˜[01m[Ksrc[m[Kâ€™ was not declared in this scope
[3.163s]    85 |         img = handle_image([01;31m[Ksrc[m[K, test);
[3.163s]       |                            [01;31m[K^~~[m[K
[4.696s] gmake[2]: *** [CMakeFiles/image_sub.dir/build.make:76ï¼šCMakeFiles/image_sub.dir/src/image_sub.cpp.o] é”™è¯¯ 1
[4.697s] gmake[1]: *** [CMakeFiles/Makefile2:165ï¼šCMakeFiles/image_sub.dir/all] é”™è¯¯ 2
[4.697s] gmake: *** [Makefile:146ï¼šall] é”™è¯¯ 2
[4.700s] Invoked command in '/home/stoair/ros2CV/cv_ws/build/topic2' returned '2': CMAKE_PREFIX_PATH=${CMAKE_PREFIX_PATH}:/home/stoair/dev_ws/install/learning_urdf:/home/stoair/dev_ws/install/learning_topic:/home/stoair/dev_ws/install/learning_tf:/home/stoair/dev_ws/install/learning_service:/home/stoair/dev_ws/install/learning_qos:/home/stoair/dev_ws/install/learning_pkg_python:/home/stoair/dev_ws/install/learning_parameter:/home/stoair/dev_ws/install/learning_node:/home/stoair/dev_ws/install/learning_launch:/home/stoair/dev_ws/install/learning_action:/home/stoair/dev_ws/install/learning_gazebo_fortress:/home/stoair/dev_ws/install/learning_gazebo:/home/stoair/dev_ws/install/learning_cv:/opt/ros/humble CONDA_PROMPT_MODIFIER=(base) /usr/bin/cmake --build /home/stoair/ros2CV/cv_ws/build/topic2 -- -j16 -l16
