[0.010s] Invoking command in '/home/stoair/ros2CV/cv_ws/build/topic': CMAKE_PREFIX_PATH=/home/stoair/ros2CV/cv_ws/install/topic_interfaces:/home/stoair/ros2CV/cv_ws/install/webcam_topic:/home/stoair/learn_ws/install/service:/home/stoair/learn_ws/install/own_service:/home/stoair/learn_ws/install/ros_interfaces:/home/stoair/learn_ws/install/helloworld:/home/stoair/learn_ws/install/hellotopic:/home/stoair/dev_ws/install/learning_topic_cpp:/home/stoair/dev_ws/install/learning_tf_cpp:/home/stoair/dev_ws/install/learning_service_cpp:/home/stoair/dev_ws/install/learning_pkg_c:/home/stoair/dev_ws/install/learning_parameter_cpp:/home/stoair/dev_ws/install/learning_node_cpp:/home/stoair/dev_ws/install/learning_action_cpp:/home/stoair/dev_ws/install/learning_interface:/home/stoair/dev_ws/install/learning_urdf:/home/stoair/dev_ws/install/learning_topic:/home/stoair/dev_ws/install/learning_tf:/home/stoair/dev_ws/install/learning_service:/home/stoair/dev_ws/install/learning_qos:/home/stoair/dev_ws/install/learning_pkg_python:/home/stoair/dev_ws/install/learning_parameter:/home/stoair/dev_ws/install/learning_node:/home/stoair/dev_ws/install/learning_launch:/home/stoair/dev_ws/install/learning_action:/home/stoair/dev_ws/install/learning_gazebo_fortress:/home/stoair/dev_ws/install/learning_gazebo:/home/stoair/dev_ws/install/learning_cv:/opt/ros/humble CONDA_PROMPT_MODIFIER=(base) LD_LIBRARY_PATH=/home/stoair/ros2CV/cv_ws/install/topic_interfaces/lib:/usr/local/cuda-12.1/lib64:/home/stoair/learn_ws/install/ros_interfaces/lib:/home/stoair/dev_ws/install/learning_interface/lib:/opt/ros/humble/opt/rviz_ogre_vendor/lib:/opt/ros/humble/lib/x86_64-linux-gnu:/opt/ros/humble/lib:/usr/local/cuda-12.1/lib64:/usr/local/lib:/usr/local/lib /usr/bin/cmake --build /home/stoair/ros2CV/cv_ws/build/topic -- -j16 -l16
[0.027s] -- Found ament_cmake: 1.3.8 (/opt/ros/humble/share/ament_cmake/cmake)
[0.132s] -- Found rclcpp: 16.0.8 (/opt/ros/humble/share/rclcpp/cmake)
[0.158s] -- Found rosidl_generator_c: 3.1.5 (/opt/ros/humble/share/rosidl_generator_c/cmake)
[0.159s] -- Found rosidl_adapter: 3.1.5 (/opt/ros/humble/share/rosidl_adapter/cmake)
[0.163s] -- Found rosidl_generator_cpp: 3.1.5 (/opt/ros/humble/share/rosidl_generator_cpp/cmake)
[0.170s] -- Using all available rosidl_typesupport_c: rosidl_typesupport_fastrtps_c;rosidl_typesupport_introspection_c
[0.181s] -- Using all available rosidl_typesupport_cpp: rosidl_typesupport_fastrtps_cpp;rosidl_typesupport_introspection_cpp
[0.219s] -- Found rmw_implementation_cmake: 6.1.1 (/opt/ros/humble/share/rmw_implementation_cmake/cmake)
[0.220s] -- Found rmw_fastrtps_cpp: 6.2.6 (/opt/ros/humble/share/rmw_fastrtps_cpp/cmake)
[0.307s] -- Using RMW implementation 'rmw_fastrtps_cpp' as default
[0.424s] -- Found cv_bridge: 3.2.1 (/opt/ros/humble/share/cv_bridge/cmake)
[0.518s] -- Found ament_lint_auto: 0.12.10 (/opt/ros/humble/share/ament_lint_auto/cmake)
[0.596s] -- Added test 'cppcheck' to perform static code analysis on C / C++ code
[0.596s] -- Configured cppcheck include dirs: 
[0.596s] -- Configured cppcheck exclude dirs and/or files: 
[0.596s] -- Added test 'lint_cmake' to check CMake code style
[0.597s] -- Added test 'uncrustify' to check C / C++ code style
[0.597s] -- Configured uncrustify additional arguments: 
[0.597s] -- Added test 'xmllint' to check XML markup files
[0.598s] -- Configuring done
[0.614s] -- Generating done
[0.615s] -- Build files have been written to: /home/stoair/ros2CV/cv_ws/build/topic
[0.643s] [ 25%] [32mBuilding CXX object CMakeFiles/webcam_pub.dir/src/webcam_pub.cpp.o[0m
[0.643s] [ 50%] [32mBuilding CXX object CMakeFiles/webcam_sub.dir/src/webcam_sub.cpp.o[0m
[4.372s] [ 75%] [32m[1mLinking CXX executable webcam_pub[0m
[4.543s] /usr/bin/ld: warning: libopencv_core.so.4.5d, needed by /opt/ros/humble/lib/libcv_bridge.so, may conflict with libopencv_core.so.409
[4.895s] /usr/bin/ld: /lib/libgdal.so.30: undefined reference to `curl_easy_getinfo@CURL_OPENSSL_4'
[4.896s] /usr/bin/ld: /lib/libgdal.so.30: undefined reference to `curl_multi_perform@CURL_OPENSSL_4'
[4.896s] /usr/bin/ld: /lib/libgdal.so.30: undefined reference to `curl_multi_cleanup@CURL_OPENSSL_4'
[4.896s] /usr/bin/ld: /lib/x86_64-linux-gnu/libnetcdf.so.19: undefined reference to `curl_global_init@CURL_OPENSSL_4'
[4.897s] /usr/bin/ld: /lib/libgdal.so.30: undefined reference to `curl_mime_init@CURL_OPENSSL_4'
[4.897s] /usr/bin/ld: /lib/libgdal.so.30: undefined reference to `TIFFReadFromUserBuffer@LIBTIFF_4.0'
[4.898s] /usr/bin/ld: /lib/libgdal.so.30: undefined reference to `TIFFGetStrileOffsetWithErr@LIBTIFF_4.0'
[4.899s] /usr/bin/ld: /lib/libgdal.so.30: undefined reference to `curl_multi_remove_handle@CURL_OPENSSL_4'
[4.899s] /usr/bin/ld: /lib/libgdal.so.30: undefined reference to `curl_mime_addpart@CURL_OPENSSL_4'
[4.900s] /usr/bin/ld: /lib/libgdal.so.30: undefined reference to `curl_version_info@CURL_OPENSSL_4'
[4.900s] /usr/bin/ld: /lib/libgdal.so.30: undefined reference to `curl_mime_name@CURL_OPENSSL_4'
[4.901s] /usr/bin/ld: /lib/libgdal.so.30: undefined reference to `curl_mime_filename@CURL_OPENSSL_4'
[4.901s] /usr/bin/ld: /lib/libgdal.so.30: undefined reference to `curl_multi_info_read@CURL_OPENSSL_4'
[4.902s] /usr/bin/ld: /lib/libgdal.so.30: undefined reference to `curl_easy_setopt@CURL_OPENSSL_4'
[4.902s] /usr/bin/ld: /lib/libgdal.so.30: undefined reference to `TIFFDeferStrileArrayWriting@LIBTIFF_4.0'
[4.903s] /usr/bin/ld: /lib/libgdal.so.30: undefined reference to `TIFFForceStrileArrayWriting@LIBTIFF_4.0'
[4.903s] /usr/bin/ld: /lib/libgdal.so.30: undefined reference to `TIFFReadRGBATileExt@LIBTIFF_4.0'
[4.904s] /usr/bin/ld: /lib/libgdal.so.30: undefined reference to `curl_mime_free@CURL_OPENSSL_4'
[4.904s] /usr/bin/ld: /lib/libgdal.so.30: undefined reference to `curl_easy_cleanup@CURL_OPENSSL_4'
[4.905s] /usr/bin/ld: /lib/libgdal.so.30: undefined reference to `curl_mime_data_cb@CURL_OPENSSL_4'
[4.906s] /usr/bin/ld: /lib/libgdal.so.30: undefined reference to `TIFFReadRGBAStripExt@LIBTIFF_4.0'
[4.906s] /usr/bin/ld: /lib/libgdal.so.30: undefined reference to `curl_easy_perform@CURL_OPENSSL_4'
[4.907s] /usr/bin/ld: /lib/libgdal.so.30: undefined reference to `curl_easy_init@CURL_OPENSSL_4'
[4.907s] /usr/bin/ld: /lib/libgdal.so.30: undefined reference to `curl_multi_add_handle@CURL_OPENSSL_4'
[4.909s] /usr/bin/ld: /lib/libgdal.so.30: undefined reference to `TIFFGetStrileOffset@LIBTIFF_4.0'
[4.909s] /usr/bin/ld: /lib/libgdal.so.30: undefined reference to `TIFFGetStrileByteCount@LIBTIFF_4.0'
[4.910s] /usr/bin/ld: /lib/libgdal.so.30: undefined reference to `curl_slist_free_all@CURL_OPENSSL_4'
[4.910s] /usr/bin/ld: /lib/x86_64-linux-gnu/libnetcdf.so.19: undefined reference to `curl_easy_strerror@CURL_OPENSSL_4'
[4.911s] /usr/bin/ld: /lib/libgdal.so.30: undefined reference to `TIFFGetStrileByteCountWithErr@LIBTIFF_4.0'
[4.911s] /usr/bin/ld: /lib/libgdal.so.30: undefined reference to `curl_slist_append@CURL_OPENSSL_4'
[4.912s] /usr/bin/ld: /lib/libgdal.so.30: undefined reference to `curl_multi_poll@CURL_OPENSSL_4'
[4.912s] /usr/bin/ld: /lib/libgdal.so.30: undefined reference to `curl_version@CURL_OPENSSL_4'
[4.913s] /usr/bin/ld: /lib/libgdal.so.30: undefined reference to `curl_multi_setopt@CURL_OPENSSL_4'
[4.913s] /usr/bin/ld: /lib/libgdal.so.30: undefined reference to `curl_mime_data@CURL_OPENSSL_4'
[4.914s] /usr/bin/ld: /lib/libgdal.so.30: undefined reference to `curl_multi_init@CURL_OPENSSL_4'
[4.914s] /usr/bin/ld: /lib/libgdal.so.30: undefined reference to `curl_multi_wait@CURL_OPENSSL_4'
[4.915s] /usr/bin/ld: /lib/x86_64-linux-gnu/libnetcdf.so.19: undefined reference to `curl_global_cleanup@CURL_OPENSSL_4'
[4.925s] collect2: error: ld returned 1 exit status
[4.926s] gmake[2]: *** [CMakeFiles/webcam_pub.dir/build.make:241Ôºöwebcam_pub] ÈîôËØØ 1
[4.926s] gmake[1]: *** [CMakeFiles/Makefile2:139ÔºöCMakeFiles/webcam_pub.dir/all] ÈîôËØØ 2
[4.926s] gmake[1]: *** Ê≠£Âú®Á≠âÂæÖÊú™ÂÆåÊàêÁöÑ‰ªªÂä°....
[6.425s] [100%] [32m[1mLinking CXX executable webcam_sub[0m
[6.601s] /usr/bin/ld: warning: libopencv_imgproc.so.4.5d, needed by /opt/ros/humble/lib/libcv_bridge.so, may conflict with libopencv_imgproc.so.409
[6.601s] /usr/bin/ld: warning: libopencv_core.so.4.5d, needed by /opt/ros/humble/lib/libcv_bridge.so, may conflict with libopencv_core.so.409
[6.906s] /usr/bin/ld: /lib/libgdal.so.30: undefined reference to `curl_easy_getinfo@CURL_OPENSSL_4'
[6.906s] /usr/bin/ld: /lib/libgdal.so.30: undefined reference to `curl_multi_perform@CURL_OPENSSL_4'
[6.907s] /usr/bin/ld: /lib/libgdal.so.30: undefined reference to `curl_multi_cleanup@CURL_OPENSSL_4'
[6.907s] /usr/bin/ld: /lib/x86_64-linux-gnu/libnetcdf.so.19: undefined reference to `curl_global_init@CURL_OPENSSL_4'
[6.908s] /usr/bin/ld: /lib/libgdal.so.30: undefined reference to `curl_mime_init@CURL_OPENSSL_4'
[6.908s] /usr/bin/ld: /lib/libgdal.so.30: undefined reference to `TIFFReadFromUserBuffer@LIBTIFF_4.0'
[6.909s] /usr/bin/ld: /lib/libgdal.so.30: undefined reference to `TIFFGetStrileOffsetWithErr@LIBTIFF_4.0'
[6.910s] /usr/bin/ld: /lib/libgdal.so.30: undefined reference to `curl_multi_remove_handle@CURL_OPENSSL_4'
[6.911s] /usr/bin/ld: /lib/libgdal.so.30: undefined reference to `curl_mime_addpart@CURL_OPENSSL_4'
[6.911s] /usr/bin/ld: /lib/libgdal.so.30: undefined reference to `curl_version_info@CURL_OPENSSL_4'
[6.912s] /usr/bin/ld: /lib/libgdal.so.30: undefined reference to `curl_mime_name@CURL_OPENSSL_4'
[6.912s] /usr/bin/ld: /lib/libgdal.so.30: undefined reference to `curl_mime_filename@CURL_OPENSSL_4'
[6.913s] /usr/bin/ld: /lib/libgdal.so.30: undefined reference to `curl_multi_info_read@CURL_OPENSSL_4'
[6.913s] /usr/bin/ld: /lib/libgdal.so.30: undefined reference to `curl_easy_setopt@CURL_OPENSSL_4'
[6.914s] /usr/bin/ld: /lib/libgdal.so.30: undefined reference to `TIFFDeferStrileArrayWriting@LIBTIFF_4.0'
[6.914s] /usr/bin/ld: /lib/libgdal.so.30: undefined reference to `TIFFForceStrileArrayWriting@LIBTIFF_4.0'
[6.915s] /usr/bin/ld: /lib/libgdal.so.30: undefined reference to `TIFFReadRGBATileExt@LIBTIFF_4.0'
[6.916s] /usr/bin/ld: /lib/libgdal.so.30: undefined reference to `curl_mime_free@CURL_OPENSSL_4'
[6.916s] /usr/bin/ld: /lib/libgdal.so.30: undefined reference to `curl_easy_cleanup@CURL_OPENSSL_4'
[6.917s] /usr/bin/ld: /lib/libgdal.so.30: undefined reference to `curl_mime_data_cb@CURL_OPENSSL_4'
[6.918s] /usr/bin/ld: /lib/libgdal.so.30: undefined reference to `TIFFReadRGBAStripExt@LIBTIFF_4.0'
[6.919s] /usr/bin/ld: /lib/libgdal.so.30: undefined reference to `curl_easy_perform@CURL_OPENSSL_4'
[6.919s] /usr/bin/ld: /lib/libgdal.so.30: undefined reference to `curl_easy_init@CURL_OPENSSL_4'
[6.920s] /usr/bin/ld: /lib/libgdal.so.30: undefined reference to `curl_multi_add_handle@CURL_OPENSSL_4'
[6.922s] /usr/bin/ld: /lib/libgdal.so.30: undefined reference to `TIFFGetStrileOffset@LIBTIFF_4.0'
[6.922s] /usr/bin/ld: /lib/libgdal.so.30: undefined reference to `TIFFGetStrileByteCount@LIBTIFF_4.0'
[6.923s] /usr/bin/ld: /lib/libgdal.so.30: undefined reference to `curl_slist_free_all@CURL_OPENSSL_4'
[6.924s] /usr/bin/ld: /lib/x86_64-linux-gnu/libnetcdf.so.19: undefined reference to `curl_easy_strerror@CURL_OPENSSL_4'
[6.924s] /usr/bin/ld: /lib/libgdal.so.30: undefined reference to `TIFFGetStrileByteCountWithErr@LIBTIFF_4.0'
[6.925s] /usr/bin/ld: /lib/libgdal.so.30: undefined reference to `curl_slist_append@CURL_OPENSSL_4'
[6.925s] /usr/bin/ld: /lib/libgdal.so.30: undefined reference to `curl_multi_poll@CURL_OPENSSL_4'
[6.926s] /usr/bin/ld: /lib/libgdal.so.30: undefined reference to `curl_version@CURL_OPENSSL_4'
[6.926s] /usr/bin/ld: /lib/libgdal.so.30: undefined reference to `curl_multi_setopt@CURL_OPENSSL_4'
[6.926s] /usr/bin/ld: /lib/libgdal.so.30: undefined reference to `curl_mime_data@CURL_OPENSSL_4'
[6.927s] /usr/bin/ld: /lib/libgdal.so.30: undefined reference to `curl_multi_init@CURL_OPENSSL_4'
[6.928s] /usr/bin/ld: /lib/libgdal.so.30: undefined reference to `curl_multi_wait@CURL_OPENSSL_4'
[6.928s] /usr/bin/ld: /lib/x86_64-linux-gnu/libnetcdf.so.19: undefined reference to `curl_global_cleanup@CURL_OPENSSL_4'
[6.944s] collect2: error: ld returned 1 exit status
[6.945s] gmake[2]: *** [CMakeFiles/webcam_sub.dir/build.make:241Ôºöwebcam_sub] ÈîôËØØ 1
[6.945s] gmake[1]: *** [CMakeFiles/Makefile2:165ÔºöCMakeFiles/webcam_sub.dir/all] ÈîôËØØ 2
[6.945s] gmake: *** [Makefile:146Ôºöall] ÈîôËØØ 2
[6.947s] Invoked command in '/home/stoair/ros2CV/cv_ws/build/topic' returned '2': CMAKE_PREFIX_PATH=/home/stoair/ros2CV/cv_ws/install/topic_interfaces:/home/stoair/ros2CV/cv_ws/install/webcam_topic:/home/stoair/learn_ws/install/service:/home/stoair/learn_ws/install/own_service:/home/stoair/learn_ws/install/ros_interfaces:/home/stoair/learn_ws/install/helloworld:/home/stoair/learn_ws/install/hellotopic:/home/stoair/dev_ws/install/learning_topic_cpp:/home/stoair/dev_ws/install/learning_tf_cpp:/home/stoair/dev_ws/install/learning_service_cpp:/home/stoair/dev_ws/install/learning_pkg_c:/home/stoair/dev_ws/install/learning_parameter_cpp:/home/stoair/dev_ws/install/learning_node_cpp:/home/stoair/dev_ws/install/learning_action_cpp:/home/stoair/dev_ws/install/learning_interface:/home/stoair/dev_ws/install/learning_urdf:/home/stoair/dev_ws/install/learning_topic:/home/stoair/dev_ws/install/learning_tf:/home/stoair/dev_ws/install/learning_service:/home/stoair/dev_ws/install/learning_qos:/home/stoair/dev_ws/install/learning_pkg_python:/home/stoair/dev_ws/install/learning_parameter:/home/stoair/dev_ws/install/learning_node:/home/stoair/dev_ws/install/learning_launch:/home/stoair/dev_ws/install/learning_action:/home/stoair/dev_ws/install/learning_gazebo_fortress:/home/stoair/dev_ws/install/learning_gazebo:/home/stoair/dev_ws/install/learning_cv:/opt/ros/humble CONDA_PROMPT_MODIFIER=(base) LD_LIBRARY_PATH=/home/stoair/ros2CV/cv_ws/install/topic_interfaces/lib:/usr/local/cuda-12.1/lib64:/home/stoair/learn_ws/install/ros_interfaces/lib:/home/stoair/dev_ws/install/learning_interface/lib:/opt/ros/humble/opt/rviz_ogre_vendor/lib:/opt/ros/humble/lib/x86_64-linux-gnu:/opt/ros/humble/lib:/usr/local/cuda-12.1/lib64:/usr/local/lib:/usr/local/lib /usr/bin/cmake --build /home/stoair/ros2CV/cv_ws/build/topic -- -j16 -l16
