[0.017s] Invoking command in '/home/stoair/ros2CV/cv_ws/build/topic': CMAKE_PREFIX_PATH=/home/stoair/ros2CV/cv_ws/install/topic_interfaces:/home/stoair/ros2CV/cv_ws/install/webcam_topic:/home/stoair/learn_ws/install/service:/home/stoair/learn_ws/install/own_service:/home/stoair/learn_ws/install/ros_interfaces:/home/stoair/learn_ws/install/helloworld:/home/stoair/learn_ws/install/hellotopic:/home/stoair/dev_ws/install/learning_topic_cpp:/home/stoair/dev_ws/install/learning_tf_cpp:/home/stoair/dev_ws/install/learning_service_cpp:/home/stoair/dev_ws/install/learning_pkg_c:/home/stoair/dev_ws/install/learning_parameter_cpp:/home/stoair/dev_ws/install/learning_node_cpp:/home/stoair/dev_ws/install/learning_action_cpp:/home/stoair/dev_ws/install/learning_interface:/home/stoair/dev_ws/install/learning_urdf:/home/stoair/dev_ws/install/learning_topic:/home/stoair/dev_ws/install/learning_tf:/home/stoair/dev_ws/install/learning_service:/home/stoair/dev_ws/install/learning_qos:/home/stoair/dev_ws/install/learning_pkg_python:/home/stoair/dev_ws/install/learning_parameter:/home/stoair/dev_ws/install/learning_node:/home/stoair/dev_ws/install/learning_launch:/home/stoair/dev_ws/install/learning_action:/home/stoair/dev_ws/install/learning_gazebo_fortress:/home/stoair/dev_ws/install/learning_gazebo:/home/stoair/dev_ws/install/learning_cv:/opt/ros/humble LD_LIBRARY_PATH=/home/stoair/ros2CV/cv_ws/install/topic_interfaces/lib:/usr/local/cuda-12.1/lib64:/home/stoair/learn_ws/install/ros_interfaces/lib:/home/stoair/dev_ws/install/learning_interface/lib:/opt/ros/humble/opt/rviz_ogre_vendor/lib:/opt/ros/humble/lib/x86_64-linux-gnu:/opt/ros/humble/lib:/usr/local/cuda-12.1/lib64:/usr/local/lib:/usr/local/lib /usr/bin/cmake --build /home/stoair/ros2CV/cv_ws/build/topic -- -j16 -l16
[0.038s] -- Found ament_cmake: 1.3.8 (/opt/ros/humble/share/ament_cmake/cmake)
[0.142s] -- Found rclcpp: 16.0.8 (/opt/ros/humble/share/rclcpp/cmake)
[0.162s] -- Found rosidl_generator_c: 3.1.5 (/opt/ros/humble/share/rosidl_generator_c/cmake)
[0.163s] -- Found rosidl_adapter: 3.1.5 (/opt/ros/humble/share/rosidl_adapter/cmake)
[0.167s] -- Found rosidl_generator_cpp: 3.1.5 (/opt/ros/humble/share/rosidl_generator_cpp/cmake)
[0.174s] -- Using all available rosidl_typesupport_c: rosidl_typesupport_fastrtps_c;rosidl_typesupport_introspection_c
[0.185s] -- Using all available rosidl_typesupport_cpp: rosidl_typesupport_fastrtps_cpp;rosidl_typesupport_introspection_cpp
[0.227s] -- Found rmw_implementation_cmake: 6.1.1 (/opt/ros/humble/share/rmw_implementation_cmake/cmake)
[0.229s] -- Found rmw_fastrtps_cpp: 6.2.6 (/opt/ros/humble/share/rmw_fastrtps_cpp/cmake)
[0.313s] -- Using RMW implementation 'rmw_fastrtps_cpp' as default
[0.430s] -- Found cv_bridge: 3.2.1 (/opt/ros/humble/share/cv_bridge/cmake)
[0.582s] -- Found CURL: /usr/lib/x86_64-linux-gnu/libcurl.so (found version "7.81.0")  
[0.593s] -- Found ament_lint_auto: 0.12.10 (/opt/ros/humble/share/ament_lint_auto/cmake)
[0.662s] -- Added test 'cppcheck' to perform static code analysis on C / C++ code
[0.662s] -- Configured cppcheck include dirs: 
[0.662s] -- Configured cppcheck exclude dirs and/or files: 
[0.662s] -- Added test 'lint_cmake' to check CMake code style
[0.663s] -- Added test 'uncrustify' to check C / C++ code style
[0.663s] -- Configured uncrustify additional arguments: 
[0.663s] -- Added test 'xmllint' to check XML markup files
[0.663s] -- Configuring done
[0.677s] -- Generating done
[0.678s] -- Build files have been written to: /home/stoair/ros2CV/cv_ws/build/topic
[0.696s] [35m[1mConsolidate compiler generated dependencies of target webcam_sub[0m
[0.696s] [35m[1mConsolidate compiler generated dependencies of target webcam_pub[0m
[0.710s] [ 50%] [32m[1mLinking CXX executable webcam_sub[0m
[0.710s] [ 50%] [32m[1mLinking CXX executable webcam_pub[0m
[0.818s] /usr/bin/ld: warning: libopencv_core.so.4.5d, needed by /opt/ros/humble/lib/libcv_bridge.so, may conflict with libopencv_core.so.409
[0.872s] /usr/bin/ld: warning: libopencv_imgproc.so.4.5d, needed by /opt/ros/humble/lib/libcv_bridge.so, may conflict with libopencv_imgproc.so.409
[0.872s] /usr/bin/ld: warning: libopencv_core.so.4.5d, needed by /opt/ros/humble/lib/libcv_bridge.so, may conflict with libopencv_core.so.409
[1.064s] /usr/bin/ld: /lib/libgdal.so.30: undefined reference to `curl_easy_getinfo@CURL_OPENSSL_4'
[1.065s] /usr/bin/ld: /lib/libgdal.so.30: undefined reference to `curl_multi_perform@CURL_OPENSSL_4'
[1.065s] /usr/bin/ld: /lib/libgdal.so.30: undefined reference to `curl_multi_cleanup@CURL_OPENSSL_4'
[1.065s] /usr/bin/ld: /lib/x86_64-linux-gnu/libnetcdf.so.19: undefined reference to `curl_global_init@CURL_OPENSSL_4'
[1.066s] /usr/bin/ld: /lib/libgdal.so.30: undefined reference to `curl_mime_init@CURL_OPENSSL_4'
[1.066s] /usr/bin/ld: /lib/libgdal.so.30: undefined reference to `TIFFReadFromUserBuffer@LIBTIFF_4.0'
[1.068s] /usr/bin/ld: /lib/libgdal.so.30: undefined reference to `TIFFGetStrileOffsetWithErr@LIBTIFF_4.0'
[1.068s] /usr/bin/ld: /lib/libgdal.so.30: undefined reference to `curl_multi_remove_handle@CURL_OPENSSL_4'
[1.069s] /usr/bin/ld: /lib/libgdal.so.30: undefined reference to `curl_mime_addpart@CURL_OPENSSL_4'
[1.069s] /usr/bin/ld: /lib/libgdal.so.30: undefined reference to `curl_version_info@CURL_OPENSSL_4'
[1.070s] /usr/bin/ld: /lib/libgdal.so.30: undefined reference to `curl_mime_name@CURL_OPENSSL_4'
[1.070s] /usr/bin/ld: /lib/libgdal.so.30: undefined reference to `curl_mime_filename@CURL_OPENSSL_4'
[1.071s] /usr/bin/ld: /lib/libgdal.so.30: undefined reference to `curl_multi_info_read@CURL_OPENSSL_4'
[1.071s] /usr/bin/ld: /lib/libgdal.so.30: undefined reference to `curl_easy_setopt@CURL_OPENSSL_4'
[1.072s] /usr/bin/ld: /lib/libgdal.so.30: undefined reference to `TIFFDeferStrileArrayWriting@LIBTIFF_4.0'
[1.072s] /usr/bin/ld: /lib/libgdal.so.30: undefined reference to `TIFFForceStrileArrayWriting@LIBTIFF_4.0'
[1.073s] /usr/bin/ld: /lib/libgdal.so.30: undefined reference to `TIFFReadRGBATileExt@LIBTIFF_4.0'
[1.073s] /usr/bin/ld: /lib/libgdal.so.30: undefined reference to `curl_mime_free@CURL_OPENSSL_4'
[1.074s] /usr/bin/ld: /lib/libgdal.so.30: undefined reference to `curl_easy_cleanup@CURL_OPENSSL_4'
[1.074s] /usr/bin/ld: /lib/libgdal.so.30: undefined reference to `curl_mime_data_cb@CURL_OPENSSL_4'
[1.075s] /usr/bin/ld: /lib/libgdal.so.30: undefined reference to `TIFFReadRGBAStripExt@LIBTIFF_4.0'
[1.076s] /usr/bin/ld: /lib/libgdal.so.30: undefined reference to `curl_easy_perform@CURL_OPENSSL_4'
[1.076s] /usr/bin/ld: /lib/libgdal.so.30: undefined reference to `curl_easy_init@CURL_OPENSSL_4'
[1.077s] /usr/bin/ld: /lib/libgdal.so.30: undefined reference to `curl_multi_add_handle@CURL_OPENSSL_4'
[1.078s] /usr/bin/ld: /lib/libgdal.so.30: undefined reference to `TIFFGetStrileOffset@LIBTIFF_4.0'
[1.079s] /usr/bin/ld: /lib/libgdal.so.30: undefined reference to `TIFFGetStrileByteCount@LIBTIFF_4.0'
[1.079s] /usr/bin/ld: /lib/libgdal.so.30: undefined reference to `curl_slist_free_all@CURL_OPENSSL_4'
[1.080s] /usr/bin/ld: /lib/x86_64-linux-gnu/libnetcdf.so.19: undefined reference to `curl_easy_strerror@CURL_OPENSSL_4'
[1.080s] /usr/bin/ld: /lib/libgdal.so.30: undefined reference to `TIFFGetStrileByteCountWithErr@LIBTIFF_4.0'
[1.081s] /usr/bin/ld: /lib/libgdal.so.30: undefined reference to `curl_slist_append@CURL_OPENSSL_4'
[1.081s] /usr/bin/ld: /lib/libgdal.so.30: undefined reference to `curl_multi_poll@CURL_OPENSSL_4'
[1.082s] /usr/bin/ld: /lib/libgdal.so.30: undefined reference to `curl_version@CURL_OPENSSL_4'
[1.082s] /usr/bin/ld: /lib/libgdal.so.30: undefined reference to `curl_multi_setopt@CURL_OPENSSL_4'
[1.083s] /usr/bin/ld: /lib/libgdal.so.30: undefined reference to `curl_mime_data@CURL_OPENSSL_4'
[1.083s] /usr/bin/ld: /lib/libgdal.so.30: undefined reference to `curl_multi_init@CURL_OPENSSL_4'
[1.084s] /usr/bin/ld: /lib/libgdal.so.30: undefined reference to `curl_multi_wait@CURL_OPENSSL_4'
[1.084s] /usr/bin/ld: /lib/x86_64-linux-gnu/libnetcdf.so.19: undefined reference to `curl_global_cleanup@CURL_OPENSSL_4'
[1.095s] collect2: error: ld returned 1 exit status
[1.096s] gmake[2]: *** [CMakeFiles/webcam_pub.dir/build.make:241Ôºöwebcam_pub] ÈîôËØØ 1
[1.097s] gmake[1]: *** [CMakeFiles/Makefile2:139ÔºöCMakeFiles/webcam_pub.dir/all] ÈîôËØØ 2
[1.097s] gmake[1]: *** Ê≠£Âú®Á≠âÂæÖÊú™ÂÆåÊàêÁöÑ‰ªªÂä°....
[1.172s] /usr/bin/ld: /lib/libgdal.so.30: undefined reference to `curl_easy_getinfo@CURL_OPENSSL_4'
[1.173s] /usr/bin/ld: /lib/libgdal.so.30: undefined reference to `curl_multi_perform@CURL_OPENSSL_4'
[1.173s] /usr/bin/ld: /lib/libgdal.so.30: undefined reference to `curl_multi_cleanup@CURL_OPENSSL_4'
[1.173s] /usr/bin/ld: /lib/x86_64-linux-gnu/libnetcdf.so.19: undefined reference to `curl_global_init@CURL_OPENSSL_4'
[1.174s] /usr/bin/ld: /lib/libgdal.so.30: undefined reference to `curl_mime_init@CURL_OPENSSL_4'
[1.174s] /usr/bin/ld: /lib/libgdal.so.30: undefined reference to `TIFFReadFromUserBuffer@LIBTIFF_4.0'
[1.176s] /usr/bin/ld: /lib/libgdal.so.30: undefined reference to `TIFFGetStrileOffsetWithErr@LIBTIFF_4.0'
[1.176s] /usr/bin/ld: /lib/libgdal.so.30: undefined reference to `curl_multi_remove_handle@CURL_OPENSSL_4'
[1.177s] /usr/bin/ld: /lib/libgdal.so.30: undefined reference to `curl_mime_addpart@CURL_OPENSSL_4'
[1.177s] /usr/bin/ld: /lib/libgdal.so.30: undefined reference to `curl_version_info@CURL_OPENSSL_4'
[1.178s] /usr/bin/ld: /lib/libgdal.so.30: undefined reference to `curl_mime_name@CURL_OPENSSL_4'
[1.178s] /usr/bin/ld: /lib/libgdal.so.30: undefined reference to `curl_mime_filename@CURL_OPENSSL_4'
[1.179s] /usr/bin/ld: /lib/libgdal.so.30: undefined reference to `curl_multi_info_read@CURL_OPENSSL_4'
[1.179s] /usr/bin/ld: /lib/libgdal.so.30: undefined reference to `curl_easy_setopt@CURL_OPENSSL_4'
[1.180s] /usr/bin/ld: /lib/libgdal.so.30: undefined reference to `TIFFDeferStrileArrayWriting@LIBTIFF_4.0'
[1.180s] /usr/bin/ld: /lib/libgdal.so.30: undefined reference to `TIFFForceStrileArrayWriting@LIBTIFF_4.0'
[1.181s] /usr/bin/ld: /lib/libgdal.so.30: undefined reference to `TIFFReadRGBATileExt@LIBTIFF_4.0'
[1.182s] /usr/bin/ld: /lib/libgdal.so.30: undefined reference to `curl_mime_free@CURL_OPENSSL_4'
[1.182s] /usr/bin/ld: /lib/libgdal.so.30: undefined reference to `curl_easy_cleanup@CURL_OPENSSL_4'
[1.183s] /usr/bin/ld: /lib/libgdal.so.30: undefined reference to `curl_mime_data_cb@CURL_OPENSSL_4'
[1.184s] /usr/bin/ld: /lib/libgdal.so.30: undefined reference to `TIFFReadRGBAStripExt@LIBTIFF_4.0'
[1.184s] /usr/bin/ld: /lib/libgdal.so.30: undefined reference to `curl_easy_perform@CURL_OPENSSL_4'
[1.185s] /usr/bin/ld: /lib/libgdal.so.30: undefined reference to `curl_easy_init@CURL_OPENSSL_4'
[1.186s] /usr/bin/ld: /lib/libgdal.so.30: undefined reference to `curl_multi_add_handle@CURL_OPENSSL_4'
[1.188s] /usr/bin/ld: /lib/libgdal.so.30: undefined reference to `TIFFGetStrileOffset@LIBTIFF_4.0'
[1.188s] /usr/bin/ld: /lib/libgdal.so.30: undefined reference to `TIFFGetStrileByteCount@LIBTIFF_4.0'
[1.189s] /usr/bin/ld: /lib/libgdal.so.30: undefined reference to `curl_slist_free_all@CURL_OPENSSL_4'
[1.189s] /usr/bin/ld: /lib/x86_64-linux-gnu/libnetcdf.so.19: undefined reference to `curl_easy_strerror@CURL_OPENSSL_4'
[1.190s] /usr/bin/ld: /lib/libgdal.so.30: undefined reference to `TIFFGetStrileByteCountWithErr@LIBTIFF_4.0'
[1.191s] /usr/bin/ld: /lib/libgdal.so.30: undefined reference to `curl_slist_append@CURL_OPENSSL_4'
[1.191s] /usr/bin/ld: /lib/libgdal.so.30: undefined reference to `curl_multi_poll@CURL_OPENSSL_4'
[1.192s] /usr/bin/ld: /lib/libgdal.so.30: undefined reference to `curl_version@CURL_OPENSSL_4'
[1.192s] /usr/bin/ld: /lib/libgdal.so.30: undefined reference to `curl_multi_setopt@CURL_OPENSSL_4'
[1.192s] /usr/bin/ld: /lib/libgdal.so.30: undefined reference to `curl_mime_data@CURL_OPENSSL_4'
[1.193s] /usr/bin/ld: /lib/libgdal.so.30: undefined reference to `curl_multi_init@CURL_OPENSSL_4'
[1.194s] /usr/bin/ld: /lib/libgdal.so.30: undefined reference to `curl_multi_wait@CURL_OPENSSL_4'
[1.194s] /usr/bin/ld: /lib/x86_64-linux-gnu/libnetcdf.so.19: undefined reference to `curl_global_cleanup@CURL_OPENSSL_4'
[1.209s] collect2: error: ld returned 1 exit status
[1.211s] gmake[2]: *** [CMakeFiles/webcam_sub.dir/build.make:241Ôºöwebcam_sub] ÈîôËØØ 1
[1.211s] gmake[1]: *** [CMakeFiles/Makefile2:165ÔºöCMakeFiles/webcam_sub.dir/all] ÈîôËØØ 2
[1.211s] gmake: *** [Makefile:146Ôºöall] ÈîôËØØ 2
[1.213s] Invoked command in '/home/stoair/ros2CV/cv_ws/build/topic' returned '2': CMAKE_PREFIX_PATH=/home/stoair/ros2CV/cv_ws/install/topic_interfaces:/home/stoair/ros2CV/cv_ws/install/webcam_topic:/home/stoair/learn_ws/install/service:/home/stoair/learn_ws/install/own_service:/home/stoair/learn_ws/install/ros_interfaces:/home/stoair/learn_ws/install/helloworld:/home/stoair/learn_ws/install/hellotopic:/home/stoair/dev_ws/install/learning_topic_cpp:/home/stoair/dev_ws/install/learning_tf_cpp:/home/stoair/dev_ws/install/learning_service_cpp:/home/stoair/dev_ws/install/learning_pkg_c:/home/stoair/dev_ws/install/learning_parameter_cpp:/home/stoair/dev_ws/install/learning_node_cpp:/home/stoair/dev_ws/install/learning_action_cpp:/home/stoair/dev_ws/install/learning_interface:/home/stoair/dev_ws/install/learning_urdf:/home/stoair/dev_ws/install/learning_topic:/home/stoair/dev_ws/install/learning_tf:/home/stoair/dev_ws/install/learning_service:/home/stoair/dev_ws/install/learning_qos:/home/stoair/dev_ws/install/learning_pkg_python:/home/stoair/dev_ws/install/learning_parameter:/home/stoair/dev_ws/install/learning_node:/home/stoair/dev_ws/install/learning_launch:/home/stoair/dev_ws/install/learning_action:/home/stoair/dev_ws/install/learning_gazebo_fortress:/home/stoair/dev_ws/install/learning_gazebo:/home/stoair/dev_ws/install/learning_cv:/opt/ros/humble LD_LIBRARY_PATH=/home/stoair/ros2CV/cv_ws/install/topic_interfaces/lib:/usr/local/cuda-12.1/lib64:/home/stoair/learn_ws/install/ros_interfaces/lib:/home/stoair/dev_ws/install/learning_interface/lib:/opt/ros/humble/opt/rviz_ogre_vendor/lib:/opt/ros/humble/lib/x86_64-linux-gnu:/opt/ros/humble/lib:/usr/local/cuda-12.1/lib64:/usr/local/lib:/usr/local/lib /usr/bin/cmake --build /home/stoair/ros2CV/cv_ws/build/topic -- -j16 -l16
