[35m[1mConsolidate compiler generated dependencies of target image_sub[0m
[ 40%] Built target image_pub
[ 60%] [32mBuilding CXX object CMakeFiles/image_sub.dir/src/image_sub.cpp.o[0m
[01m[K/home/stoair/ros2CV/cv_ws/src/topic2/src/image_sub.cpp:74:56:[m[K [01;35m[Kwarning: [m[Kmulti-character character constant [[01;35m[K]8;;https://gcc.gnu.org/onlinedocs/gcc/Warning-Options.html#index-Wmultichar-Wmultichar]8;;[m[K]
   74 |         Mat img = np.asarray(bridge.imgmsg_to_cv2(msg, [01;35m[K'8UC1'[m[K))
      |                                                        [01;35m[K^~~~~~[m[K
[01m[K/home/stoair/ros2CV/cv_ws/src/topic2/src/image_sub.cpp:[m[K In member function â€˜[01m[Kvoid imageSub::image_callback(sensor_msgs::msg::Image_<std::allocator<void> >::SharedPtr)[m[Kâ€™:
[01m[K/home/stoair/ros2CV/cv_ws/src/topic2/src/image_sub.cpp:74:19:[m[K [01;31m[Kerror: [m[Kâ€˜[01m[Knp[m[Kâ€™ was not declared in this scope
   74 |         Mat img = [01;31m[Knp[m[K.asarray(bridge.imgmsg_to_cv2(msg, '8UC1'))
      |                   [01;31m[K^~[m[K
[01m[K/home/stoair/ros2CV/cv_ws/src/topic2/src/image_sub.cpp:74:30:[m[K [01;31m[Kerror: [m[Kâ€˜[01m[Kbridge[m[Kâ€™ was not declared in this scope
   74 |         Mat img = np.asarray([01;31m[Kbridge[m[K.imgmsg_to_cv2(msg, '8UC1'))
      |                              [01;31m[K^~~~~~[m[K
gmake[2]: *** [CMakeFiles/image_sub.dir/build.make:76ï¼šCMakeFiles/image_sub.dir/src/image_sub.cpp.o] é”™è¯¯ 1
gmake[1]: *** [CMakeFiles/Makefile2:165ï¼šCMakeFiles/image_sub.dir/all] é”™è¯¯ 2
gmake: *** [Makefile:146ï¼šall] é”™è¯¯ 2
