[0.010s] Invoking command in '/home/stoair/ros2CV/cv_ws/build/topic2': CMAKE_PREFIX_PATH=${CMAKE_PREFIX_PATH}:/home/stoair/dev_ws/install/learning_urdf:/home/stoair/dev_ws/install/learning_topic:/home/stoair/dev_ws/install/learning_tf:/home/stoair/dev_ws/install/learning_service:/home/stoair/dev_ws/install/learning_qos:/home/stoair/dev_ws/install/learning_pkg_python:/home/stoair/dev_ws/install/learning_parameter:/home/stoair/dev_ws/install/learning_node:/home/stoair/dev_ws/install/learning_launch:/home/stoair/dev_ws/install/learning_action:/home/stoair/dev_ws/install/learning_gazebo_fortress:/home/stoair/dev_ws/install/learning_gazebo:/home/stoair/dev_ws/install/learning_cv:/opt/ros/humble CONDA_PROMPT_MODIFIER=(base) /usr/bin/cmake --build /home/stoair/ros2CV/cv_ws/build/topic2 -- -j16 -l16
[0.047s] [35m[1mConsolidate compiler generated dependencies of target image_sub[0m
[0.057s] [ 40%] Built target image_pub
[0.066s] [ 60%] [32mBuilding CXX object CMakeFiles/image_sub.dir/src/image_sub.cpp.o[0m
[0.369s] [01m[K/home/stoair/ros2CV/cv_ws/src/topic2/src/image_sub.cpp:74:56:[m[K [01;35m[Kwarning: [m[Kmulti-character character constant [[01;35m[K]8;;https://gcc.gnu.org/onlinedocs/gcc/Warning-Options.html#index-Wmultichar-Wmultichar]8;;[m[K]
[0.369s]    74 |         Mat img = np.asarray(bridge.imgmsg_to_cv2(msg, [01;35m[K'8UC1'[m[K))
[0.370s]       |                                                        [01;35m[K^~~~~~[m[K
[3.376s] [01m[K/home/stoair/ros2CV/cv_ws/src/topic2/src/image_sub.cpp:[m[K In member function â€˜[01m[Kvoid imageSub::image_callback(sensor_msgs::msg::Image_<std::allocator<void> >::SharedPtr)[m[Kâ€™:
[3.376s] [01m[K/home/stoair/ros2CV/cv_ws/src/topic2/src/image_sub.cpp:74:19:[m[K [01;31m[Kerror: [m[Kâ€˜[01m[Knp[m[Kâ€™ was not declared in this scope
[3.376s]    74 |         Mat img = [01;31m[Knp[m[K.asarray(bridge.imgmsg_to_cv2(msg, '8UC1'))
[3.376s]       |                   [01;31m[K^~[m[K
[3.383s] [01m[K/home/stoair/ros2CV/cv_ws/src/topic2/src/image_sub.cpp:74:30:[m[K [01;31m[Kerror: [m[Kâ€˜[01m[Kbridge[m[Kâ€™ was not declared in this scope
[3.383s]    74 |         Mat img = np.asarray([01;31m[Kbridge[m[K.imgmsg_to_cv2(msg, '8UC1'))
[3.383s]       |                              [01;31m[K^~~~~~[m[K
[5.482s] gmake[2]: *** [CMakeFiles/image_sub.dir/build.make:76ï¼šCMakeFiles/image_sub.dir/src/image_sub.cpp.o] é”™è¯¯ 1
[5.482s] gmake[1]: *** [CMakeFiles/Makefile2:165ï¼šCMakeFiles/image_sub.dir/all] é”™è¯¯ 2
[5.482s] gmake: *** [Makefile:146ï¼šall] é”™è¯¯ 2
[5.484s] Invoked command in '/home/stoair/ros2CV/cv_ws/build/topic2' returned '2': CMAKE_PREFIX_PATH=${CMAKE_PREFIX_PATH}:/home/stoair/dev_ws/install/learning_urdf:/home/stoair/dev_ws/install/learning_topic:/home/stoair/dev_ws/install/learning_tf:/home/stoair/dev_ws/install/learning_service:/home/stoair/dev_ws/install/learning_qos:/home/stoair/dev_ws/install/learning_pkg_python:/home/stoair/dev_ws/install/learning_parameter:/home/stoair/dev_ws/install/learning_node:/home/stoair/dev_ws/install/learning_launch:/home/stoair/dev_ws/install/learning_action:/home/stoair/dev_ws/install/learning_gazebo_fortress:/home/stoair/dev_ws/install/learning_gazebo:/home/stoair/dev_ws/install/learning_cv:/opt/ros/humble CONDA_PROMPT_MODIFIER=(base) /usr/bin/cmake --build /home/stoair/ros2CV/cv_ws/build/topic2 -- -j16 -l16
