[0.009s] Invoking command in '/home/stoair/ros2CV/cv_ws/build/topic2': CMAKE_PREFIX_PATH=${CMAKE_PREFIX_PATH}:/home/stoair/dev_ws/install/learning_urdf:/home/stoair/dev_ws/install/learning_topic:/home/stoair/dev_ws/install/learning_tf:/home/stoair/dev_ws/install/learning_service:/home/stoair/dev_ws/install/learning_qos:/home/stoair/dev_ws/install/learning_pkg_python:/home/stoair/dev_ws/install/learning_parameter:/home/stoair/dev_ws/install/learning_node:/home/stoair/dev_ws/install/learning_launch:/home/stoair/dev_ws/install/learning_action:/home/stoair/dev_ws/install/learning_gazebo_fortress:/home/stoair/dev_ws/install/learning_gazebo:/home/stoair/dev_ws/install/learning_cv:/opt/ros/humble CONDA_PROMPT_MODIFIER=(base) /usr/bin/cmake --build /home/stoair/ros2CV/cv_ws/build/topic2 -- -j16 -l16
[0.043s] [35m[1mConsolidate compiler generated dependencies of target image_sub[0m
[0.056s] [ 40%] Built target image_pub
[0.060s] [ 60%] [32mBuilding CXX object CMakeFiles/image_sub.dir/src/image_sub.cpp.o[0m
[2.739s] [01m[K/home/stoair/ros2CV/cv_ws/src/topic2/src/image_sub.cpp:[m[K In member function â€˜[01m[Kvoid imageSub::image_callback(sensor_msgs::msg::Image_<std::allocator<void> >::SharedPtr)[m[Kâ€™:
[2.739s] [01m[K/home/stoair/ros2CV/cv_ws/src/topic2/src/image_sub.cpp:76:95:[m[K [01;31m[Kerror: [m[Kâ€˜[01m[KJPEG[m[Kâ€™ is not a member of â€˜[01m[Ksensor_msgs::image_encodings[m[Kâ€™; did you mean â€˜[01m[Kcv_bridge::JPEG[m[Kâ€™?
[2.739s]    76 |         cv_bridge::CvImagePtr cv_ptr = cv_bridge::toCvCopy(msg, sensor_msgs::image_encodings::[01;31m[KJPEG[m[K);
[2.739s]       |                                                                                               [01;31m[K^~~~[m[K
[2.739s] In file included from [01m[K/home/stoair/ros2CV/cv_ws/src/topic2/src/image_sub.cpp:7[m[K:
[2.739s] [01m[K/opt/ros/humble/include/cv_bridge/cv_bridge/cv_bridge.h:73:8:[m[K [01;36m[Knote: [m[Kâ€˜[01m[Kcv_bridge::JPEG[m[Kâ€™ declared here
[2.739s]    73 |   JPG, [01;36m[KJPEG[m[K, JPE,
[2.740s]       |        [01;36m[K^~~~[m[K
[4.474s] gmake[2]: *** [CMakeFiles/image_sub.dir/build.make:76ï¼šCMakeFiles/image_sub.dir/src/image_sub.cpp.o] é”™è¯¯ 1
[4.474s] gmake[1]: *** [CMakeFiles/Makefile2:165ï¼šCMakeFiles/image_sub.dir/all] é”™è¯¯ 2
[4.474s] gmake: *** [Makefile:146ï¼šall] é”™è¯¯ 2
[4.478s] Invoked command in '/home/stoair/ros2CV/cv_ws/build/topic2' returned '2': CMAKE_PREFIX_PATH=${CMAKE_PREFIX_PATH}:/home/stoair/dev_ws/install/learning_urdf:/home/stoair/dev_ws/install/learning_topic:/home/stoair/dev_ws/install/learning_tf:/home/stoair/dev_ws/install/learning_service:/home/stoair/dev_ws/install/learning_qos:/home/stoair/dev_ws/install/learning_pkg_python:/home/stoair/dev_ws/install/learning_parameter:/home/stoair/dev_ws/install/learning_node:/home/stoair/dev_ws/install/learning_launch:/home/stoair/dev_ws/install/learning_action:/home/stoair/dev_ws/install/learning_gazebo_fortress:/home/stoair/dev_ws/install/learning_gazebo:/home/stoair/dev_ws/install/learning_cv:/opt/ros/humble CONDA_PROMPT_MODIFIER=(base) /usr/bin/cmake --build /home/stoair/ros2CV/cv_ws/build/topic2 -- -j16 -l16
