[0.009s] Invoking command in '/home/stoair/ros2CV/cv_ws/build/topic2': CMAKE_PREFIX_PATH=${CMAKE_PREFIX_PATH}:/home/stoair/dev_ws/install/learning_urdf:/home/stoair/dev_ws/install/learning_topic:/home/stoair/dev_ws/install/learning_tf:/home/stoair/dev_ws/install/learning_service:/home/stoair/dev_ws/install/learning_qos:/home/stoair/dev_ws/install/learning_pkg_python:/home/stoair/dev_ws/install/learning_parameter:/home/stoair/dev_ws/install/learning_node:/home/stoair/dev_ws/install/learning_launch:/home/stoair/dev_ws/install/learning_action:/home/stoair/dev_ws/install/learning_gazebo_fortress:/home/stoair/dev_ws/install/learning_gazebo:/home/stoair/dev_ws/install/learning_cv:/opt/ros/humble CONDA_PROMPT_MODIFIER=(base) /usr/bin/cmake --build /home/stoair/ros2CV/cv_ws/build/topic2 -- -j16 -l16
[0.050s] [35m[1mConsolidate compiler generated dependencies of target image_pub[0m
[0.061s] [ 60%] Built target image_sub
[0.069s] [ 80%] [32mBuilding CXX object CMakeFiles/image_pub.dir/src/image_pub.cpp.o[0m
[2.739s] [01m[K/home/stoair/ros2CV/cv_ws/src/topic2/src/image_pub.cpp:[m[K In member function ‚Äò[01m[Kvoid imagePub::timer_callback()[m[K‚Äô:
[2.739s] [01m[K/home/stoair/ros2CV/cv_ws/src/topic2/src/image_pub.cpp:69:51:[m[K [01;31m[Kerror: [m[Kinvalid initialization of reference of type ‚Äò[01m[Kstd::vector<unsigned char>&[m[K‚Äô from expression of type ‚Äò[01m[Kstd::vector<int>[m[K‚Äô
[2.739s]    69 |         bool result = cv::imencode(".jpg", frame, [01;31m[Kencode_param[m[K, &encimg); // Ê≠£Á°Æ‰º†ÈÄíÂèÇÊï∞
[2.739s]       |                                                   [01;31m[K^~~~~~~~~~~~[m[K
[2.739s] In file included from [01m[K/usr/local/include/opencv4/opencv2/highgui.hpp:48[m[K,
[2.739s]                  from [01m[K/usr/local/include/opencv4/opencv2/opencv.hpp:68[m[K,
[2.740s]                  from [01m[K/home/stoair/ros2CV/cv_ws/src/topic2/src/global.hpp:6[m[K,
[2.740s]                  from [01m[K/home/stoair/ros2CV/cv_ws/src/topic2/src/image_pub.cpp:1[m[K:
[2.740s] [01m[K/usr/local/include/opencv4/opencv2/imgcodecs.hpp:356:56:[m[K [01;36m[Knote: [m[Kin passing argument 3 of ‚Äò[01m[Kbool cv::imencode(const String&, cv::InputArray, std::vector<unsigned char>&, const std::vector<int>&)[m[K‚Äô
[2.740s]   356 |                             CV_OUT [01;36m[Kstd::vector<uchar>& buf[m[K,
[2.740s]       |                                    [01;36m[K~~~~~~~~~~~~~~~~~~~~^~~[m[K
[4.424s] gmake[2]: *** [CMakeFiles/image_pub.dir/build.make:76ÔºöCMakeFiles/image_pub.dir/src/image_pub.cpp.o] ÈîôËØØ 1
[4.424s] gmake[1]: *** [CMakeFiles/Makefile2:139ÔºöCMakeFiles/image_pub.dir/all] ÈîôËØØ 2
[4.424s] gmake: *** [Makefile:146Ôºöall] ÈîôËØØ 2
[4.426s] Invoked command in '/home/stoair/ros2CV/cv_ws/build/topic2' returned '2': CMAKE_PREFIX_PATH=${CMAKE_PREFIX_PATH}:/home/stoair/dev_ws/install/learning_urdf:/home/stoair/dev_ws/install/learning_topic:/home/stoair/dev_ws/install/learning_tf:/home/stoair/dev_ws/install/learning_service:/home/stoair/dev_ws/install/learning_qos:/home/stoair/dev_ws/install/learning_pkg_python:/home/stoair/dev_ws/install/learning_parameter:/home/stoair/dev_ws/install/learning_node:/home/stoair/dev_ws/install/learning_launch:/home/stoair/dev_ws/install/learning_action:/home/stoair/dev_ws/install/learning_gazebo_fortress:/home/stoair/dev_ws/install/learning_gazebo:/home/stoair/dev_ws/install/learning_cv:/opt/ros/humble CONDA_PROMPT_MODIFIER=(base) /usr/bin/cmake --build /home/stoair/ros2CV/cv_ws/build/topic2 -- -j16 -l16
