[0.008s] Invoking command in '/home/stoair/ros2CV/cv_ws/build/topic2': CMAKE_PREFIX_PATH=${CMAKE_PREFIX_PATH}:/home/stoair/dev_ws/install/learning_urdf:/home/stoair/dev_ws/install/learning_topic:/home/stoair/dev_ws/install/learning_tf:/home/stoair/dev_ws/install/learning_service:/home/stoair/dev_ws/install/learning_qos:/home/stoair/dev_ws/install/learning_pkg_python:/home/stoair/dev_ws/install/learning_parameter:/home/stoair/dev_ws/install/learning_node:/home/stoair/dev_ws/install/learning_launch:/home/stoair/dev_ws/install/learning_action:/home/stoair/dev_ws/install/learning_gazebo_fortress:/home/stoair/dev_ws/install/learning_gazebo:/home/stoair/dev_ws/install/learning_cv:/opt/ros/humble CONDA_PROMPT_MODIFIER=(base) /usr/bin/cmake --build /home/stoair/ros2CV/cv_ws/build/topic2 -- -j16 -l16
[0.046s] [35m[1mConsolidate compiler generated dependencies of target image_pub[0m
[0.049s] [35m[1mConsolidate compiler generated dependencies of target image_sub[0m
[0.063s] [ 16%] [32mBuilding CXX object CMakeFiles/image_pub.dir/src/image_pub.cpp.o[0m
[0.063s] [ 33%] [32mBuilding CXX object CMakeFiles/image_pub.dir/src/image_base64.cpp.o[0m
[0.067s] [ 50%] [32mBuilding CXX object CMakeFiles/image_sub.dir/src/yolo.cpp.o[0m
[0.068s] [ 66%] [32mBuilding CXX object CMakeFiles/image_sub.dir/src/image_sub.cpp.o[0m
[0.183s] In file included from [01m[K/home/stoair/ros2CV/cv_ws/src/topic2/src/image_pub.cpp:1[m[K:
[0.183s] [01m[K/home/stoair/ros2CV/cv_ws/src/topic2/src/global.hpp:7:11:[m[K [01;31m[Kerror: [m[Kmissing terminating > character
[0.183s]     7 | #include <
[0.183s]       |           [01;31m[K^[m[K
[0.183s] [01m[K/home/stoair/ros2CV/cv_ws/src/topic2/src/global.hpp:7:10:[m[K [01;31m[Kerror: [m[Kempty filename in #include
[0.183s]     7 | #include [01;31m[K<[m[K
[0.183s]       |          [01;31m[K^[m[K
[0.195s] In file included from [01m[K/home/stoair/ros2CV/cv_ws/src/topic2/src/yolo.cpp:1[m[K:
[0.196s] [01m[K/home/stoair/ros2CV/cv_ws/src/topic2/src/global.hpp:7:11:[m[K [01;31m[Kerror: [m[Kmissing terminating > character
[0.196s]     7 | #include <
[0.196s]       |           [01;31m[K^[m[K
[0.196s] [01m[K/home/stoair/ros2CV/cv_ws/src/topic2/src/global.hpp:7:10:[m[K [01;31m[Kerror: [m[Kempty filename in #include
[0.196s]     7 | #include [01;31m[K<[m[K
[0.196s]       |          [01;31m[K^[m[K
[0.238s] In file included from [01m[K/home/stoair/ros2CV/cv_ws/src/topic2/src/image_sub.cpp:1[m[K:
[0.238s] [01m[K/home/stoair/ros2CV/cv_ws/src/topic2/src/global.hpp:7:11:[m[K [01;31m[Kerror: [m[Kmissing terminating > character
[0.238s]     7 | #include <
[0.238s]       |           [01;31m[K^[m[K
[0.238s] [01m[K/home/stoair/ros2CV/cv_ws/src/topic2/src/global.hpp:7:10:[m[K [01;31m[Kerror: [m[Kempty filename in #include
[0.238s]     7 | #include [01;31m[K<[m[K
[0.238s]       |          [01;31m[K^[m[K
[1.076s] [01m[K/home/stoair/ros2CV/cv_ws/src/topic2/src/image_base64.cpp:[m[K In static member function â€˜[01m[Kstatic const string ImageBase64::decode(const char*, int, int&)[m[Kâ€™:
[1.077s] [01m[K/home/stoair/ros2CV/cv_ws/src/topic2/src/image_base64.cpp:85:35:[m[K [01;35m[Kwarning: [m[Karray subscript has type â€˜[01m[Kchar[m[Kâ€™ [[01;35m[K]8;;https://gcc.gnu.org/onlinedocs/gcc/Warning-Options.html#index-Wchar-subscripts-Wchar-subscripts]8;;[m[K]
[1.077s]    85 |             n_value = DecodeTable[[01;35m[K*Data++[m[K] << 18;
[1.077s]       |                                   [01;35m[K^~~~~~~[m[K
[1.077s] [01m[K/home/stoair/ros2CV/cv_ws/src/topic2/src/image_base64.cpp:86:36:[m[K [01;35m[Kwarning: [m[Karray subscript has type â€˜[01m[Kchar[m[Kâ€™ [[01;35m[K]8;;https://gcc.gnu.org/onlinedocs/gcc/Warning-Options.html#index-Wchar-subscripts-Wchar-subscripts]8;;[m[K]
[1.077s]    86 |             n_value += DecodeTable[[01;35m[K*Data++[m[K] << 12;
[1.077s]       |                                    [01;35m[K^~~~~~~[m[K
[1.077s] [01m[K/home/stoair/ros2CV/cv_ws/src/topic2/src/image_base64.cpp:91:40:[m[K [01;35m[Kwarning: [m[Karray subscript has type â€˜[01m[Kchar[m[Kâ€™ [[01;35m[K]8;;https://gcc.gnu.org/onlinedocs/gcc/Warning-Options.html#index-Wchar-subscripts-Wchar-subscripts]8;;[m[K]
[1.077s]    91 |                 n_value += DecodeTable[[01;35m[K*Data++[m[K] << 6;
[1.077s]       |                                        [01;35m[K^~~~~~~[m[K
[1.077s] [01m[K/home/stoair/ros2CV/cv_ws/src/topic2/src/image_base64.cpp:96:44:[m[K [01;35m[Kwarning: [m[Karray subscript has type â€˜[01m[Kchar[m[Kâ€™ [[01;35m[K]8;;https://gcc.gnu.org/onlinedocs/gcc/Warning-Options.html#index-Wchar-subscripts-Wchar-subscripts]8;;[m[K]
[1.077s]    96 |                     n_value += DecodeTable[[01;35m[K*Data++[m[K];
[1.078s]       |                                            [01;35m[K^~~~~~~[m[K
[1.082s] [01m[K/home/stoair/ros2CV/cv_ws/src/topic2/src/image_base64.cpp:[m[K In static member function â€˜[01m[Kstatic std::string ImageBase64::file2base64(const string&)[m[Kâ€™:
[1.082s] [01m[K/home/stoair/ros2CV/cv_ws/src/topic2/src/image_base64.cpp:121:38:[m[K [01;31m[Kerror: [m[Kâ€˜[01m[KCV_IMWRITE_JPEG_QUALITY[m[Kâ€™ was not declared in this scope
[1.082s]   121 |     vec_compression_params.push_back([01;31m[KCV_IMWRITE_JPEG_QUALITY[m[K);
[1.082s]       |                                      [01;31m[K^~~~~~~~~~~~~~~~~~~~~~~[m[K
[1.377s] gmake[2]: *** [CMakeFiles/image_pub.dir/build.make:90ï¼šCMakeFiles/image_pub.dir/src/image_base64.cpp.o] é”™è¯¯ 1
[1.377s] gmake[2]: *** æ­£åœ¨ç­‰å¾…æœªå®Œæˆçš„ä»»åŠ¡....
[1.453s] [01m[K/home/stoair/ros2CV/cv_ws/src/topic2/src/yolo.cpp:[m[K In member function â€˜[01m[Kcv::Mat Yolo::drawPred(cv::Mat, std::vector<Output>, std::vector<cv::Scalar_<double> >, int)[m[Kâ€™:
[1.453s] [01m[K/home/stoair/ros2CV/cv_ws/src/topic2/src/yolo.cpp:240:21:[m[K [01;35m[Kwarning: [m[Kunused variable â€˜[01m[Kcenter_x[m[Kâ€™ [[01;35m[K]8;;https://gcc.gnu.org/onlinedocs/gcc/Warning-Options.html#index-Wunused-variable-Wunused-variable]8;;[m[K]
[1.454s]   240 |                 int [01;35m[Kcenter_x[m[K = left[i] + (result[i].box.width / 2);
[1.454s]       |                     [01;35m[K^~~~~~~~[m[K
[1.454s] [01m[K/home/stoair/ros2CV/cv_ws/src/topic2/src/yolo.cpp:241:21:[m[K [01;35m[Kwarning: [m[Kunused variable â€˜[01m[Kcenter_y[m[Kâ€™ [[01;35m[K]8;;https://gcc.gnu.org/onlinedocs/gcc/Warning-Options.html#index-Wunused-variable-Wunused-variable]8;;[m[K]
[1.454s]   241 |                 int [01;35m[Kcenter_y[m[K = top[i] + (result[i].box.height / 2);
[1.454s]       |                     [01;35m[K^~~~~~~~[m[K
[1.767s] gmake[2]: *** [CMakeFiles/image_sub.dir/build.make:90ï¼šCMakeFiles/image_sub.dir/src/yolo.cpp.o] é”™è¯¯ 1
[1.767s] gmake[2]: *** æ­£åœ¨ç­‰å¾…æœªå®Œæˆçš„ä»»åŠ¡....
[2.721s] In file included from [01m[K/home/stoair/ros2CV/cv_ws/src/topic2/src/image_pub.cpp:6[m[K:
[2.721s] [01m[K/home/stoair/ros2CV/cv_ws/src/topic2/src/Mat2image.hpp:[m[K In static member function â€˜[01m[Kstatic int Mat2Img::MatToByteArray(cv::Mat, std::vector<unsigned char>&)[m[Kâ€™:
[2.721s] [01m[K/home/stoair/ros2CV/cv_ws/src/topic2/src/Mat2image.hpp:18:28:[m[K [01;31m[Kerror: [m[Kâ€˜[01m[KCV_IMWRITE_JPEG_QUALITY[m[Kâ€™ was not declared in this scope
[2.721s]    18 |                 param[0] = [01;31m[KCV_IMWRITE_JPEG_QUALITY[m[K;
[2.722s]       |                            [01;31m[K^~~~~~~~~~~~~~~~~~~~~~~[m[K
[2.732s] [01m[K/home/stoair/ros2CV/cv_ws/src/topic2/src/Mat2image.hpp:[m[K In static member function â€˜[01m[Kstatic int Mat2Img::JPEGToMat(cv::Mat&, std::vector<unsigned char>)[m[Kâ€™:
[2.732s] [01m[K/home/stoair/ros2CV/cv_ws/src/topic2/src/Mat2image.hpp:31:55:[m[K [01;31m[Kerror: [m[Kâ€˜[01m[KCV_LOAD_IMAGE_COLOR[m[Kâ€™ was not declared in this scope
[2.732s]    31 |                         matImage = cv::imdecode(buff, [01;31m[KCV_LOAD_IMAGE_COLOR[m[K);
[2.732s]       |                                                       [01;31m[K^~~~~~~~~~~~~~~~~~~[m[K
[2.743s] [01m[K/home/stoair/ros2CV/cv_ws/src/topic2/src/Mat2image.hpp:37:55:[m[K [01;31m[Kerror: [m[Kâ€˜[01m[KCV_LOAD_IMAGE_COLOR[m[Kâ€™ was not declared in this scope
[2.743s]    37 |                         matImage = cv::imdecode(buff, [01;31m[KCV_LOAD_IMAGE_COLOR[m[K);
[2.743s]       |                                                       [01;31m[K^~~~~~~~~~~~~~~~~~~[m[K
[4.363s] gmake[2]: *** [CMakeFiles/image_pub.dir/build.make:76ï¼šCMakeFiles/image_pub.dir/src/image_pub.cpp.o] é”™è¯¯ 1
[4.363s] gmake[1]: *** [CMakeFiles/Makefile2:139ï¼šCMakeFiles/image_pub.dir/all] é”™è¯¯ 2
[4.363s] gmake[1]: *** æ­£åœ¨ç­‰å¾…æœªå®Œæˆçš„ä»»åŠ¡....
[4.468s] gmake[2]: *** [CMakeFiles/image_sub.dir/build.make:76ï¼šCMakeFiles/image_sub.dir/src/image_sub.cpp.o] é”™è¯¯ 1
[4.468s] gmake[1]: *** [CMakeFiles/Makefile2:165ï¼šCMakeFiles/image_sub.dir/all] é”™è¯¯ 2
[4.469s] gmake: *** [Makefile:146ï¼šall] é”™è¯¯ 2
[4.472s] Invoked command in '/home/stoair/ros2CV/cv_ws/build/topic2' returned '2': CMAKE_PREFIX_PATH=${CMAKE_PREFIX_PATH}:/home/stoair/dev_ws/install/learning_urdf:/home/stoair/dev_ws/install/learning_topic:/home/stoair/dev_ws/install/learning_tf:/home/stoair/dev_ws/install/learning_service:/home/stoair/dev_ws/install/learning_qos:/home/stoair/dev_ws/install/learning_pkg_python:/home/stoair/dev_ws/install/learning_parameter:/home/stoair/dev_ws/install/learning_node:/home/stoair/dev_ws/install/learning_launch:/home/stoair/dev_ws/install/learning_action:/home/stoair/dev_ws/install/learning_gazebo_fortress:/home/stoair/dev_ws/install/learning_gazebo:/home/stoair/dev_ws/install/learning_cv:/opt/ros/humble CONDA_PROMPT_MODIFIER=(base) /usr/bin/cmake --build /home/stoair/ros2CV/cv_ws/build/topic2 -- -j16 -l16
