-- The C compiler identification is GNU 12.3.0
-- The CXX compiler identification is GNU 11.4.0
-- Detecting C compiler ABI info
-- Detecting C compiler ABI info - done
-- Check for working C compiler: /usr/bin/cc - skipped
-- Detecting C compile features
-- Detecting C compile features - done
-- Detecting CXX compiler ABI info
-- Detecting CXX compiler ABI info - done
-- Check for working CXX compiler: /usr/bin/c++ - skipped
-- Detecting CXX compile features
-- Detecting CXX compile features - done
-- Looking for pthread.h
-- Looking for pthread.h - found
-- Performing Test CMAKE_HAVE_LIBC_PTHREAD
-- Performing Test CMAKE_HAVE_LIBC_PTHREAD - Success
-- Found Threads: TRUE  
-- Found CUDA: /usr/local/cuda-12.1 (found suitable exact version "12.1") 
-- Found OpenCV: /usr/local (found suitable version "4.9.0", minimum required is "4.9.0") 
-- Found ament_cmake: 1.3.8 (/opt/ros/humble/share/ament_cmake/cmake)
-- Found Python3: /bin/python3 (found version "3.10.12") found components: Interpreter 
-- Found rclcpp: 16.0.8 (/opt/ros/humble/share/rclcpp/cmake)
-- Found rosidl_generator_c: 3.1.5 (/opt/ros/humble/share/rosidl_generator_c/cmake)
-- Found rosidl_adapter: 3.1.5 (/opt/ros/humble/share/rosidl_adapter/cmake)
-- Found rosidl_generator_cpp: 3.1.5 (/opt/ros/humble/share/rosidl_generator_cpp/cmake)
-- Using all available rosidl_typesupport_c: rosidl_typesupport_fastrtps_c;rosidl_typesupport_introspection_c
-- Using all available rosidl_typesupport_cpp: rosidl_typesupport_fastrtps_cpp;rosidl_typesupport_introspection_cpp
-- Found rmw_implementation_cmake: 6.1.1 (/opt/ros/humble/share/rmw_implementation_cmake/cmake)
-- Found rmw_fastrtps_cpp: 6.2.6 (/opt/ros/humble/share/rmw_fastrtps_cpp/cmake)
-- Found OpenSSL: /lib/x86_64-linux-gnu/libcrypto.so (found version "3.0.2")  
-- Found FastRTPS: /opt/ros/humble/include  
-- Using RMW implementation 'rmw_fastrtps_cpp' as default
-- Found cv_bridge: 3.2.1 (/opt/ros/humble/share/cv_bridge/cmake)
-- Found ros2_interfaces: 0.0.0 (/home/stoair/ros2CV/cv_ws/install/ros2_interfaces/share/ros2_interfaces/cmake)
-- Found ament_lint_auto: 0.12.10 (/opt/ros/humble/share/ament_lint_auto/cmake)
-- Added test 'cppcheck' to perform static code analysis on C / C++ code
-- Configured cppcheck include dirs: 
-- Configured cppcheck exclude dirs and/or files: 
-- Added test 'lint_cmake' to check CMake code style
-- Added test 'uncrustify' to check C / C++ code style
-- Configured uncrustify additional arguments: 
-- Added test 'xmllint' to check XML markup files
-- Configuring done
-- Generating done
-- Build files have been written to: /home/stoair/ros2CV/cv_ws/build/topic2
[ 40%] [32mBuilding CXX object CMakeFiles/image_sub.dir/src/image_sub.cpp.o[0m
[ 40%] [32mBuilding CXX object CMakeFiles/image_sub.dir/src/yolo.cpp.o[0m
[ 60%] [32mBuilding CXX object CMakeFiles/image_pub.dir/src/image_pub.cpp.o[0m
[01m[K/home/stoair/ros2CV/cv_ws/src/topic2/src/yolo.cpp:[m[K In member function ‚Äò[01m[Kcv::Mat Yolo::drawPred(cv::Mat, std::vector<Output>, std::vector<cv::Scalar_<double> >, int)[m[K‚Äô:
[01m[K/home/stoair/ros2CV/cv_ws/src/topic2/src/yolo.cpp:240:21:[m[K [01;35m[Kwarning: [m[Kunused variable ‚Äò[01m[Kcenter_x[m[K‚Äô [[01;35m[K]8;;https://gcc.gnu.org/onlinedocs/gcc/Warning-Options.html#index-Wunused-variable-Wunused-variable]8;;[m[K]
  240 |                 int [01;35m[Kcenter_x[m[K = left[i] + (result[i].box.width / 2);
      |                     [01;35m[K^~~~~~~~[m[K
[01m[K/home/stoair/ros2CV/cv_ws/src/topic2/src/yolo.cpp:241:21:[m[K [01;35m[Kwarning: [m[Kunused variable ‚Äò[01m[Kcenter_y[m[K‚Äô [[01;35m[K]8;;https://gcc.gnu.org/onlinedocs/gcc/Warning-Options.html#index-Wunused-variable-Wunused-variable]8;;[m[K]
  241 |                 int [01;35m[Kcenter_y[m[K = top[i] + (result[i].box.height / 2);
      |                     [01;35m[K^~~~~~~~[m[K
[01m[K/home/stoair/ros2CV/cv_ws/src/topic2/src/image_pub.cpp:[m[K In member function ‚Äò[01m[Kvoid imagePub::timer_callback()[m[K‚Äô:
[01m[K/home/stoair/ros2CV/cv_ws/src/topic2/src/image_pub.cpp:69:51:[m[K [01;31m[Kerror: [m[Kinvalid initialization of reference of type ‚Äò[01m[Kstd::vector<unsigned char>&[m[K‚Äô from expression of type ‚Äò[01m[Kstd::vector<int>[m[K‚Äô
   69 |         bool result = cv::imencode(".jpg", frame, [01;31m[Kencode_param[m[K, &encimg);
      |                                                   [01;31m[K^~~~~~~~~~~~[m[K
In file included from [01m[K/usr/local/include/opencv4/opencv2/highgui.hpp:48[m[K,
                 from [01m[K/usr/local/include/opencv4/opencv2/opencv.hpp:68[m[K,
                 from [01m[K/home/stoair/ros2CV/cv_ws/src/topic2/src/global.hpp:6[m[K,
                 from [01m[K/home/stoair/ros2CV/cv_ws/src/topic2/src/image_pub.cpp:1[m[K:
[01m[K/usr/local/include/opencv4/opencv2/imgcodecs.hpp:356:56:[m[K [01;36m[Knote: [m[Kin passing argument 3 of ‚Äò[01m[Kbool cv::imencode(const String&, cv::InputArray, std::vector<unsigned char>&, const std::vector<int>&)[m[K‚Äô
  356 |                             CV_OUT [01;36m[Kstd::vector<uchar>& buf[m[K,
      |                                    [01;36m[K~~~~~~~~~~~~~~~~~~~~^~~[m[K
gmake[2]: *** [CMakeFiles/image_pub.dir/build.make:76ÔºöCMakeFiles/image_pub.dir/src/image_pub.cpp.o] ÈîôËØØ 1
gmake[1]: *** [CMakeFiles/Makefile2:139ÔºöCMakeFiles/image_pub.dir/all] ÈîôËØØ 2
gmake[1]: *** Ê≠£Âú®Á≠âÂæÖÊú™ÂÆåÊàêÁöÑ‰ªªÂä°....
[ 80%] [32m[1mLinking CXX executable image_sub[0m
/usr/bin/ld: warning: libopencv_imgproc.so.4.5d, needed by /opt/ros/humble/lib/libcv_bridge.so, may conflict with libopencv_imgproc.so.409
/usr/bin/ld: warning: libopencv_core.so.4.5d, needed by /opt/ros/humble/lib/libcv_bridge.so, may conflict with libopencv_core.so.409
[ 80%] Built target image_sub
gmake: *** [Makefile:146Ôºöall] ÈîôËØØ 2
