[0.008s] Invoking command in '/home/stoair/ros2CV/cv_ws/build/topic2': CMAKE_PREFIX_PATH=${CMAKE_PREFIX_PATH}:/home/stoair/dev_ws/install/learning_urdf:/home/stoair/dev_ws/install/learning_topic:/home/stoair/dev_ws/install/learning_tf:/home/stoair/dev_ws/install/learning_service:/home/stoair/dev_ws/install/learning_qos:/home/stoair/dev_ws/install/learning_pkg_python:/home/stoair/dev_ws/install/learning_parameter:/home/stoair/dev_ws/install/learning_node:/home/stoair/dev_ws/install/learning_launch:/home/stoair/dev_ws/install/learning_action:/home/stoair/dev_ws/install/learning_gazebo_fortress:/home/stoair/dev_ws/install/learning_gazebo:/home/stoair/dev_ws/install/learning_cv:/opt/ros/humble CONDA_PROMPT_MODIFIER=(base) /usr/bin/cmake /home/stoair/ros2CV/cv_ws/src/topic2 -DCMAKE_INSTALL_PREFIX=/home/stoair/ros2CV/cv_ws/install/topic2
[0.079s] -- The C compiler identification is GNU 12.3.0
[0.138s] -- The CXX compiler identification is GNU 11.4.0
[0.152s] -- Detecting C compiler ABI info
[0.206s] -- Detecting C compiler ABI info - done
[0.212s] -- Check for working C compiler: /usr/bin/cc - skipped
[0.212s] -- Detecting C compile features
[0.213s] -- Detecting C compile features - done
[0.215s] -- Detecting CXX compiler ABI info
[0.276s] -- Detecting CXX compiler ABI info - done
[0.283s] -- Check for working CXX compiler: /usr/bin/c++ - skipped
[0.283s] -- Detecting CXX compile features
[0.284s] -- Detecting CXX compile features - done
[0.321s] -- Looking for pthread.h
[0.388s] -- Looking for pthread.h - found
[0.388s] -- Performing Test CMAKE_HAVE_LIBC_PTHREAD
[0.449s] -- Performing Test CMAKE_HAVE_LIBC_PTHREAD - Success
[0.450s] -- Found Threads: TRUE  
[0.462s] -- Found CUDA: /usr/local/cuda-12.1 (found suitable exact version "12.1") 
[0.476s] -- Found OpenCV: /usr/local (found suitable version "4.9.0", minimum required is "4.9.0") 
[0.482s] -- Found ament_cmake: 1.3.8 (/opt/ros/humble/share/ament_cmake/cmake)
[0.636s] -- Found Python3: /bin/python3 (found version "3.10.12") found components: Interpreter 
[0.787s] -- Found rclcpp: 16.0.8 (/opt/ros/humble/share/rclcpp/cmake)
[0.859s] -- Found rosidl_generator_c: 3.1.5 (/opt/ros/humble/share/rosidl_generator_c/cmake)
[0.869s] -- Found rosidl_adapter: 3.1.5 (/opt/ros/humble/share/rosidl_adapter/cmake)
[0.884s] -- Found rosidl_generator_cpp: 3.1.5 (/opt/ros/humble/share/rosidl_generator_cpp/cmake)
[0.903s] -- Using all available rosidl_typesupport_c: rosidl_typesupport_fastrtps_c;rosidl_typesupport_introspection_c
[0.932s] -- Using all available rosidl_typesupport_cpp: rosidl_typesupport_fastrtps_cpp;rosidl_typesupport_introspection_cpp
[1.032s] -- Found rmw_implementation_cmake: 6.1.1 (/opt/ros/humble/share/rmw_implementation_cmake/cmake)
[1.043s] -- Found rmw_fastrtps_cpp: 6.2.6 (/opt/ros/humble/share/rmw_fastrtps_cpp/cmake)
[1.155s] -- Found OpenSSL: /lib/x86_64-linux-gnu/libcrypto.so (found version "3.0.2")  
[1.176s] -- Found FastRTPS: /opt/ros/humble/include  
[1.215s] -- Using RMW implementation 'rmw_fastrtps_cpp' as default
[1.359s] -- Found cv_bridge: 3.2.1 (/opt/ros/humble/share/cv_bridge/cmake)
[1.467s] -- Found ros2_interfaces: 0.0.0 (/home/stoair/ros2CV/cv_ws/install/ros2_interfaces/share/ros2_interfaces/cmake)
[1.491s] -- Found ament_lint_auto: 0.12.10 (/opt/ros/humble/share/ament_lint_auto/cmake)
[1.622s] -- Added test 'cppcheck' to perform static code analysis on C / C++ code
[1.622s] -- Configured cppcheck include dirs: 
[1.622s] -- Configured cppcheck exclude dirs and/or files: 
[1.623s] -- Added test 'lint_cmake' to check CMake code style
[1.624s] -- Added test 'uncrustify' to check C / C++ code style
[1.624s] -- Configured uncrustify additional arguments: 
[1.625s] -- Added test 'xmllint' to check XML markup files
[1.626s] -- Configuring done
[1.641s] -- Generating done
[1.643s] -- Build files have been written to: /home/stoair/ros2CV/cv_ws/build/topic2
[1.651s] Invoked command in '/home/stoair/ros2CV/cv_ws/build/topic2' returned '0': CMAKE_PREFIX_PATH=${CMAKE_PREFIX_PATH}:/home/stoair/dev_ws/install/learning_urdf:/home/stoair/dev_ws/install/learning_topic:/home/stoair/dev_ws/install/learning_tf:/home/stoair/dev_ws/install/learning_service:/home/stoair/dev_ws/install/learning_qos:/home/stoair/dev_ws/install/learning_pkg_python:/home/stoair/dev_ws/install/learning_parameter:/home/stoair/dev_ws/install/learning_node:/home/stoair/dev_ws/install/learning_launch:/home/stoair/dev_ws/install/learning_action:/home/stoair/dev_ws/install/learning_gazebo_fortress:/home/stoair/dev_ws/install/learning_gazebo:/home/stoair/dev_ws/install/learning_cv:/opt/ros/humble CONDA_PROMPT_MODIFIER=(base) /usr/bin/cmake /home/stoair/ros2CV/cv_ws/src/topic2 -DCMAKE_INSTALL_PREFIX=/home/stoair/ros2CV/cv_ws/install/topic2
[1.653s] Invoking command in '/home/stoair/ros2CV/cv_ws/build/topic2': CMAKE_PREFIX_PATH=${CMAKE_PREFIX_PATH}:/home/stoair/dev_ws/install/learning_urdf:/home/stoair/dev_ws/install/learning_topic:/home/stoair/dev_ws/install/learning_tf:/home/stoair/dev_ws/install/learning_service:/home/stoair/dev_ws/install/learning_qos:/home/stoair/dev_ws/install/learning_pkg_python:/home/stoair/dev_ws/install/learning_parameter:/home/stoair/dev_ws/install/learning_node:/home/stoair/dev_ws/install/learning_launch:/home/stoair/dev_ws/install/learning_action:/home/stoair/dev_ws/install/learning_gazebo_fortress:/home/stoair/dev_ws/install/learning_gazebo:/home/stoair/dev_ws/install/learning_cv:/opt/ros/humble CONDA_PROMPT_MODIFIER=(base) /usr/bin/cmake --build /home/stoair/ros2CV/cv_ws/build/topic2 -- -j16 -l16
[1.700s] [ 40%] [32mBuilding CXX object CMakeFiles/image_sub.dir/src/image_sub.cpp.o[0m
[1.700s] [ 40%] [32mBuilding CXX object CMakeFiles/image_sub.dir/src/yolo.cpp.o[0m
[1.701s] [ 60%] [32mBuilding CXX object CMakeFiles/image_pub.dir/src/image_pub.cpp.o[0m
[3.201s] [01m[K/home/stoair/ros2CV/cv_ws/src/topic2/src/yolo.cpp:[m[K In member function ‚Äò[01m[Kcv::Mat Yolo::drawPred(cv::Mat, std::vector<Output>, std::vector<cv::Scalar_<double> >, int)[m[K‚Äô:
[3.201s] [01m[K/home/stoair/ros2CV/cv_ws/src/topic2/src/yolo.cpp:240:21:[m[K [01;35m[Kwarning: [m[Kunused variable ‚Äò[01m[Kcenter_x[m[K‚Äô [[01;35m[K]8;;https://gcc.gnu.org/onlinedocs/gcc/Warning-Options.html#index-Wunused-variable-Wunused-variable]8;;[m[K]
[3.201s]   240 |                 int [01;35m[Kcenter_x[m[K = left[i] + (result[i].box.width / 2);
[3.201s]       |                     [01;35m[K^~~~~~~~[m[K
[3.201s] [01m[K/home/stoair/ros2CV/cv_ws/src/topic2/src/yolo.cpp:241:21:[m[K [01;35m[Kwarning: [m[Kunused variable ‚Äò[01m[Kcenter_y[m[K‚Äô [[01;35m[K]8;;https://gcc.gnu.org/onlinedocs/gcc/Warning-Options.html#index-Wunused-variable-Wunused-variable]8;;[m[K]
[3.201s]   241 |                 int [01;35m[Kcenter_y[m[K = top[i] + (result[i].box.height / 2);
[3.201s]       |                     [01;35m[K^~~~~~~~[m[K
[4.943s] [01m[K/home/stoair/ros2CV/cv_ws/src/topic2/src/image_pub.cpp:[m[K In member function ‚Äò[01m[Kvoid imagePub::timer_callback()[m[K‚Äô:
[4.943s] [01m[K/home/stoair/ros2CV/cv_ws/src/topic2/src/image_pub.cpp:69:51:[m[K [01;31m[Kerror: [m[Kinvalid initialization of reference of type ‚Äò[01m[Kstd::vector<unsigned char>&[m[K‚Äô from expression of type ‚Äò[01m[Kstd::vector<int>[m[K‚Äô
[4.943s]    69 |         bool result = cv::imencode(".jpg", frame, [01;31m[Kencode_param[m[K, &encimg);
[4.943s]       |                                                   [01;31m[K^~~~~~~~~~~~[m[K
[4.943s] In file included from [01m[K/usr/local/include/opencv4/opencv2/highgui.hpp:48[m[K,
[4.943s]                  from [01m[K/usr/local/include/opencv4/opencv2/opencv.hpp:68[m[K,
[4.943s]                  from [01m[K/home/stoair/ros2CV/cv_ws/src/topic2/src/global.hpp:6[m[K,
[4.943s]                  from [01m[K/home/stoair/ros2CV/cv_ws/src/topic2/src/image_pub.cpp:1[m[K:
[4.943s] [01m[K/usr/local/include/opencv4/opencv2/imgcodecs.hpp:356:56:[m[K [01;36m[Knote: [m[Kin passing argument 3 of ‚Äò[01m[Kbool cv::imencode(const String&, cv::InputArray, std::vector<unsigned char>&, const std::vector<int>&)[m[K‚Äô
[4.943s]   356 |                             CV_OUT [01;36m[Kstd::vector<uchar>& buf[m[K,
[4.943s]       |                                    [01;36m[K~~~~~~~~~~~~~~~~~~~~^~~[m[K
[6.850s] gmake[2]: *** [CMakeFiles/image_pub.dir/build.make:76ÔºöCMakeFiles/image_pub.dir/src/image_pub.cpp.o] ÈîôËØØ 1
[6.850s] gmake[1]: *** [CMakeFiles/Makefile2:139ÔºöCMakeFiles/image_pub.dir/all] ÈîôËØØ 2
[6.850s] gmake[1]: *** Ê≠£Âú®Á≠âÂæÖÊú™ÂÆåÊàêÁöÑ‰ªªÂä°....
[9.887s] [ 80%] [32m[1mLinking CXX executable image_sub[0m
[10.216s] /usr/bin/ld: warning: libopencv_imgproc.so.4.5d, needed by /opt/ros/humble/lib/libcv_bridge.so, may conflict with libopencv_imgproc.so.409
[10.218s] /usr/bin/ld: warning: libopencv_core.so.4.5d, needed by /opt/ros/humble/lib/libcv_bridge.so, may conflict with libopencv_core.so.409
[10.722s] [ 80%] Built target image_sub
[10.723s] gmake: *** [Makefile:146Ôºöall] ÈîôËØØ 2
[10.725s] Invoked command in '/home/stoair/ros2CV/cv_ws/build/topic2' returned '2': CMAKE_PREFIX_PATH=${CMAKE_PREFIX_PATH}:/home/stoair/dev_ws/install/learning_urdf:/home/stoair/dev_ws/install/learning_topic:/home/stoair/dev_ws/install/learning_tf:/home/stoair/dev_ws/install/learning_service:/home/stoair/dev_ws/install/learning_qos:/home/stoair/dev_ws/install/learning_pkg_python:/home/stoair/dev_ws/install/learning_parameter:/home/stoair/dev_ws/install/learning_node:/home/stoair/dev_ws/install/learning_launch:/home/stoair/dev_ws/install/learning_action:/home/stoair/dev_ws/install/learning_gazebo_fortress:/home/stoair/dev_ws/install/learning_gazebo:/home/stoair/dev_ws/install/learning_cv:/opt/ros/humble CONDA_PROMPT_MODIFIER=(base) /usr/bin/cmake --build /home/stoair/ros2CV/cv_ws/build/topic2 -- -j16 -l16
