[01m[K/home/stoair/ros2CV/cv_ws/src/test_rclcpp/src/test.cpp:[m[K In function ‘[01m[Kint main()[m[K’:
[01m[K/home/stoair/ros2CV/cv_ws/src/test_rclcpp/src/test.cpp:41:16:[m[K [01;31m[Kerror: [m[Ktoo few arguments to function ‘[01m[Kvoid cv::add(cv::InputArray, cv::InputArray, cv::OutputArray, cv::InputArray, int)[m[K’
   41 |     int c = [01;31m[Kadd(a, b)[m[K;
      |             [01;31m[K~~~^~~~~~[m[K
In file included from [01m[K/usr/local/include/opencv4/opencv2/opencv.hpp:52[m[K,
                 from [01m[K/home/stoair/ros2CV/cv_ws/src/test_rclcpp/src/test.cpp:1[m[K:
[01m[K/usr/local/include/opencv4/opencv2/core.hpp:364:19:[m[K [01;36m[Knote: [m[Kdeclared here
  364 | CV_EXPORTS_W void [01;36m[Kadd[m[K(InputArray src1, InputArray src2, OutputArray dst,
      |                   [01;36m[K^~~[m[K
[01m[K/home/stoair/ros2CV/cv_ws/src/test_rclcpp/src/test.cpp:41:9:[m[K [01;35m[Kwarning: [m[Kunused variable ‘[01m[Kc[m[K’ [[01;35m[K]8;;https://gcc.gnu.org/onlinedocs/gcc/Warning-Options.html#index-Wunused-variable-Wunused-variable]8;;[m[K]
   41 |     int [01;35m[Kc[m[K = add(a, b);
      |         [01;35m[K^[m[K
gmake[2]: *** [CMakeFiles/testssss.dir/build.make:76：CMakeFiles/testssss.dir/src/test.cpp.o] 错误 1
gmake[1]: *** [CMakeFiles/Makefile2:193：CMakeFiles/testssss.dir/all] 错误 2
gmake[1]: *** 正在等待未完成的任务....
[01m[K/home/stoair/ros2CV/cv_ws/src/test_rclcpp/src/webcam_sub.cpp:[m[K In function ‘[01m[Kint main(int, char**)[m[K’:
[01m[K/home/stoair/ros2CV/cv_ws/src/test_rclcpp/src/webcam_sub.cpp:94:14:[m[K [01;35m[Kwarning: [m[Kunused parameter ‘[01m[Kargc[m[K’ [[01;35m[K]8;;https://gcc.gnu.org/onlinedocs/gcc/Warning-Options.html#index-Wunused-parameter-Wunused-parameter]8;;[m[K]
   94 | int main([01;35m[Kint argc[m[K, char ** argv)
      |          [01;35m[K~~~~^~~~[m[K
[01m[K/home/stoair/ros2CV/cv_ws/src/test_rclcpp/src/webcam_sub.cpp:94:28:[m[K [01;35m[Kwarning: [m[Kunused parameter ‘[01m[Kargv[m[K’ [[01;35m[K]8;;https://gcc.gnu.org/onlinedocs/gcc/Warning-Options.html#index-Wunused-parameter-Wunused-parameter]8;;[m[K]
   94 | int main(int argc, [01;35m[Kchar ** argv[m[K)
      |                    [01;35m[K~~~~~~~~^~~~[m[K
gmake: *** [Makefile:146：all] 错误 2
