[0.008s] Invoking command in '/home/stoair/ros2CV/cv_ws/build/test_rclcpp': CMAKE_PREFIX_PATH=${CMAKE_PREFIX_PATH}:/home/stoair/dev_ws/install/learning_urdf:/home/stoair/dev_ws/install/learning_topic:/home/stoair/dev_ws/install/learning_tf:/home/stoair/dev_ws/install/learning_service:/home/stoair/dev_ws/install/learning_qos:/home/stoair/dev_ws/install/learning_pkg_python:/home/stoair/dev_ws/install/learning_parameter:/home/stoair/dev_ws/install/learning_node:/home/stoair/dev_ws/install/learning_launch:/home/stoair/dev_ws/install/learning_action:/home/stoair/dev_ws/install/learning_gazebo_fortress:/home/stoair/dev_ws/install/learning_gazebo:/home/stoair/dev_ws/install/learning_cv:/opt/ros/humble CONDA_PROMPT_MODIFIER=(base) /usr/bin/cmake --build /home/stoair/ros2CV/cv_ws/build/test_rclcpp -- -j16 -l16
[0.029s] -- Found ament_cmake: 1.3.8 (/opt/ros/humble/share/ament_cmake/cmake)
[0.129s] -- Found rclcpp: 16.0.8 (/opt/ros/humble/share/rclcpp/cmake)
[0.148s] -- Found rosidl_generator_c: 3.1.5 (/opt/ros/humble/share/rosidl_generator_c/cmake)
[0.150s] -- Found rosidl_adapter: 3.1.5 (/opt/ros/humble/share/rosidl_adapter/cmake)
[0.154s] -- Found rosidl_generator_cpp: 3.1.5 (/opt/ros/humble/share/rosidl_generator_cpp/cmake)
[0.161s] -- Using all available rosidl_typesupport_c: rosidl_typesupport_fastrtps_c;rosidl_typesupport_introspection_c
[0.172s] -- Using all available rosidl_typesupport_cpp: rosidl_typesupport_fastrtps_cpp;rosidl_typesupport_introspection_cpp
[0.210s] -- Found rmw_implementation_cmake: 6.1.1 (/opt/ros/humble/share/rmw_implementation_cmake/cmake)
[0.212s] -- Found rmw_fastrtps_cpp: 6.2.6 (/opt/ros/humble/share/rmw_fastrtps_cpp/cmake)
[0.301s] -- Using RMW implementation 'rmw_fastrtps_cpp' as default
[0.416s] -- Found cv_bridge: 3.2.1 (/opt/ros/humble/share/cv_bridge/cmake)
[0.515s] -- Found ament_lint_auto: 0.12.10 (/opt/ros/humble/share/ament_lint_auto/cmake)
[0.580s] -- Added test 'cppcheck' to perform static code analysis on C / C++ code
[0.580s] -- Configured cppcheck include dirs: 
[0.580s] -- Configured cppcheck exclude dirs and/or files: 
[0.580s] -- Added test 'lint_cmake' to check CMake code style
[0.581s] -- Added test 'uncrustify' to check C / C++ code style
[0.581s] -- Configured uncrustify additional arguments: 
[0.581s] -- Added test 'xmllint' to check XML markup files
[0.581s] -- Configuring done
[0.595s] -- Generating done
[0.596s] -- Build files have been written to: /home/stoair/ros2CV/cv_ws/build/test_rclcpp
[0.615s] [35m[1mConsolidate compiler generated dependencies of target webcam_sub[0m
[0.615s] [35m[1mConsolidate compiler generated dependencies of target webcam_pub[0m
[0.622s] [ 16%] [32mBuilding CXX object CMakeFiles/testssss.dir/src/test.cpp.o[0m
[0.629s] [ 66%] Built target webcam_pub
[0.630s] [ 66%] [32mBuilding CXX object CMakeFiles/webcam_sub.dir/src/webcam_sub.cpp.o[0m
[1.364s] [01m[K/home/stoair/ros2CV/cv_ws/src/test_rclcpp/src/test.cpp:[m[K In function ‚Äò[01m[Kint main()[m[K‚Äô:
[1.364s] [01m[K/home/stoair/ros2CV/cv_ws/src/test_rclcpp/src/test.cpp:41:16:[m[K [01;31m[Kerror: [m[Ktoo few arguments to function ‚Äò[01m[Kvoid cv::add(cv::InputArray, cv::InputArray, cv::OutputArray, cv::InputArray, int)[m[K‚Äô
[1.365s]    41 |     int c = [01;31m[Kadd(a, b)[m[K;
[1.365s]       |             [01;31m[K~~~^~~~~~[m[K
[1.365s] In file included from [01m[K/usr/local/include/opencv4/opencv2/opencv.hpp:52[m[K,
[1.365s]                  from [01m[K/home/stoair/ros2CV/cv_ws/src/test_rclcpp/src/test.cpp:1[m[K:
[1.365s] [01m[K/usr/local/include/opencv4/opencv2/core.hpp:364:19:[m[K [01;36m[Knote: [m[Kdeclared here
[1.365s]   364 | CV_EXPORTS_W void [01;36m[Kadd[m[K(InputArray src1, InputArray src2, OutputArray dst,
[1.365s]       |                   [01;36m[K^~~[m[K
[1.365s] [01m[K/home/stoair/ros2CV/cv_ws/src/test_rclcpp/src/test.cpp:41:9:[m[K [01;35m[Kwarning: [m[Kunused variable ‚Äò[01m[Kc[m[K‚Äô [[01;35m[K]8;;https://gcc.gnu.org/onlinedocs/gcc/Warning-Options.html#index-Wunused-variable-Wunused-variable]8;;[m[K]
[1.365s]    41 |     int [01;35m[Kc[m[K = add(a, b);
[1.365s]       |         [01;35m[K^[m[K
[1.632s] gmake[2]: *** [CMakeFiles/testssss.dir/build.make:76ÔºöCMakeFiles/testssss.dir/src/test.cpp.o] ÈîôËØØ 1
[1.632s] gmake[1]: *** [CMakeFiles/Makefile2:193ÔºöCMakeFiles/testssss.dir/all] ÈîôËØØ 2
[1.632s] gmake[1]: *** Ê≠£Âú®Á≠âÂæÖÊú™ÂÆåÊàêÁöÑ‰ªªÂä°....
[2.560s] [01m[K/home/stoair/ros2CV/cv_ws/src/test_rclcpp/src/webcam_sub.cpp:[m[K In function ‚Äò[01m[Kint main(int, char**)[m[K‚Äô:
[2.560s] [01m[K/home/stoair/ros2CV/cv_ws/src/test_rclcpp/src/webcam_sub.cpp:94:14:[m[K [01;35m[Kwarning: [m[Kunused parameter ‚Äò[01m[Kargc[m[K‚Äô [[01;35m[K]8;;https://gcc.gnu.org/onlinedocs/gcc/Warning-Options.html#index-Wunused-parameter-Wunused-parameter]8;;[m[K]
[2.560s]    94 | int main([01;35m[Kint argc[m[K, char ** argv)
[2.560s]       |          [01;35m[K~~~~^~~~[m[K
[2.560s] [01m[K/home/stoair/ros2CV/cv_ws/src/test_rclcpp/src/webcam_sub.cpp:94:28:[m[K [01;35m[Kwarning: [m[Kunused parameter ‚Äò[01m[Kargv[m[K‚Äô [[01;35m[K]8;;https://gcc.gnu.org/onlinedocs/gcc/Warning-Options.html#index-Wunused-parameter-Wunused-parameter]8;;[m[K]
[2.560s]    94 | int main(int argc, [01;35m[Kchar ** argv[m[K)
[2.561s]       |                    [01;35m[K~~~~~~~~^~~~[m[K
[4.176s] [ 83%] [32m[1mLinking CXX executable webcam_sub[0m
[4.461s] [ 83%] Built target webcam_sub
[4.462s] gmake: *** [Makefile:146Ôºöall] ÈîôËØØ 2
[4.464s] Invoked command in '/home/stoair/ros2CV/cv_ws/build/test_rclcpp' returned '2': CMAKE_PREFIX_PATH=${CMAKE_PREFIX_PATH}:/home/stoair/dev_ws/install/learning_urdf:/home/stoair/dev_ws/install/learning_topic:/home/stoair/dev_ws/install/learning_tf:/home/stoair/dev_ws/install/learning_service:/home/stoair/dev_ws/install/learning_qos:/home/stoair/dev_ws/install/learning_pkg_python:/home/stoair/dev_ws/install/learning_parameter:/home/stoair/dev_ws/install/learning_node:/home/stoair/dev_ws/install/learning_launch:/home/stoair/dev_ws/install/learning_action:/home/stoair/dev_ws/install/learning_gazebo_fortress:/home/stoair/dev_ws/install/learning_gazebo:/home/stoair/dev_ws/install/learning_cv:/opt/ros/humble CONDA_PROMPT_MODIFIER=(base) /usr/bin/cmake --build /home/stoair/ros2CV/cv_ws/build/test_rclcpp -- -j16 -l16
