[ 33%] [32mBuilding CXX object CMakeFiles/image_pub.dir/src/yolo.cpp.o[0m
[ 33%] [32mBuilding CXX object CMakeFiles/image_pub.dir/src/image_pub.cpp.o[0m
[ 50%] [32mBuilding CXX object CMakeFiles/image_sub.dir/src/image_sub.cpp.o[0m
[ 66%] [32mBuilding CXX object CMakeFiles/image_sub.dir/src/yolo.cpp.o[0m
[01m[K/home/stoair/ros2CV/cv_ws/src/topic/src/image_pub.cpp:2:10:[m[K [01;31m[Kfatal error: [m[Ksensor_msgs/msg/image.hpp: 没有那个文件或目录
    2 | #include [01;31m[K"sensor_msgs/msg/image.hpp"[m[K
      |          [01;31m[K^~~~~~~~~~~~~~~~~~~~~~~~~~~[m[K
compilation terminated.
gmake[2]: *** [CMakeFiles/image_pub.dir/build.make:76：CMakeFiles/image_pub.dir/src/image_pub.cpp.o] 错误 1
gmake[2]: *** 正在等待未完成的任务....
[01m[K/home/stoair/ros2CV/cv_ws/src/topic/src/image_sub.cpp:2:10:[m[K [01;31m[Kfatal error: [m[Ksensor_msgs/msg/image.hpp: 没有那个文件或目录
    2 | #include [01;31m[K"sensor_msgs/msg/image.hpp"[m[K
      |          [01;31m[K^~~~~~~~~~~~~~~~~~~~~~~~~~~[m[K
compilation terminated.
gmake[2]: *** [CMakeFiles/image_sub.dir/build.make:76：CMakeFiles/image_sub.dir/src/image_sub.cpp.o] 错误 1
gmake[2]: *** 正在等待未完成的任务....
gmake[1]: *** [CMakeFiles/Makefile2:139：CMakeFiles/image_pub.dir/all] 错误 2
gmake[1]: *** 正在等待未完成的任务....
gmake[1]: *** [CMakeFiles/Makefile2:165：CMakeFiles/image_sub.dir/all] 错误 2
gmake: *** [Makefile:146：all] 错误 2
