[0.008s] Invoking command in '/home/stoair/ros2CV/cv_ws/build/test_rclcpp': CMAKE_PREFIX_PATH=${CMAKE_PREFIX_PATH}:/home/stoair/dev_ws/install/learning_urdf:/home/stoair/dev_ws/install/learning_topic:/home/stoair/dev_ws/install/learning_tf:/home/stoair/dev_ws/install/learning_service:/home/stoair/dev_ws/install/learning_qos:/home/stoair/dev_ws/install/learning_pkg_python:/home/stoair/dev_ws/install/learning_parameter:/home/stoair/dev_ws/install/learning_node:/home/stoair/dev_ws/install/learning_launch:/home/stoair/dev_ws/install/learning_action:/home/stoair/dev_ws/install/learning_gazebo_fortress:/home/stoair/dev_ws/install/learning_gazebo:/home/stoair/dev_ws/install/learning_cv:/opt/ros/humble CONDA_PROMPT_MODIFIER=(base) /usr/bin/cmake --build /home/stoair/ros2CV/cv_ws/build/test_rclcpp -- -j16 -l16
[0.044s] [35m[1mConsolidate compiler generated dependencies of target webcam_sub[0m
[0.054s] [ 50%] Built target webcam_pub
[0.059s] [ 75%] [32mBuilding CXX object CMakeFiles/webcam_sub.dir/src/webcam_sub.cpp.o[0m
[1.951s] [01m[K/home/stoair/ros2CV/cv_ws/src/test_rclcpp/src/webcam_sub.cpp:[m[K In function â€˜[01m[Kbool readModel(cv::dnn::dnn4_v20231225::Net&, std::string&, bool)[m[Kâ€™:
[1.951s] [01m[K/home/stoair/ros2CV/cv_ws/src/test_rclcpp/src/webcam_sub.cpp:79:21:[m[K [01;31m[Kerror: [m[Kexpected â€˜[01m[K;[m[Kâ€™ before â€˜[01m[K}[m[Kâ€™ token
[1.951s]    79 |         return false
[1.951s]       |                     [01;31m[K^[m[K
[1.951s]       |                     [32m[K;[m[K
[1.952s]    80 |     [32m[K}[m[K
[1.952s]       |     [32m[K~[m[K                
[1.952s] [01m[K/home/stoair/ros2CV/cv_ws/src/test_rclcpp/src/webcam_sub.cpp:82:5:[m[K [01;35m[Kwarning: [m[Kexception of type â€˜[01m[Kcv::Exception[m[Kâ€™ will be caught by earlier handler [[01;35m[K]8;;https://gcc.gnu.org/onlinedocs/gcc/Warning-Options.html#index-Wexceptions-Wexceptions]8;;[m[K]
[1.952s]    82 |     [01;35m[Kcatch[m[K (const cv::Exception & e)
[1.952s]       |     [01;35m[K^~~~~[m[K
[1.952s] [01m[K/home/stoair/ros2CV/cv_ws/src/test_rclcpp/src/webcam_sub.cpp:77:5:[m[K [01;36m[Knote: [m[Kfor type â€˜[01m[Kstd::exception[m[Kâ€™
[1.952s]    77 |     [01;36m[Kcatch[m[K (const std::exception & e)
[1.952s]       |     [01;36m[K^~~~~[m[K
[1.952s] [01m[K/home/stoair/ros2CV/cv_ws/src/test_rclcpp/src/webcam_sub.cpp:[m[K In function â€˜[01m[Kint main(int, char**)[m[Kâ€™:
[1.953s] [01m[K/home/stoair/ros2CV/cv_ws/src/test_rclcpp/src/webcam_sub.cpp:101:14:[m[K [01;35m[Kwarning: [m[Kunused parameter â€˜[01m[Kargc[m[Kâ€™ [[01;35m[K]8;;https://gcc.gnu.org/onlinedocs/gcc/Warning-Options.html#index-Wunused-parameter-Wunused-parameter]8;;[m[K]
[1.953s]   101 | int main([01;35m[Kint argc[m[K, char ** argv)
[1.953s]       |          [01;35m[K~~~~^~~~[m[K
[1.953s] [01m[K/home/stoair/ros2CV/cv_ws/src/test_rclcpp/src/webcam_sub.cpp:101:28:[m[K [01;35m[Kwarning: [m[Kunused parameter â€˜[01m[Kargv[m[Kâ€™ [[01;35m[K]8;;https://gcc.gnu.org/onlinedocs/gcc/Warning-Options.html#index-Wunused-parameter-Wunused-parameter]8;;[m[K]
[1.953s]   101 | int main(int argc, [01;35m[Kchar ** argv[m[K)
[1.953s]       |                    [01;35m[K~~~~~~~~^~~~[m[K
[3.522s] gmake[2]: *** [CMakeFiles/webcam_sub.dir/build.make:76ï¼šCMakeFiles/webcam_sub.dir/src/webcam_sub.cpp.o] é”™è¯¯ 1
[3.522s] gmake[1]: *** [CMakeFiles/Makefile2:165ï¼šCMakeFiles/webcam_sub.dir/all] é”™è¯¯ 2
[3.522s] gmake: *** [Makefile:146ï¼šall] é”™è¯¯ 2
[3.526s] Invoked command in '/home/stoair/ros2CV/cv_ws/build/test_rclcpp' returned '2': CMAKE_PREFIX_PATH=${CMAKE_PREFIX_PATH}:/home/stoair/dev_ws/install/learning_urdf:/home/stoair/dev_ws/install/learning_topic:/home/stoair/dev_ws/install/learning_tf:/home/stoair/dev_ws/install/learning_service:/home/stoair/dev_ws/install/learning_qos:/home/stoair/dev_ws/install/learning_pkg_python:/home/stoair/dev_ws/install/learning_parameter:/home/stoair/dev_ws/install/learning_node:/home/stoair/dev_ws/install/learning_launch:/home/stoair/dev_ws/install/learning_action:/home/stoair/dev_ws/install/learning_gazebo_fortress:/home/stoair/dev_ws/install/learning_gazebo:/home/stoair/dev_ws/install/learning_cv:/opt/ros/humble CONDA_PROMPT_MODIFIER=(base) /usr/bin/cmake --build /home/stoair/ros2CV/cv_ws/build/test_rclcpp -- -j16 -l16
