[0.010s] Invoking command in '/home/stoair/ros2CV/cv_ws/build/topic2': CMAKE_PREFIX_PATH=${CMAKE_PREFIX_PATH}:/home/stoair/dev_ws/install/learning_urdf:/home/stoair/dev_ws/install/learning_topic:/home/stoair/dev_ws/install/learning_tf:/home/stoair/dev_ws/install/learning_service:/home/stoair/dev_ws/install/learning_qos:/home/stoair/dev_ws/install/learning_pkg_python:/home/stoair/dev_ws/install/learning_parameter:/home/stoair/dev_ws/install/learning_node:/home/stoair/dev_ws/install/learning_launch:/home/stoair/dev_ws/install/learning_action:/home/stoair/dev_ws/install/learning_gazebo_fortress:/home/stoair/dev_ws/install/learning_gazebo:/home/stoair/dev_ws/install/learning_cv:/opt/ros/humble CONDA_PROMPT_MODIFIER=(base) /usr/bin/cmake --build /home/stoair/ros2CV/cv_ws/build/topic2 -- -j16 -l16
[0.046s] [35m[1mConsolidate compiler generated dependencies of target image_pub[0m
[0.046s] [35m[1mConsolidate compiler generated dependencies of target image_sub[0m
[0.064s] [ 33%] [32mBuilding CXX object CMakeFiles/image_sub.dir/src/image_sub.cpp.o[0m
[0.064s] [ 33%] [32mBuilding CXX object CMakeFiles/image_sub.dir/src/yolo.cpp.o[0m
[0.064s] [ 50%] [32mBuilding CXX object CMakeFiles/image_pub.dir/src/image_pub.cpp.o[0m
[0.065s] [ 66%] [32mBuilding CXX object CMakeFiles/image_pub.dir/src/image_base64.cpp.o[0m
[0.896s] [01m[K/home/stoair/ros2CV/cv_ws/src/topic2/src/image_base64.cpp:[m[K In static member function ‚Äò[01m[Kstatic const string ImageBase64::decode(const char*, int, int&)[m[K‚Äô:
[0.896s] [01m[K/home/stoair/ros2CV/cv_ws/src/topic2/src/image_base64.cpp:85:35:[m[K [01;35m[Kwarning: [m[Karray subscript has type ‚Äò[01m[Kchar[m[K‚Äô [[01;35m[K]8;;https://gcc.gnu.org/onlinedocs/gcc/Warning-Options.html#index-Wchar-subscripts-Wchar-subscripts]8;;[m[K]
[0.896s]    85 |             n_value = DecodeTable[[01;35m[K*Data++[m[K] << 18;
[0.896s]       |                                   [01;35m[K^~~~~~~[m[K
[0.896s] [01m[K/home/stoair/ros2CV/cv_ws/src/topic2/src/image_base64.cpp:86:36:[m[K [01;35m[Kwarning: [m[Karray subscript has type ‚Äò[01m[Kchar[m[K‚Äô [[01;35m[K]8;;https://gcc.gnu.org/onlinedocs/gcc/Warning-Options.html#index-Wchar-subscripts-Wchar-subscripts]8;;[m[K]
[0.896s]    86 |             n_value += DecodeTable[[01;35m[K*Data++[m[K] << 12;
[0.896s]       |                                    [01;35m[K^~~~~~~[m[K
[0.897s] [01m[K/home/stoair/ros2CV/cv_ws/src/topic2/src/image_base64.cpp:91:40:[m[K [01;35m[Kwarning: [m[Karray subscript has type ‚Äò[01m[Kchar[m[K‚Äô [[01;35m[K]8;;https://gcc.gnu.org/onlinedocs/gcc/Warning-Options.html#index-Wchar-subscripts-Wchar-subscripts]8;;[m[K]
[0.897s]    91 |                 n_value += DecodeTable[[01;35m[K*Data++[m[K] << 6;
[0.897s]       |                                        [01;35m[K^~~~~~~[m[K
[0.897s] [01m[K/home/stoair/ros2CV/cv_ws/src/topic2/src/image_base64.cpp:96:44:[m[K [01;35m[Kwarning: [m[Karray subscript has type ‚Äò[01m[Kchar[m[K‚Äô [[01;35m[K]8;;https://gcc.gnu.org/onlinedocs/gcc/Warning-Options.html#index-Wchar-subscripts-Wchar-subscripts]8;;[m[K]
[0.897s]    96 |                     n_value += DecodeTable[[01;35m[K*Data++[m[K];
[0.897s]       |                                            [01;35m[K^~~~~~~[m[K
[0.901s] [01m[K/home/stoair/ros2CV/cv_ws/src/topic2/src/image_base64.cpp:[m[K In static member function ‚Äò[01m[Kstatic std::string ImageBase64::file2base64(const string&)[m[K‚Äô:
[0.901s] [01m[K/home/stoair/ros2CV/cv_ws/src/topic2/src/image_base64.cpp:121:38:[m[K [01;31m[Kerror: [m[K‚Äò[01m[KCV_IMWRITE_JPEG_QUALITY[m[K‚Äô was not declared in this scope
[0.901s]   121 |     vec_compression_params.push_back([01;31m[KCV_IMWRITE_JPEG_QUALITY[m[K);
[0.902s]       |                                      [01;31m[K^~~~~~~~~~~~~~~~~~~~~~~[m[K
[1.181s] gmake[2]: *** [CMakeFiles/image_pub.dir/build.make:90ÔºöCMakeFiles/image_pub.dir/src/image_base64.cpp.o] ÈîôËØØ 1
[1.181s] gmake[2]: *** Ê≠£Âú®Á≠âÂæÖÊú™ÂÆåÊàêÁöÑ‰ªªÂä°....
[1.327s] [01m[K/home/stoair/ros2CV/cv_ws/src/topic2/src/yolo.cpp:[m[K In member function ‚Äò[01m[Kcv::Mat Yolo::drawPred(cv::Mat, std::vector<Output>, std::vector<cv::Scalar_<double> >, int)[m[K‚Äô:
[1.327s] [01m[K/home/stoair/ros2CV/cv_ws/src/topic2/src/yolo.cpp:240:21:[m[K [01;35m[Kwarning: [m[Kunused variable ‚Äò[01m[Kcenter_x[m[K‚Äô [[01;35m[K]8;;https://gcc.gnu.org/onlinedocs/gcc/Warning-Options.html#index-Wunused-variable-Wunused-variable]8;;[m[K]
[1.327s]   240 |                 int [01;35m[Kcenter_x[m[K = left[i] + (result[i].box.width / 2);
[1.328s]       |                     [01;35m[K^~~~~~~~[m[K
[1.328s] [01m[K/home/stoair/ros2CV/cv_ws/src/topic2/src/yolo.cpp:241:21:[m[K [01;35m[Kwarning: [m[Kunused variable ‚Äò[01m[Kcenter_y[m[K‚Äô [[01;35m[K]8;;https://gcc.gnu.org/onlinedocs/gcc/Warning-Options.html#index-Wunused-variable-Wunused-variable]8;;[m[K]
[1.328s]   241 |                 int [01;35m[Kcenter_y[m[K = top[i] + (result[i].box.height / 2);
[1.328s]       |                     [01;35m[K^~~~~~~~[m[K
[2.660s] In file included from [01m[K/home/stoair/ros2CV/cv_ws/src/topic2/src/image_pub.cpp:6[m[K:
[2.661s] [01m[K/home/stoair/ros2CV/cv_ws/src/topic2/src/Mat2image.hpp:[m[K In static member function ‚Äò[01m[Kstatic int Mat2Img::MatToByteArray(cv::Mat, std::vector<unsigned char>&)[m[K‚Äô:
[2.661s] [01m[K/home/stoair/ros2CV/cv_ws/src/topic2/src/Mat2image.hpp:18:28:[m[K [01;31m[Kerror: [m[K‚Äò[01m[KCV_IMWRITE_JPEG_QUALITY[m[K‚Äô was not declared in this scope
[2.661s]    18 |                 param[0] = [01;31m[KCV_IMWRITE_JPEG_QUALITY[m[K;
[2.661s]       |                            [01;31m[K^~~~~~~~~~~~~~~~~~~~~~~[m[K
[2.671s] [01m[K/home/stoair/ros2CV/cv_ws/src/topic2/src/Mat2image.hpp:[m[K In static member function ‚Äò[01m[Kstatic int Mat2Img::JPEGToMat(cv::Mat&, std::vector<unsigned char>)[m[K‚Äô:
[2.671s] [01m[K/home/stoair/ros2CV/cv_ws/src/topic2/src/Mat2image.hpp:31:55:[m[K [01;31m[Kerror: [m[K‚Äò[01m[KCV_LOAD_IMAGE_COLOR[m[K‚Äô was not declared in this scope
[2.671s]    31 |                         matImage = cv::imdecode(buff, [01;31m[KCV_LOAD_IMAGE_COLOR[m[K);
[2.671s]       |                                                       [01;31m[K^~~~~~~~~~~~~~~~~~~[m[K
[2.681s] [01m[K/home/stoair/ros2CV/cv_ws/src/topic2/src/Mat2image.hpp:37:55:[m[K [01;31m[Kerror: [m[K‚Äò[01m[KCV_LOAD_IMAGE_COLOR[m[K‚Äô was not declared in this scope
[2.681s]    37 |                         matImage = cv::imdecode(buff, [01;31m[KCV_LOAD_IMAGE_COLOR[m[K);
[2.681s]       |                                                       [01;31m[K^~~~~~~~~~~~~~~~~~~[m[K
[4.492s] gmake[2]: *** [CMakeFiles/image_pub.dir/build.make:76ÔºöCMakeFiles/image_pub.dir/src/image_pub.cpp.o] ÈîôËØØ 1
[4.492s] gmake[1]: *** [CMakeFiles/Makefile2:139ÔºöCMakeFiles/image_pub.dir/all] ÈîôËØØ 2
[4.492s] gmake[1]: *** Ê≠£Âú®Á≠âÂæÖÊú™ÂÆåÊàêÁöÑ‰ªªÂä°....
[7.858s] [ 83%] [32m[1mLinking CXX executable image_sub[0m
[8.106s] /usr/bin/ld: warning: libopencv_imgproc.so.4.5d, needed by /opt/ros/humble/lib/libcv_bridge.so, may conflict with libopencv_imgproc.so.409
[8.106s] /usr/bin/ld: warning: libopencv_core.so.4.5d, needed by /opt/ros/humble/lib/libcv_bridge.so, may conflict with libopencv_core.so.409
[8.568s] [ 83%] Built target image_sub
[8.568s] gmake: *** [Makefile:146Ôºöall] ÈîôËØØ 2
[8.570s] Invoked command in '/home/stoair/ros2CV/cv_ws/build/topic2' returned '2': CMAKE_PREFIX_PATH=${CMAKE_PREFIX_PATH}:/home/stoair/dev_ws/install/learning_urdf:/home/stoair/dev_ws/install/learning_topic:/home/stoair/dev_ws/install/learning_tf:/home/stoair/dev_ws/install/learning_service:/home/stoair/dev_ws/install/learning_qos:/home/stoair/dev_ws/install/learning_pkg_python:/home/stoair/dev_ws/install/learning_parameter:/home/stoair/dev_ws/install/learning_node:/home/stoair/dev_ws/install/learning_launch:/home/stoair/dev_ws/install/learning_action:/home/stoair/dev_ws/install/learning_gazebo_fortress:/home/stoair/dev_ws/install/learning_gazebo:/home/stoair/dev_ws/install/learning_cv:/opt/ros/humble CONDA_PROMPT_MODIFIER=(base) /usr/bin/cmake --build /home/stoair/ros2CV/cv_ws/build/topic2 -- -j16 -l16
