[35m[1mConsolidate compiler generated dependencies of target image_sub[0m
[ 40%] Built target image_pub
[ 60%] [32mBuilding CXX object CMakeFiles/image_sub.dir/src/image_sub.cpp.o[0m
[01m[K/home/stoair/ros2CV/cv_ws/src/topic2/src/image_sub.cpp:76:33:[m[K [01;31m[Kerror: [m[Kextended character â€œ is not valid in an identifier
   76 |         std::string& encoding = [01;31m[Kâ€œ[m[K8UC1â€
      |                                 [01;31m[K^[m[K
[01m[K/home/stoair/ros2CV/cv_ws/src/topic2/src/image_sub.cpp:76:33:[m[K [01;31m[Kerror: [m[Kextended character â€ is not valid in an identifier
[01m[K/home/stoair/ros2CV/cv_ws/src/topic2/src/image_sub.cpp:[m[K In member function â€˜[01m[Kvoid imageSub::image_callback(sensor_msgs::msg::Image_<std::allocator<void> >::SharedPtr)[m[Kâ€™:
[01m[K/home/stoair/ros2CV/cv_ws/src/topic2/src/image_sub.cpp:76:22:[m[K [01;31m[Kerror: [m[Kconflicting declaration â€˜[01m[Kstd::string& encoding[m[Kâ€™
   76 |         std::string& [01;31m[Kencoding[m[K = â€œ8UC1â€
      |                      [01;31m[K^~~~~~~~[m[K
[01m[K/home/stoair/ros2CV/cv_ws/src/topic2/src/image_sub.cpp:74:21:[m[K [01;36m[Knote: [m[Kprevious declaration as â€˜[01m[Kstd::string encoding[m[Kâ€™
   74 |         std::string [01;36m[Kencoding[m[K = msg->encoding;
      |                     [01;36m[K^~~~~~~~[m[K
[01m[K/home/stoair/ros2CV/cv_ws/src/topic2/src/image_sub.cpp:76:33:[m[K [01;31m[Kerror: [m[Kâ€˜[01m[Kâ€œ8UC1â€[m[Kâ€™ was not declared in this scope
   76 |         std::string& encoding = [01;31m[Kâ€œ8UC1â€[m[K
      |                                 [01;31m[K^~~~~~[m[K
[01m[K/home/stoair/ros2CV/cv_ws/src/topic2/src/image_sub.cpp:78:19:[m[K [01;31m[Kerror: [m[Kâ€˜[01m[Kcv_ptr[m[Kâ€™ was not declared in this scope; did you mean â€˜[01m[Ksi_ptr[m[Kâ€™?
   78 |         Mat src = [01;31m[Kcv_ptr[m[K->image;
      |                   [01;31m[K^~~~~~[m[K
      |                   [32m[Ksi_ptr[m[K
gmake[2]: *** [CMakeFiles/image_sub.dir/build.make:76ï¼šCMakeFiles/image_sub.dir/src/image_sub.cpp.o] é”™è¯¯ 1
gmake[1]: *** [CMakeFiles/Makefile2:165ï¼šCMakeFiles/image_sub.dir/all] é”™è¯¯ 2
gmake: *** [Makefile:146ï¼šall] é”™è¯¯ 2
