[35m[1mConsolidate compiler generated dependencies of target image_sub[0m
[ 40%] Built target image_pub
[ 60%] [32mBuilding CXX object CMakeFiles/image_sub.dir/src/image_sub.cpp.o[0m
[01m[K/home/stoair/ros2CV/cv_ws/src/topic2/src/image_sub.cpp:76:33:[m[K [01;31m[Kerror: [m[Kextended character “ is not valid in an identifier
   76 |         std::string& encoding = [01;31m[K“[m[K8UC1”
      |                                 [01;31m[K^[m[K
[01m[K/home/stoair/ros2CV/cv_ws/src/topic2/src/image_sub.cpp:76:33:[m[K [01;31m[Kerror: [m[Kextended character ” is not valid in an identifier
[01m[K/home/stoair/ros2CV/cv_ws/src/topic2/src/image_sub.cpp:[m[K In member function ‘[01m[Kvoid imageSub::image_callback(sensor_msgs::msg::Image_<std::allocator<void> >::SharedPtr)[m[K’:
[01m[K/home/stoair/ros2CV/cv_ws/src/topic2/src/image_sub.cpp:76:22:[m[K [01;31m[Kerror: [m[Kconflicting declaration ‘[01m[Kstd::string& encoding[m[K’
   76 |         std::string& [01;31m[Kencoding[m[K = “8UC1”
      |                      [01;31m[K^~~~~~~~[m[K
[01m[K/home/stoair/ros2CV/cv_ws/src/topic2/src/image_sub.cpp:74:21:[m[K [01;36m[Knote: [m[Kprevious declaration as ‘[01m[Kstd::string encoding[m[K’
   74 |         std::string [01;36m[Kencoding[m[K = msg->encoding;
      |                     [01;36m[K^~~~~~~~[m[K
[01m[K/home/stoair/ros2CV/cv_ws/src/topic2/src/image_sub.cpp:76:33:[m[K [01;31m[Kerror: [m[K‘[01m[K“8UC1”[m[K’ was not declared in this scope
   76 |         std::string& encoding = [01;31m[K“8UC1”[m[K
      |                                 [01;31m[K^~~~~~[m[K
[01m[K/home/stoair/ros2CV/cv_ws/src/topic2/src/image_sub.cpp:78:19:[m[K [01;31m[Kerror: [m[K‘[01m[Kcv_ptr[m[K’ was not declared in this scope; did you mean ‘[01m[Ksi_ptr[m[K’?
   78 |         Mat src = [01;31m[Kcv_ptr[m[K->image;
      |                   [01;31m[K^~~~~~[m[K
      |                   [32m[Ksi_ptr[m[K
gmake[2]: *** [CMakeFiles/image_sub.dir/build.make:76：CMakeFiles/image_sub.dir/src/image_sub.cpp.o] 错误 1
gmake[1]: *** [CMakeFiles/Makefile2:165：CMakeFiles/image_sub.dir/all] 错误 2
gmake: *** [Makefile:146：all] 错误 2
