[01m[K/home/stoair/ros2CV/cv_ws/src/topic2/src/yolo.cpp:8:6:[m[K [01;31m[Kerror: [m[Kâ€˜[01m[KYolo[m[Kâ€™ has not been declared
    8 | bool [01;31m[KYolo[m[K::readModel(Net &net, string &netPath, bool isCuda = false)
      |      [01;31m[K^~~~[m[K
[01m[K/home/stoair/ros2CV/cv_ws/src/topic2/src/yolo.cpp:8:22:[m[K [01;31m[Kerror: [m[Kâ€˜[01m[KNet[m[Kâ€™ was not declared in this scope
    8 | bool Yolo::readModel([01;31m[KNet[m[K &net, string &netPath, bool isCuda = false)
      |                      [01;31m[K^~~[m[K
[01m[K/home/stoair/ros2CV/cv_ws/src/topic2/src/yolo.cpp:8:27:[m[K [01;31m[Kerror: [m[Kâ€˜[01m[Knet[m[Kâ€™ was not declared in this scope
    8 | bool Yolo::readModel(Net &[01;31m[Knet[m[K, string &netPath, bool isCuda = false)
      |                           [01;31m[K^~~[m[K
[01m[K/home/stoair/ros2CV/cv_ws/src/topic2/src/yolo.cpp:8:32:[m[K [01;31m[Kerror: [m[Kâ€˜[01m[Kstring[m[Kâ€™ was not declared in this scope
    8 | bool Yolo::readModel(Net &net, [01;31m[Kstring[m[K &netPath, bool isCuda = false)
      |                                [01;31m[K^~~~~~[m[K
[01m[K/home/stoair/ros2CV/cv_ws/src/topic2/src/yolo.cpp:8:40:[m[K [01;31m[Kerror: [m[Kâ€˜[01m[KnetPath[m[Kâ€™ was not declared in this scope
    8 | bool Yolo::readModel(Net &net, string &[01;31m[KnetPath[m[K, bool isCuda = false)
      |                                        [01;31m[K^~~~~~~[m[K
[01m[K/home/stoair/ros2CV/cv_ws/src/topic2/src/yolo.cpp:8:49:[m[K [01;31m[Kerror: [m[Kexpected primary-expression before â€˜[01m[Kbool[m[Kâ€™
    8 | bool Yolo::readModel(Net &net, string &netPath, [01;31m[Kbool[m[K isCuda = false)
      |                                                 [01;31m[K^~~~[m[K
[01m[K/home/stoair/ros2CV/cv_ws/src/topic2/src/yolo.cpp:8:68:[m[K [01;31m[Kerror: [m[Kexpression list treated as compound expression in initializer [[01;31m[K]8;;https://gcc.gnu.org/onlinedocs/gcc/Warning-Options.html#index-fpermissive-fpermissive]8;;[m[K]
    8 | bool Yolo::readModel(Net &net, string &netPath, bool isCuda = false[01;31m[K)[m[K
      |                                                                    [01;31m[K^[m[K
[01m[K/home/stoair/ros2CV/cv_ws/src/topic2/src/yolo.cpp:129:6:[m[K [01;31m[Kerror: [m[Kâ€˜[01m[KYolo[m[Kâ€™ has not been declared
  129 | bool [01;31m[KYolo[m[K::Detect(Mat &SrcImg, Net &net, vector<Output> &output, int model_flag)
      |      [01;31m[K^~~~[m[K
[01m[K/home/stoair/ros2CV/cv_ws/src/topic2/src/yolo.cpp:129:19:[m[K [01;31m[Kerror: [m[Kâ€˜[01m[KMat[m[Kâ€™ was not declared in this scope
  129 | bool Yolo::Detect([01;31m[KMat[m[K &SrcImg, Net &net, vector<Output> &output, int model_flag)
      |                   [01;31m[K^~~[m[K
[01m[K/home/stoair/ros2CV/cv_ws/src/topic2/src/yolo.cpp:129:24:[m[K [01;31m[Kerror: [m[Kâ€˜[01m[KSrcImg[m[Kâ€™ was not declared in this scope
  129 | bool Yolo::Detect(Mat &[01;31m[KSrcImg[m[K, Net &net, vector<Output> &output, int model_flag)
      |                        [01;31m[K^~~~~~[m[K
[01m[K/home/stoair/ros2CV/cv_ws/src/topic2/src/yolo.cpp:129:32:[m[K [01;31m[Kerror: [m[Kâ€˜[01m[KNet[m[Kâ€™ was not declared in this scope
  129 | bool Yolo::Detect(Mat &SrcImg, [01;31m[KNet[m[K &net, vector<Output> &output, int model_flag)
      |                                [01;31m[K^~~[m[K
[01m[K/home/stoair/ros2CV/cv_ws/src/topic2/src/yolo.cpp:129:37:[m[K [01;31m[Kerror: [m[Kâ€˜[01m[Knet[m[Kâ€™ was not declared in this scope
  129 | bool Yolo::Detect(Mat &SrcImg, Net &[01;31m[Knet[m[K, vector<Output> &output, int model_flag)
      |                                     [01;31m[K^~~[m[K
[01m[K/home/stoair/ros2CV/cv_ws/src/topic2/src/yolo.cpp:129:42:[m[K [01;31m[Kerror: [m[Kâ€˜[01m[Kvector[m[Kâ€™ was not declared in this scope
  129 | bool Yolo::Detect(Mat &SrcImg, Net &net, [01;31m[Kvector[m[K<Output> &output, int model_flag)
      |                                          [01;31m[K^~~~~~[m[K
[01m[K/home/stoair/ros2CV/cv_ws/src/topic2/src/yolo.cpp:129:49:[m[K [01;31m[Kerror: [m[Kâ€˜[01m[KOutput[m[Kâ€™ was not declared in this scope
  129 | bool Yolo::Detect(Mat &SrcImg, Net &net, vector<[01;31m[KOutput[m[K> &output, int model_flag)
      |                                                 [01;31m[K^~~~~~[m[K
[01m[K/home/stoair/ros2CV/cv_ws/src/topic2/src/yolo.cpp:129:58:[m[K [01;31m[Kerror: [m[Kâ€˜[01m[Koutput[m[Kâ€™ was not declared in this scope
  129 | bool Yolo::Detect(Mat &SrcImg, Net &net, vector<Output> &[01;31m[Koutput[m[K, int model_flag)
      |                                                          [01;31m[K^~~~~~[m[K
[01m[K/home/stoair/ros2CV/cv_ws/src/topic2/src/yolo.cpp:129:66:[m[K [01;31m[Kerror: [m[Kexpected primary-expression before â€˜[01m[Kint[m[Kâ€™
  129 | bool Yolo::Detect(Mat &SrcImg, Net &net, vector<Output> &output, [01;31m[Kint[m[K model_flag)
      |                                                                  [01;31m[K^~~[m[K
[01m[K/home/stoair/ros2CV/cv_ws/src/topic2/src/yolo.cpp:129:80:[m[K [01;31m[Kerror: [m[Kexpression list treated as compound expression in initializer [[01;31m[K]8;;https://gcc.gnu.org/onlinedocs/gcc/Warning-Options.html#index-fpermissive-fpermissive]8;;[m[K]
  129 | bool Yolo::Detect(Mat &SrcImg, Net &net, vector<Output> &output, int model_flag[01;31m[K)[m[K
      |                                                                                [01;31m[K^[m[K
[01m[K/home/stoair/ros2CV/cv_ws/src/topic2/src/yolo.cpp:221:1:[m[K [01;31m[Kerror: [m[Kâ€˜[01m[KMat[m[Kâ€™ does not name a type
  221 | [01;31m[KMat[m[K Yolo::drawPred(Mat src, vector<Output> result, vector<Scalar> color, int model_flag)
      | [01;31m[K^~~[m[K
[01m[K/home/stoair/ros2CV/cv_ws/src/topic2/src/yolo.cpp:268:6:[m[K [01;31m[Kerror: [m[Kâ€˜[01m[KYolo[m[Kâ€™ has not been declared
  268 | void [01;31m[KYolo[m[K::target(Mat src, vector<Output> result, int model_flag)
      |      [01;31m[K^~~~[m[K
[01m[K/home/stoair/ros2CV/cv_ws/src/topic2/src/yolo.cpp:268:6:[m[K [01;31m[Kerror: [m[Kvariable or field â€˜[01m[Ktarget[m[Kâ€™ declared void
[01m[K/home/stoair/ros2CV/cv_ws/src/topic2/src/yolo.cpp:268:19:[m[K [01;31m[Kerror: [m[Kâ€˜[01m[KMat[m[Kâ€™ was not declared in this scope
  268 | void Yolo::target([01;31m[KMat[m[K src, vector<Output> result, int model_flag)
      |                   [01;31m[K^~~[m[K
[01m[K/home/stoair/ros2CV/cv_ws/src/topic2/src/yolo.cpp:268:28:[m[K [01;31m[Kerror: [m[Kâ€˜[01m[Kvector[m[Kâ€™ was not declared in this scope
  268 | void Yolo::target(Mat src, [01;31m[Kvector[m[K<Output> result, int model_flag)
      |                            [01;31m[K^~~~~~[m[K
[01m[K/home/stoair/ros2CV/cv_ws/src/topic2/src/yolo.cpp:268:35:[m[K [01;31m[Kerror: [m[Kâ€˜[01m[KOutput[m[Kâ€™ was not declared in this scope
  268 | void Yolo::target(Mat src, vector<[01;31m[KOutput[m[K> result, int model_flag)
      |                                   [01;31m[K^~~~~~[m[K
[01m[K/home/stoair/ros2CV/cv_ws/src/topic2/src/yolo.cpp:268:43:[m[K [01;31m[Kerror: [m[Kâ€˜[01m[Kresult[m[Kâ€™ was not declared in this scope
  268 | void Yolo::target(Mat src, vector<Output> [01;31m[Kresult[m[K, int model_flag)
      |                                           [01;31m[K^~~~~~[m[K
[01m[K/home/stoair/ros2CV/cv_ws/src/topic2/src/yolo.cpp:268:51:[m[K [01;31m[Kerror: [m[Kexpected primary-expression before â€˜[01m[Kint[m[Kâ€™
  268 | void Yolo::target(Mat src, vector<Output> result, [01;31m[Kint[m[K model_flag)
      |                                                   [01;31m[K^~~[m[K
gmake[2]: *** [CMakeFiles/image_sub.dir/build.make:90ï¼šCMakeFiles/image_sub.dir/src/yolo.cpp.o] é”™è¯¯ 1
gmake[2]: *** æ­£åœ¨ç­‰å¾…æœªå®Œæˆçš„ä»»åŠ¡....
[01m[K/home/stoair/ros2CV/cv_ws/src/topic2/src/image_sub.cpp:12:10:[m[K [01;31m[Kfatal error: [m[Krclcpp/rclcpp.hpp: æ²¡æœ‰é‚£ä¸ªæ–‡ä»¶æˆ–ç›®å½•
   12 | #include [01;31m[K<rclcpp/rclcpp.hpp>[m[K
      |          [01;31m[K^~~~~~~~~~~~~~~~~~~[m[K
compilation terminated.
[01m[K/home/stoair/ros2CV/cv_ws/src/topic2/src/image_pub.cpp:13:10:[m[K [01;31m[Kfatal error: [m[Krclcpp/rclcpp.hpp: æ²¡æœ‰é‚£ä¸ªæ–‡ä»¶æˆ–ç›®å½•
   13 | #include [01;31m[K<rclcpp/rclcpp.hpp>[m[K
      |          [01;31m[K^~~~~~~~~~~~~~~~~~~[m[K
compilation terminated.
gmake[2]: *** [CMakeFiles/image_sub.dir/build.make:76ï¼šCMakeFiles/image_sub.dir/src/image_sub.cpp.o] é”™è¯¯ 1
gmake[1]: *** [CMakeFiles/Makefile2:165ï¼šCMakeFiles/image_sub.dir/all] é”™è¯¯ 2
gmake[1]: *** æ­£åœ¨ç­‰å¾…æœªå®Œæˆçš„ä»»åŠ¡....
gmake[2]: *** [CMakeFiles/image_pub.dir/build.make:76ï¼šCMakeFiles/image_pub.dir/src/image_pub.cpp.o] é”™è¯¯ 1
gmake[1]: *** [CMakeFiles/Makefile2:139ï¼šCMakeFiles/image_pub.dir/all] é”™è¯¯ 2
gmake: *** [Makefile:146ï¼šall] é”™è¯¯ 2
