-- Found ament_cmake: 1.3.8 (/opt/ros/humble/share/ament_cmake/cmake)
-- Found rclcpp: 16.0.8 (/opt/ros/humble/share/rclcpp/cmake)
-- Found rosidl_generator_c: 3.1.5 (/opt/ros/humble/share/rosidl_generator_c/cmake)
-- Found rosidl_adapter: 3.1.5 (/opt/ros/humble/share/rosidl_adapter/cmake)
-- Found rosidl_generator_cpp: 3.1.5 (/opt/ros/humble/share/rosidl_generator_cpp/cmake)
-- Using all available rosidl_typesupport_c: rosidl_typesupport_fastrtps_c;rosidl_typesupport_introspection_c
-- Using all available rosidl_typesupport_cpp: rosidl_typesupport_fastrtps_cpp;rosidl_typesupport_introspection_cpp
-- Found rmw_implementation_cmake: 6.1.1 (/opt/ros/humble/share/rmw_implementation_cmake/cmake)
-- Found rmw_fastrtps_cpp: 6.2.6 (/opt/ros/humble/share/rmw_fastrtps_cpp/cmake)
-- Using RMW implementation 'rmw_fastrtps_cpp' as default
-- Found cv_bridge: 3.2.1 (/opt/ros/humble/share/cv_bridge/cmake)
-- Found topic_interfaces: 0.0.0 (/home/stoair/ros2CV/cv_ws/install/topic_interfaces/share/topic_interfaces/cmake)
-- Found ament_lint_auto: 0.12.10 (/opt/ros/humble/share/ament_lint_auto/cmake)
-- Added test 'cppcheck' to perform static code analysis on C / C++ code
-- Configured cppcheck include dirs: /home/stoair/ros2CV/cv_ws/src/topic2/.
-- Configured cppcheck exclude dirs and/or files: 
-- Added test 'lint_cmake' to check CMake code style
-- Added test 'uncrustify' to check C / C++ code style
-- Configured uncrustify additional arguments: 
-- Added test 'xmllint' to check XML markup files
-- Configuring done
-- Generating done
-- Build files have been written to: /home/stoair/ros2CV/cv_ws/build/topic2
[35m[1mConsolidate compiler generated dependencies of target image_sub[0m
[ 40%] [32mBuilding CXX object CMakeFiles/image_pub.dir/src/image_pub.cpp.o[0m
[ 40%] [32mBuilding CXX object CMakeFiles/image_sub.dir/src/yolo.cpp.o[0m
[ 60%] [32mBuilding CXX object CMakeFiles/image_sub.dir/src/image_sub.cpp.o[0m
[01m[K/home/stoair/ros2CV/cv_ws/src/topic2/src/yolo.cpp:8:6:[m[K [01;31m[Kerror: [m[K‚Äò[01m[KYolo[m[K‚Äô has not been declared
    8 | bool [01;31m[KYolo[m[K::readModel(Net &net, string &netPath, bool isCuda = false)
      |      [01;31m[K^~~~[m[K
[01m[K/home/stoair/ros2CV/cv_ws/src/topic2/src/yolo.cpp:8:22:[m[K [01;31m[Kerror: [m[K‚Äò[01m[KNet[m[K‚Äô was not declared in this scope
    8 | bool Yolo::readModel([01;31m[KNet[m[K &net, string &netPath, bool isCuda = false)
      |                      [01;31m[K^~~[m[K
[01m[K/home/stoair/ros2CV/cv_ws/src/topic2/src/yolo.cpp:8:27:[m[K [01;31m[Kerror: [m[K‚Äò[01m[Knet[m[K‚Äô was not declared in this scope
    8 | bool Yolo::readModel(Net &[01;31m[Knet[m[K, string &netPath, bool isCuda = false)
      |                           [01;31m[K^~~[m[K
[01m[K/home/stoair/ros2CV/cv_ws/src/topic2/src/yolo.cpp:8:32:[m[K [01;31m[Kerror: [m[K‚Äò[01m[Kstring[m[K‚Äô was not declared in this scope
    8 | bool Yolo::readModel(Net &net, [01;31m[Kstring[m[K &netPath, bool isCuda = false)
      |                                [01;31m[K^~~~~~[m[K
[01m[K/home/stoair/ros2CV/cv_ws/src/topic2/src/yolo.cpp:8:40:[m[K [01;31m[Kerror: [m[K‚Äò[01m[KnetPath[m[K‚Äô was not declared in this scope
    8 | bool Yolo::readModel(Net &net, string &[01;31m[KnetPath[m[K, bool isCuda = false)
      |                                        [01;31m[K^~~~~~~[m[K
[01m[K/home/stoair/ros2CV/cv_ws/src/topic2/src/yolo.cpp:8:49:[m[K [01;31m[Kerror: [m[Kexpected primary-expression before ‚Äò[01m[Kbool[m[K‚Äô
    8 | bool Yolo::readModel(Net &net, string &netPath, [01;31m[Kbool[m[K isCuda = false)
      |                                                 [01;31m[K^~~~[m[K
[01m[K/home/stoair/ros2CV/cv_ws/src/topic2/src/yolo.cpp:8:68:[m[K [01;31m[Kerror: [m[Kexpression list treated as compound expression in initializer [[01;31m[K]8;;https://gcc.gnu.org/onlinedocs/gcc/Warning-Options.html#index-fpermissive-fpermissive]8;;[m[K]
    8 | bool Yolo::readModel(Net &net, string &netPath, bool isCuda = false[01;31m[K)[m[K
      |                                                                    [01;31m[K^[m[K
[01m[K/home/stoair/ros2CV/cv_ws/src/topic2/src/yolo.cpp:129:6:[m[K [01;31m[Kerror: [m[K‚Äò[01m[KYolo[m[K‚Äô has not been declared
  129 | bool [01;31m[KYolo[m[K::Detect(Mat &SrcImg, Net &net, vector<Output> &output, int model_flag)
      |      [01;31m[K^~~~[m[K
[01m[K/home/stoair/ros2CV/cv_ws/src/topic2/src/yolo.cpp:129:19:[m[K [01;31m[Kerror: [m[K‚Äò[01m[KMat[m[K‚Äô was not declared in this scope
  129 | bool Yolo::Detect([01;31m[KMat[m[K &SrcImg, Net &net, vector<Output> &output, int model_flag)
      |                   [01;31m[K^~~[m[K
[01m[K/home/stoair/ros2CV/cv_ws/src/topic2/src/yolo.cpp:129:24:[m[K [01;31m[Kerror: [m[K‚Äò[01m[KSrcImg[m[K‚Äô was not declared in this scope
  129 | bool Yolo::Detect(Mat &[01;31m[KSrcImg[m[K, Net &net, vector<Output> &output, int model_flag)
      |                        [01;31m[K^~~~~~[m[K
[01m[K/home/stoair/ros2CV/cv_ws/src/topic2/src/yolo.cpp:129:32:[m[K [01;31m[Kerror: [m[K‚Äò[01m[KNet[m[K‚Äô was not declared in this scope
  129 | bool Yolo::Detect(Mat &SrcImg, [01;31m[KNet[m[K &net, vector<Output> &output, int model_flag)
      |                                [01;31m[K^~~[m[K
[01m[K/home/stoair/ros2CV/cv_ws/src/topic2/src/yolo.cpp:129:37:[m[K [01;31m[Kerror: [m[K‚Äò[01m[Knet[m[K‚Äô was not declared in this scope
  129 | bool Yolo::Detect(Mat &SrcImg, Net &[01;31m[Knet[m[K, vector<Output> &output, int model_flag)
      |                                     [01;31m[K^~~[m[K
[01m[K/home/stoair/ros2CV/cv_ws/src/topic2/src/yolo.cpp:129:42:[m[K [01;31m[Kerror: [m[K‚Äò[01m[Kvector[m[K‚Äô was not declared in this scope
  129 | bool Yolo::Detect(Mat &SrcImg, Net &net, [01;31m[Kvector[m[K<Output> &output, int model_flag)
      |                                          [01;31m[K^~~~~~[m[K
[01m[K/home/stoair/ros2CV/cv_ws/src/topic2/src/yolo.cpp:129:49:[m[K [01;31m[Kerror: [m[K‚Äò[01m[KOutput[m[K‚Äô was not declared in this scope
  129 | bool Yolo::Detect(Mat &SrcImg, Net &net, vector<[01;31m[KOutput[m[K> &output, int model_flag)
      |                                                 [01;31m[K^~~~~~[m[K
[01m[K/home/stoair/ros2CV/cv_ws/src/topic2/src/yolo.cpp:129:58:[m[K [01;31m[Kerror: [m[K‚Äò[01m[Koutput[m[K‚Äô was not declared in this scope
  129 | bool Yolo::Detect(Mat &SrcImg, Net &net, vector<Output> &[01;31m[Koutput[m[K, int model_flag)
      |                                                          [01;31m[K^~~~~~[m[K
[01m[K/home/stoair/ros2CV/cv_ws/src/topic2/src/yolo.cpp:129:66:[m[K [01;31m[Kerror: [m[Kexpected primary-expression before ‚Äò[01m[Kint[m[K‚Äô
  129 | bool Yolo::Detect(Mat &SrcImg, Net &net, vector<Output> &output, [01;31m[Kint[m[K model_flag)
      |                                                                  [01;31m[K^~~[m[K
[01m[K/home/stoair/ros2CV/cv_ws/src/topic2/src/yolo.cpp:129:80:[m[K [01;31m[Kerror: [m[Kexpression list treated as compound expression in initializer [[01;31m[K]8;;https://gcc.gnu.org/onlinedocs/gcc/Warning-Options.html#index-fpermissive-fpermissive]8;;[m[K]
  129 | bool Yolo::Detect(Mat &SrcImg, Net &net, vector<Output> &output, int model_flag[01;31m[K)[m[K
      |                                                                                [01;31m[K^[m[K
[01m[K/home/stoair/ros2CV/cv_ws/src/topic2/src/yolo.cpp:221:1:[m[K [01;31m[Kerror: [m[K‚Äò[01m[KMat[m[K‚Äô does not name a type
  221 | [01;31m[KMat[m[K Yolo::drawPred(Mat src, vector<Output> result, vector<Scalar> color, int model_flag)
      | [01;31m[K^~~[m[K
[01m[K/home/stoair/ros2CV/cv_ws/src/topic2/src/yolo.cpp:268:6:[m[K [01;31m[Kerror: [m[K‚Äò[01m[KYolo[m[K‚Äô has not been declared
  268 | void [01;31m[KYolo[m[K::target(Mat src, vector<Output> result, int model_flag)
      |      [01;31m[K^~~~[m[K
[01m[K/home/stoair/ros2CV/cv_ws/src/topic2/src/yolo.cpp:268:6:[m[K [01;31m[Kerror: [m[Kvariable or field ‚Äò[01m[Ktarget[m[K‚Äô declared void
[01m[K/home/stoair/ros2CV/cv_ws/src/topic2/src/yolo.cpp:268:19:[m[K [01;31m[Kerror: [m[K‚Äò[01m[KMat[m[K‚Äô was not declared in this scope
  268 | void Yolo::target([01;31m[KMat[m[K src, vector<Output> result, int model_flag)
      |                   [01;31m[K^~~[m[K
[01m[K/home/stoair/ros2CV/cv_ws/src/topic2/src/yolo.cpp:268:28:[m[K [01;31m[Kerror: [m[K‚Äò[01m[Kvector[m[K‚Äô was not declared in this scope
  268 | void Yolo::target(Mat src, [01;31m[Kvector[m[K<Output> result, int model_flag)
      |                            [01;31m[K^~~~~~[m[K
[01m[K/home/stoair/ros2CV/cv_ws/src/topic2/src/yolo.cpp:268:35:[m[K [01;31m[Kerror: [m[K‚Äò[01m[KOutput[m[K‚Äô was not declared in this scope
  268 | void Yolo::target(Mat src, vector<[01;31m[KOutput[m[K> result, int model_flag)
      |                                   [01;31m[K^~~~~~[m[K
[01m[K/home/stoair/ros2CV/cv_ws/src/topic2/src/yolo.cpp:268:43:[m[K [01;31m[Kerror: [m[K‚Äò[01m[Kresult[m[K‚Äô was not declared in this scope
  268 | void Yolo::target(Mat src, vector<Output> [01;31m[Kresult[m[K, int model_flag)
      |                                           [01;31m[K^~~~~~[m[K
[01m[K/home/stoair/ros2CV/cv_ws/src/topic2/src/yolo.cpp:268:51:[m[K [01;31m[Kerror: [m[Kexpected primary-expression before ‚Äò[01m[Kint[m[K‚Äô
  268 | void Yolo::target(Mat src, vector<Output> result, [01;31m[Kint[m[K model_flag)
      |                                                   [01;31m[K^~~[m[K
gmake[2]: *** [CMakeFiles/image_sub.dir/build.make:90ÔºöCMakeFiles/image_sub.dir/src/yolo.cpp.o] ÈîôËØØ 1
gmake[2]: *** Ê≠£Âú®Á≠âÂæÖÊú™ÂÆåÊàêÁöÑ‰ªªÂä°....
[01m[K/home/stoair/ros2CV/cv_ws/src/topic2/src/image_sub.cpp:12:10:[m[K [01;31m[Kfatal error: [m[Krclcpp/rclcpp.hpp: Ê≤°ÊúâÈÇ£‰∏™Êñá‰ª∂ÊàñÁõÆÂΩï
   12 | #include [01;31m[K<rclcpp/rclcpp.hpp>[m[K
      |          [01;31m[K^~~~~~~~~~~~~~~~~~~[m[K
compilation terminated.
[01m[K/home/stoair/ros2CV/cv_ws/src/topic2/src/image_pub.cpp:13:10:[m[K [01;31m[Kfatal error: [m[Krclcpp/rclcpp.hpp: Ê≤°ÊúâÈÇ£‰∏™Êñá‰ª∂ÊàñÁõÆÂΩï
   13 | #include [01;31m[K<rclcpp/rclcpp.hpp>[m[K
      |          [01;31m[K^~~~~~~~~~~~~~~~~~~[m[K
compilation terminated.
gmake[2]: *** [CMakeFiles/image_sub.dir/build.make:76ÔºöCMakeFiles/image_sub.dir/src/image_sub.cpp.o] ÈîôËØØ 1
gmake[1]: *** [CMakeFiles/Makefile2:165ÔºöCMakeFiles/image_sub.dir/all] ÈîôËØØ 2
gmake[1]: *** Ê≠£Âú®Á≠âÂæÖÊú™ÂÆåÊàêÁöÑ‰ªªÂä°....
gmake[2]: *** [CMakeFiles/image_pub.dir/build.make:76ÔºöCMakeFiles/image_pub.dir/src/image_pub.cpp.o] ÈîôËØØ 1
gmake[1]: *** [CMakeFiles/Makefile2:139ÔºöCMakeFiles/image_pub.dir/all] ÈîôËØØ 2
gmake: *** [Makefile:146Ôºöall] ÈîôËØØ 2
