[0.009s] Invoking command in '/home/stoair/ros2CV/cv_ws/build/topic2': CMAKE_PREFIX_PATH=/home/stoair/ros2CV/cv_ws/install/topic_interfaces:/home/stoair/ros2CV/cv_ws/install/webcam_topic:/home/stoair/learn_ws/install/service:/home/stoair/learn_ws/install/own_service:/home/stoair/learn_ws/install/ros_interfaces:/home/stoair/learn_ws/install/helloworld:/home/stoair/learn_ws/install/hellotopic:/home/stoair/dev_ws/install/learning_topic_cpp:/home/stoair/dev_ws/install/learning_tf_cpp:/home/stoair/dev_ws/install/learning_service_cpp:/home/stoair/dev_ws/install/learning_pkg_c:/home/stoair/dev_ws/install/learning_parameter_cpp:/home/stoair/dev_ws/install/learning_node_cpp:/home/stoair/dev_ws/install/learning_action_cpp:/home/stoair/dev_ws/install/learning_interface:/home/stoair/dev_ws/install/learning_urdf:/home/stoair/dev_ws/install/learning_topic:/home/stoair/dev_ws/install/learning_tf:/home/stoair/dev_ws/install/learning_service:/home/stoair/dev_ws/install/learning_qos:/home/stoair/dev_ws/install/learning_pkg_python:/home/stoair/dev_ws/install/learning_parameter:/home/stoair/dev_ws/install/learning_node:/home/stoair/dev_ws/install/learning_launch:/home/stoair/dev_ws/install/learning_action:/home/stoair/dev_ws/install/learning_gazebo_fortress:/home/stoair/dev_ws/install/learning_gazebo:/home/stoair/dev_ws/install/learning_cv:/opt/ros/humble LD_LIBRARY_PATH=/home/stoair/ros2CV/cv_ws/install/topic_interfaces/lib:/usr/local/cuda-12.1/lib64:/home/stoair/learn_ws/install/ros_interfaces/lib:/home/stoair/dev_ws/install/learning_interface/lib:/opt/ros/humble/opt/rviz_ogre_vendor/lib:/opt/ros/humble/lib/x86_64-linux-gnu:/opt/ros/humble/lib:/usr/local/cuda-12.1/lib64:/usr/local/lib:/usr/local/lib /usr/bin/cmake --build /home/stoair/ros2CV/cv_ws/build/topic2 -- -j16 -l16
[0.049s] [ 66%] [32mBuilding CXX object CMakeFiles/image_sub.dir/src/yolo.cpp.o[0m
[0.049s] [ 66%] [32mBuilding CXX object CMakeFiles/image_pub.dir/src/yolo.cpp.o[0m
[0.049s] [ 66%] [32mBuilding CXX object CMakeFiles/image_pub.dir/src/image_pub.cpp.o[0m
[0.049s] [ 66%] [32mBuilding CXX object CMakeFiles/image_sub.dir/src/image_sub.cpp.o[0m
[0.054s] [01m[K/home/stoair/ros2CV/cv_ws/src/topic2/src/yolo.cpp:4:17:[m[K [01;31m[Kerror: [m[K‚Äò[01m[Kcv[m[K‚Äô is not a namespace-name
[0.054s]     4 | using namespace [01;31m[Kcv[m[K;
[0.054s]       |                 [01;31m[K^~[m[K
[0.054s] [01m[K/home/stoair/ros2CV/cv_ws/src/topic2/src/yolo.cpp:4:17:[m[K [01;31m[Kerror: [m[K‚Äò[01m[Kcv[m[K‚Äô is not a namespace-name
[0.055s]     4 | using namespace [01;31m[Kcv[m[K;
[0.055s]       |                 [01;31m[K^~[m[K
[0.055s] [01m[K/home/stoair/ros2CV/cv_ws/src/topic2/src/yolo.cpp:5:17:[m[K [01;31m[Kerror: [m[K‚Äò[01m[Kdnn[m[K‚Äô is not a namespace-name
[0.055s]     5 | using namespace [01;31m[Kdnn[m[K;
[0.055s]       |                 [01;31m[K^~~[m[K
[0.055s] [01m[K/home/stoair/ros2CV/cv_ws/src/topic2/src/yolo.cpp:5:17:[m[K [01;31m[Kerror: [m[K‚Äò[01m[Kdnn[m[K‚Äô is not a namespace-name
[0.055s]     5 | using namespace [01;31m[Kdnn[m[K;
[0.055s]       |                 [01;31m[K^~~[m[K
[0.055s] [01m[K/home/stoair/ros2CV/cv_ws/src/topic2/src/yolo.cpp:8:6:[m[K [01;31m[Kerror: [m[K‚Äò[01m[KYolo[m[K‚Äô has not been declared
[0.056s]     8 | bool [01;31m[KYolo[m[K::readModel(Net &net, string &netPath, bool isCuda = false)
[0.056s]       |      [01;31m[K^~~~[m[K
[0.056s] [01m[K/home/stoair/ros2CV/cv_ws/src/topic2/src/yolo.cpp:8:6:[m[K [01;31m[Kerror: [m[K‚Äò[01m[KYolo[m[K‚Äô has not been declared
[0.056s]     8 | bool [01;31m[KYolo[m[K::readModel(Net &net, string &netPath, bool isCuda = false)
[0.056s]       |      [01;31m[K^~~~[m[K
[0.056s] [01m[K/home/stoair/ros2CV/cv_ws/src/topic2/src/yolo.cpp:8:22:[m[K [01;31m[Kerror: [m[K‚Äò[01m[KNet[m[K‚Äô was not declared in this scope
[0.056s]     8 | bool Yolo::readModel([01;31m[KNet[m[K &net, string &netPath, bool isCuda = false)
[0.056s]       |                      [01;31m[K^~~[m[K
[0.056s] [01m[K/home/stoair/ros2CV/cv_ws/src/topic2/src/yolo.cpp:8:22:[m[K [01;31m[Kerror: [m[K‚Äò[01m[KNet[m[K‚Äô was not declared in this scope
[0.057s]     8 | bool Yolo::readModel([01;31m[KNet[m[K &net, string &netPath, bool isCuda = false)
[0.057s]       |                      [01;31m[K^~~[m[K
[0.057s] [01m[K/home/stoair/ros2CV/cv_ws/src/topic2/src/yolo.cpp:8:27:[m[K [01;31m[Kerror: [m[K‚Äò[01m[Knet[m[K‚Äô was not declared in this scope
[0.057s]     8 | bool Yolo::readModel(Net &[01;31m[Knet[m[K, string &netPath, bool isCuda = false)
[0.057s]       |                           [01;31m[K^~~[m[K
[0.057s] [01m[K/home/stoair/ros2CV/cv_ws/src/topic2/src/yolo.cpp:8:27:[m[K [01;31m[Kerror: [m[K‚Äò[01m[Knet[m[K‚Äô was not declared in this scope
[0.057s]     8 | bool Yolo::readModel(Net &[01;31m[Knet[m[K, string &netPath, bool isCuda = false)
[0.057s]       |                           [01;31m[K^~~[m[K
[0.057s] [01m[K/home/stoair/ros2CV/cv_ws/src/topic2/src/yolo.cpp:8:32:[m[K [01;31m[Kerror: [m[K‚Äò[01m[Kstring[m[K‚Äô was not declared in this scope
[0.058s]     8 | bool Yolo::readModel(Net &net, [01;31m[Kstring[m[K &netPath, bool isCuda = false)
[0.058s]       |                                [01;31m[K^~~~~~[m[K
[0.058s] [01m[K/home/stoair/ros2CV/cv_ws/src/topic2/src/yolo.cpp:1:1:[m[K [01;36m[Knote: [m[K‚Äò[01m[Kstd::string[m[K‚Äô is defined in header ‚Äò[01m[K<string>[m[K‚Äô; did you forget to ‚Äò[01m[K#include <string>[m[K‚Äô?
[0.058s]   +++ |+[32m[K#include <string>[m[K
[0.058s]     1 | // #include "global.hpp"
[0.058s] [01m[K/home/stoair/ros2CV/cv_ws/src/topic2/src/yolo.cpp:8:32:[m[K [01;31m[Kerror: [m[K‚Äò[01m[Kstring[m[K‚Äô was not declared in this scope
[0.058s]     8 | bool Yolo::readModel(Net &net, [01;31m[Kstring[m[K &netPath, bool isCuda = false)
[0.058s]       |                                [01;31m[K^~~~~~[m[K
[0.058s] [01m[K/home/stoair/ros2CV/cv_ws/src/topic2/src/yolo.cpp:1:1:[m[K [01;36m[Knote: [m[K‚Äò[01m[Kstd::string[m[K‚Äô is defined in header ‚Äò[01m[K<string>[m[K‚Äô; did you forget to ‚Äò[01m[K#include <string>[m[K‚Äô?
[0.059s]   +++ |+[32m[K#include <string>[m[K
[0.059s]     1 | // #include "global.hpp"
[0.059s] [01m[K/home/stoair/ros2CV/cv_ws/src/topic2/src/yolo.cpp:8:40:[m[K [01;31m[Kerror: [m[K‚Äò[01m[KnetPath[m[K‚Äô was not declared in this scope
[0.059s]     8 | bool Yolo::readModel(Net &net, string &[01;31m[KnetPath[m[K, bool isCuda = false)
[0.059s]       |                                        [01;31m[K^~~~~~~[m[K
[0.059s] [01m[K/home/stoair/ros2CV/cv_ws/src/topic2/src/yolo.cpp:8:49:[m[K [01;31m[Kerror: [m[Kexpected primary-expression before ‚Äò[01m[Kbool[m[K‚Äô
[0.059s]     8 | bool Yolo::readModel(Net &net, string &netPath, [01;31m[Kbool[m[K isCuda = false)
[0.059s]       |                                                 [01;31m[K^~~~[m[K
[0.059s] [01m[K/home/stoair/ros2CV/cv_ws/src/topic2/src/yolo.cpp:8:68:[m[K [01;31m[Kerror: [m[Kexpression list treated as compound expression in initializer [[01;31m[K]8;;https://gcc.gnu.org/onlinedocs/gcc/Warning-Options.html#index-fpermissive-fpermissive]8;;[m[K]
[0.059s]     8 | bool Yolo::readModel(Net &net, string &netPath, bool isCuda = false[01;31m[K)[m[K
[0.059s]       |                                                                    [01;31m[K^[m[K
[0.059s] [01m[K/home/stoair/ros2CV/cv_ws/src/topic2/src/yolo.cpp:8:40:[m[K [01;31m[Kerror: [m[K‚Äò[01m[KnetPath[m[K‚Äô was not declared in this scope
[0.059s]     8 | bool Yolo::readModel(Net &net, string &[01;31m[KnetPath[m[K, bool isCuda = false)
[0.060s]       |                                        [01;31m[K^~~~~~~[m[K
[0.060s] [01m[K/home/stoair/ros2CV/cv_ws/src/topic2/src/yolo.cpp:129:6:[m[K [01;31m[Kerror: [m[K‚Äò[01m[KYolo[m[K‚Äô has not been declared
[0.060s]   129 | bool [01;31m[KYolo[m[K::Detect(Mat &SrcImg, Net &net, vector<Output> &output, int model_flag)
[0.060s]       |      [01;31m[K^~~~[m[K
[0.060s] [01m[K/home/stoair/ros2CV/cv_ws/src/topic2/src/yolo.cpp:8:49:[m[K [01;31m[Kerror: [m[Kexpected primary-expression before ‚Äò[01m[Kbool[m[K‚Äô
[0.060s]     8 | bool Yolo::readModel(Net &net, string &netPath, [01;31m[Kbool[m[K isCuda = false)
[0.060s]       |                                                 [01;31m[K^~~~[m[K
[0.060s] [01m[K/home/stoair/ros2CV/cv_ws/src/topic2/src/yolo.cpp:8:68:[m[K [01;31m[Kerror: [m[Kexpression list treated as compound expression in initializer [[01;31m[K]8;;https://gcc.gnu.org/onlinedocs/gcc/Warning-Options.html#index-fpermissive-fpermissive]8;;[m[K]
[0.060s]     8 | bool Yolo::readModel(Net &net, string &netPath, bool isCuda = false[01;31m[K)[m[K
[0.060s]       |                                                                    [01;31m[K^[m[K
[0.060s] [01m[K/home/stoair/ros2CV/cv_ws/src/topic2/src/yolo.cpp:129:6:[m[K [01;31m[Kerror: [m[K‚Äò[01m[KYolo[m[K‚Äô has not been declared
[0.060s]   129 | bool [01;31m[KYolo[m[K::Detect(Mat &SrcImg, Net &net, vector<Output> &output, int model_flag)
[0.060s]       |      [01;31m[K^~~~[m[K
[0.060s] [01m[K/home/stoair/ros2CV/cv_ws/src/topic2/src/yolo.cpp:129:19:[m[K [01;31m[Kerror: [m[K‚Äò[01m[KMat[m[K‚Äô was not declared in this scope
[0.060s]   129 | bool Yolo::Detect([01;31m[KMat[m[K &SrcImg, Net &net, vector<Output> &output, int model_flag)
[0.060s]       |                   [01;31m[K^~~[m[K
[0.060s] [01m[K/home/stoair/ros2CV/cv_ws/src/topic2/src/yolo.cpp:129:19:[m[K [01;31m[Kerror: [m[K‚Äò[01m[KMat[m[K‚Äô was not declared in this scope
[0.060s]   129 | bool Yolo::Detect([01;31m[KMat[m[K &SrcImg, Net &net, vector<Output> &output, int model_flag)
[0.060s]       |                   [01;31m[K^~~[m[K
[0.060s] [01m[K/home/stoair/ros2CV/cv_ws/src/topic2/src/yolo.cpp:129:24:[m[K [01;31m[Kerror: [m[K‚Äò[01m[KSrcImg[m[K‚Äô was not declared in this scope
[0.060s]   129 | bool Yolo::Detect(Mat &[01;31m[KSrcImg[m[K, Net &net, vector<Output> &output, int model_flag)
[0.060s]       |                        [01;31m[K^~~~~~[m[K
[0.060s] [01m[K/home/stoair/ros2CV/cv_ws/src/topic2/src/yolo.cpp:129:24:[m[K [01;31m[Kerror: [m[K‚Äò[01m[KSrcImg[m[K‚Äô was not declared in this scope
[0.060s]   129 | bool Yolo::Detect(Mat &[01;31m[KSrcImg[m[K, Net &net, vector<Output> &output, int model_flag)
[0.060s]       |                        [01;31m[K^~~~~~[m[K
[0.060s] [01m[K/home/stoair/ros2CV/cv_ws/src/topic2/src/yolo.cpp:129:32:[m[K [01;31m[Kerror: [m[K‚Äò[01m[KNet[m[K‚Äô was not declared in this scope
[0.060s]   129 | bool Yolo::Detect(Mat &SrcImg, [01;31m[KNet[m[K &net, vector<Output> &output, int model_flag)
[0.060s]       |                                [01;31m[K^~~[m[K
[0.061s] [01m[K/home/stoair/ros2CV/cv_ws/src/topic2/src/yolo.cpp:129:32:[m[K [01;31m[Kerror: [m[K‚Äò[01m[KNet[m[K‚Äô was not declared in this scope
[0.061s]   129 | bool Yolo::Detect(Mat &SrcImg, [01;31m[KNet[m[K &net, vector<Output> &output, int model_flag)
[0.061s]       |                                [01;31m[K^~~[m[K
[0.061s] [01m[K/home/stoair/ros2CV/cv_ws/src/topic2/src/yolo.cpp:129:37:[m[K [01;31m[Kerror: [m[K‚Äò[01m[Knet[m[K‚Äô was not declared in this scope
[0.061s]   129 | bool Yolo::Detect(Mat &SrcImg, Net &[01;31m[Knet[m[K, vector<Output> &output, int model_flag)
[0.061s]       |                                     [01;31m[K^~~[m[K
[0.061s] [01m[K/home/stoair/ros2CV/cv_ws/src/topic2/src/yolo.cpp:129:42:[m[K [01;31m[Kerror: [m[K‚Äò[01m[Kvector[m[K‚Äô was not declared in this scope
[0.061s]   129 | bool Yolo::Detect(Mat &SrcImg, Net &net, [01;31m[Kvector[m[K<Output> &output, int model_flag)
[0.061s]       |                                          [01;31m[K^~~~~~[m[K
[0.061s] [01m[K/home/stoair/ros2CV/cv_ws/src/topic2/src/yolo.cpp:1:1:[m[K [01;36m[Knote: [m[K‚Äò[01m[Kstd::vector[m[K‚Äô is defined in header ‚Äò[01m[K<vector>[m[K‚Äô; did you forget to ‚Äò[01m[K#include <vector>[m[K‚Äô?
[0.061s]   +++ |+[32m[K#include <vector>[m[K
[0.061s]     1 | // #include "global.hpp"
[0.061s] [01m[K/home/stoair/ros2CV/cv_ws/src/topic2/src/yolo.cpp:129:37:[m[K [01;31m[Kerror: [m[K‚Äò[01m[Knet[m[K‚Äô was not declared in this scope
[0.061s]   129 | bool Yolo::Detect(Mat &SrcImg, Net &[01;31m[Knet[m[K, vector<Output> &output, int model_flag)
[0.061s]       |                                     [01;31m[K^~~[m[K
[0.061s] [01m[K/home/stoair/ros2CV/cv_ws/src/topic2/src/yolo.cpp:129:42:[m[K [01;31m[Kerror: [m[K‚Äò[01m[Kvector[m[K‚Äô was not declared in this scope
[0.061s]   129 | bool Yolo::Detect(Mat &SrcImg, Net &net, [01;31m[Kvector[m[K<Output> &output, int model_flag)
[0.061s]       |                                          [01;31m[K^~~~~~[m[K
[0.061s] [01m[K/home/stoair/ros2CV/cv_ws/src/topic2/src/yolo.cpp:1:1:[m[K [01;36m[Knote: [m[K‚Äò[01m[Kstd::vector[m[K‚Äô is defined in header ‚Äò[01m[K<vector>[m[K‚Äô; did you forget to ‚Äò[01m[K#include <vector>[m[K‚Äô?
[0.061s]   +++ |+[32m[K#include <vector>[m[K
[0.061s]     1 | // #include "global.hpp"
[0.061s] [01m[K/home/stoair/ros2CV/cv_ws/src/topic2/src/yolo.cpp:129:49:[m[K [01;31m[Kerror: [m[K‚Äò[01m[KOutput[m[K‚Äô was not declared in this scope
[0.061s]   129 | bool Yolo::Detect(Mat &SrcImg, Net &net, vector<[01;31m[KOutput[m[K> &output, int model_flag)
[0.061s]       |                                                 [01;31m[K^~~~~~[m[K
[0.061s] [01m[K/home/stoair/ros2CV/cv_ws/src/topic2/src/yolo.cpp:129:49:[m[K [01;31m[Kerror: [m[K‚Äò[01m[KOutput[m[K‚Äô was not declared in this scope
[0.061s]   129 | bool Yolo::Detect(Mat &SrcImg, Net &net, vector<[01;31m[KOutput[m[K> &output, int model_flag)
[0.061s]       |                                                 [01;31m[K^~~~~~[m[K
[0.061s] [01m[K/home/stoair/ros2CV/cv_ws/src/topic2/src/yolo.cpp:129:58:[m[K [01;31m[Kerror: [m[K‚Äò[01m[Koutput[m[K‚Äô was not declared in this scope
[0.061s]   129 | bool Yolo::Detect(Mat &SrcImg, Net &net, vector<Output> &[01;31m[Koutput[m[K, int model_flag)
[0.061s]       |                                                          [01;31m[K^~~~~~[m[K
[0.061s] [01m[K/home/stoair/ros2CV/cv_ws/src/topic2/src/yolo.cpp:129:66:[m[K [01;31m[Kerror: [m[Kexpected primary-expression before ‚Äò[01m[Kint[m[K‚Äô
[0.061s]   129 | bool Yolo::Detect(Mat &SrcImg, Net &net, vector<Output> &output, [01;31m[Kint[m[K model_flag)
[0.061s]       |                                                                  [01;31m[K^~~[m[K
[0.061s] [01m[K/home/stoair/ros2CV/cv_ws/src/topic2/src/yolo.cpp:129:80:[m[K [01;31m[Kerror: [m[Kexpression list treated as compound expression in initializer [[01;31m[K]8;;https://gcc.gnu.org/onlinedocs/gcc/Warning-Options.html#index-fpermissive-fpermissive]8;;[m[K]
[0.061s]   129 | bool Yolo::Detect(Mat &SrcImg, Net &net, vector<Output> &output, int model_flag[01;31m[K)[m[K
[0.062s]       |                                                                                [01;31m[K^[m[K
[0.062s] [01m[K/home/stoair/ros2CV/cv_ws/src/topic2/src/yolo.cpp:221:1:[m[K [01;31m[Kerror: [m[K‚Äò[01m[KMat[m[K‚Äô does not name a type
[0.062s]   221 | [01;31m[KMat[m[K Yolo::drawPred(Mat src, vector<Output> result, vector<Scalar> color, int model_flag)
[0.062s]       | [01;31m[K^~~[m[K
[0.062s] [01m[K/home/stoair/ros2CV/cv_ws/src/topic2/src/yolo.cpp:129:58:[m[K [01;31m[Kerror: [m[K‚Äò[01m[Koutput[m[K‚Äô was not declared in this scope
[0.062s]   129 | bool Yolo::Detect(Mat &SrcImg, Net &net, vector<Output> &[01;31m[Koutput[m[K, int model_flag)
[0.062s]       |                                                          [01;31m[K^~~~~~[m[K
[0.062s] [01m[K/home/stoair/ros2CV/cv_ws/src/topic2/src/yolo.cpp:268:6:[m[K [01;31m[Kerror: [m[K‚Äò[01m[KYolo[m[K‚Äô has not been declared
[0.062s]   268 | void [01;31m[KYolo[m[K::target(Mat src, vector<Output> result, int model_flag)
[0.062s]       |      [01;31m[K^~~~[m[K
[0.062s] [01m[K/home/stoair/ros2CV/cv_ws/src/topic2/src/yolo.cpp:268:6:[m[K [01;31m[Kerror: [m[Kvariable or field ‚Äò[01m[Ktarget[m[K‚Äô declared void
[0.062s] [01m[K/home/stoair/ros2CV/cv_ws/src/topic2/src/yolo.cpp:129:66:[m[K [01;31m[Kerror: [m[Kexpected primary-expression before ‚Äò[01m[Kint[m[K‚Äô
[0.062s]   129 | bool Yolo::Detect(Mat &SrcImg, Net &net, vector<Output> &output, [01;31m[Kint[m[K model_flag)
[0.062s]       |                                                                  [01;31m[K^~~[m[K
[0.062s] [01m[K/home/stoair/ros2CV/cv_ws/src/topic2/src/yolo.cpp:129:80:[m[K [01;31m[Kerror: [m[Kexpression list treated as compound expression in initializer [[01;31m[K]8;;https://gcc.gnu.org/onlinedocs/gcc/Warning-Options.html#index-fpermissive-fpermissive]8;;[m[K]
[0.062s]   129 | bool Yolo::Detect(Mat &SrcImg, Net &net, vector<Output> &output, int model_flag[01;31m[K)[m[K
[0.062s]       |                                                                                [01;31m[K^[m[K
[0.062s] [01m[K/home/stoair/ros2CV/cv_ws/src/topic2/src/yolo.cpp:221:1:[m[K [01;31m[Kerror: [m[K‚Äò[01m[KMat[m[K‚Äô does not name a type
[0.062s]   221 | [01;31m[KMat[m[K Yolo::drawPred(Mat src, vector<Output> result, vector<Scalar> color, int model_flag)
[0.062s]       | [01;31m[K^~~[m[K
[0.062s] [01m[K/home/stoair/ros2CV/cv_ws/src/topic2/src/yolo.cpp:268:6:[m[K [01;31m[Kerror: [m[K‚Äò[01m[KYolo[m[K‚Äô has not been declared
[0.062s]   268 | void [01;31m[KYolo[m[K::target(Mat src, vector<Output> result, int model_flag)
[0.062s]       |      [01;31m[K^~~~[m[K
[0.062s] [01m[K/home/stoair/ros2CV/cv_ws/src/topic2/src/yolo.cpp:268:6:[m[K [01;31m[Kerror: [m[Kvariable or field ‚Äò[01m[Ktarget[m[K‚Äô declared void
[0.062s] [01m[K/home/stoair/ros2CV/cv_ws/src/topic2/src/yolo.cpp:268:19:[m[K [01;31m[Kerror: [m[K‚Äò[01m[KMat[m[K‚Äô was not declared in this scope
[0.062s]   268 | void Yolo::target([01;31m[KMat[m[K src, vector<Output> result, int model_flag)
[0.062s]       |                   [01;31m[K^~~[m[K
[0.062s] [01m[K/home/stoair/ros2CV/cv_ws/src/topic2/src/yolo.cpp:268:28:[m[K [01;31m[Kerror: [m[K‚Äò[01m[Kvector[m[K‚Äô was not declared in this scope
[0.062s]   268 | void Yolo::target(Mat src, [01;31m[Kvector[m[K<Output> result, int model_flag)
[0.062s]       |                            [01;31m[K^~~~~~[m[K
[0.062s] [01m[K/home/stoair/ros2CV/cv_ws/src/topic2/src/yolo.cpp:268:28:[m[K [01;36m[Knote: [m[K‚Äò[01m[Kstd::vector[m[K‚Äô is defined in header ‚Äò[01m[K<vector>[m[K‚Äô; did you forget to ‚Äò[01m[K#include <vector>[m[K‚Äô?
[0.062s] [01m[K/home/stoair/ros2CV/cv_ws/src/topic2/src/yolo.cpp:268:19:[m[K [01;31m[Kerror: [m[K‚Äò[01m[KMat[m[K‚Äô was not declared in this scope
[0.062s]   268 | void Yolo::target([01;31m[KMat[m[K src, vector<Output> result, int model_flag)
[0.062s]       |                   [01;31m[K^~~[m[K
[0.062s] [01m[K/home/stoair/ros2CV/cv_ws/src/topic2/src/yolo.cpp:268:28:[m[K [01;31m[Kerror: [m[K‚Äò[01m[Kvector[m[K‚Äô was not declared in this scope
[0.062s]   268 | void Yolo::target(Mat src, [01;31m[Kvector[m[K<Output> result, int model_flag)
[0.063s]       |                            [01;31m[K^~~~~~[m[K
[0.063s] [01m[K/home/stoair/ros2CV/cv_ws/src/topic2/src/yolo.cpp:268:28:[m[K [01;36m[Knote: [m[K‚Äò[01m[Kstd::vector[m[K‚Äô is defined in header ‚Äò[01m[K<vector>[m[K‚Äô; did you forget to ‚Äò[01m[K#include <vector>[m[K‚Äô?
[0.063s] [01m[K/home/stoair/ros2CV/cv_ws/src/topic2/src/yolo.cpp:268:35:[m[K [01;31m[Kerror: [m[K‚Äò[01m[KOutput[m[K‚Äô was not declared in this scope
[0.063s]   268 | void Yolo::target(Mat src, vector<[01;31m[KOutput[m[K> result, int model_flag)
[0.063s]       |                                   [01;31m[K^~~~~~[m[K
[0.063s] [01m[K/home/stoair/ros2CV/cv_ws/src/topic2/src/yolo.cpp:268:35:[m[K [01;31m[Kerror: [m[K‚Äò[01m[KOutput[m[K‚Äô was not declared in this scope
[0.063s]   268 | void Yolo::target(Mat src, vector<[01;31m[KOutput[m[K> result, int model_flag)
[0.063s]       |                                   [01;31m[K^~~~~~[m[K
[0.063s] [01m[K/home/stoair/ros2CV/cv_ws/src/topic2/src/yolo.cpp:268:43:[m[K [01;31m[Kerror: [m[K‚Äò[01m[Kresult[m[K‚Äô was not declared in this scope
[0.063s]   268 | void Yolo::target(Mat src, vector<Output> [01;31m[Kresult[m[K, int model_flag)
[0.063s]       |                                           [01;31m[K^~~~~~[m[K
[0.063s] [01m[K/home/stoair/ros2CV/cv_ws/src/topic2/src/yolo.cpp:268:51:[m[K [01;31m[Kerror: [m[Kexpected primary-expression before ‚Äò[01m[Kint[m[K‚Äô
[0.063s]   268 | void Yolo::target(Mat src, vector<Output> result, [01;31m[Kint[m[K model_flag)
[0.063s]       |                                                   [01;31m[K^~~[m[K
[0.063s] [01m[K/home/stoair/ros2CV/cv_ws/src/topic2/src/yolo.cpp:268:43:[m[K [01;31m[Kerror: [m[K‚Äò[01m[Kresult[m[K‚Äô was not declared in this scope
[0.063s]   268 | void Yolo::target(Mat src, vector<Output> [01;31m[Kresult[m[K, int model_flag)
[0.063s]       |                                           [01;31m[K^~~~~~[m[K
[0.063s] [01m[K/home/stoair/ros2CV/cv_ws/src/topic2/src/yolo.cpp:268:51:[m[K [01;31m[Kerror: [m[Kexpected primary-expression before ‚Äò[01m[Kint[m[K‚Äô
[0.063s]   268 | void Yolo::target(Mat src, vector<Output> result, [01;31m[Kint[m[K model_flag)
[0.063s]       |                                                   [01;31m[K^~~[m[K
[0.063s] gmake[2]: *** [CMakeFiles/image_pub.dir/build.make:90ÔºöCMakeFiles/image_pub.dir/src/yolo.cpp.o] ÈîôËØØ 1
[0.063s] gmake[2]: *** Ê≠£Âú®Á≠âÂæÖÊú™ÂÆåÊàêÁöÑ‰ªªÂä°....
[0.063s] gmake[2]: *** [CMakeFiles/image_sub.dir/build.make:90ÔºöCMakeFiles/image_sub.dir/src/yolo.cpp.o] ÈîôËØØ 1
[0.063s] gmake[2]: *** Ê≠£Âú®Á≠âÂæÖÊú™ÂÆåÊàêÁöÑ‰ªªÂä°....
[0.193s] [01m[K/home/stoair/ros2CV/cv_ws/src/topic2/src/image_pub.cpp:13:10:[m[K [01;31m[Kfatal error: [m[Krclcpp/rclcpp.hpp: Ê≤°ÊúâÈÇ£‰∏™Êñá‰ª∂ÊàñÁõÆÂΩï
[0.193s]    13 | #include [01;31m[K<rclcpp/rclcpp.hpp>[m[K
[0.194s]       |          [01;31m[K^~~~~~~~~~~~~~~~~~~[m[K
[0.194s] compilation terminated.
[0.196s] gmake[2]: *** [CMakeFiles/image_pub.dir/build.make:76ÔºöCMakeFiles/image_pub.dir/src/image_pub.cpp.o] ÈîôËØØ 1
[0.196s] gmake[1]: *** [CMakeFiles/Makefile2:139ÔºöCMakeFiles/image_pub.dir/all] ÈîôËØØ 2
[0.196s] gmake[1]: *** Ê≠£Âú®Á≠âÂæÖÊú™ÂÆåÊàêÁöÑ‰ªªÂä°....
[0.199s] [01m[K/home/stoair/ros2CV/cv_ws/src/topic2/src/image_sub.cpp:12:10:[m[K [01;31m[Kfatal error: [m[Krclcpp/rclcpp.hpp: Ê≤°ÊúâÈÇ£‰∏™Êñá‰ª∂ÊàñÁõÆÂΩï
[0.199s]    12 | #include [01;31m[K<rclcpp/rclcpp.hpp>[m[K
[0.199s]       |          [01;31m[K^~~~~~~~~~~~~~~~~~~[m[K
[0.199s] compilation terminated.
[0.202s] gmake[2]: *** [CMakeFiles/image_sub.dir/build.make:76ÔºöCMakeFiles/image_sub.dir/src/image_sub.cpp.o] ÈîôËØØ 1
[0.202s] gmake[1]: *** [CMakeFiles/Makefile2:165ÔºöCMakeFiles/image_sub.dir/all] ÈîôËØØ 2
[0.202s] gmake: *** [Makefile:146Ôºöall] ÈîôËØØ 2
[0.204s] Invoked command in '/home/stoair/ros2CV/cv_ws/build/topic2' returned '2': CMAKE_PREFIX_PATH=/home/stoair/ros2CV/cv_ws/install/topic_interfaces:/home/stoair/ros2CV/cv_ws/install/webcam_topic:/home/stoair/learn_ws/install/service:/home/stoair/learn_ws/install/own_service:/home/stoair/learn_ws/install/ros_interfaces:/home/stoair/learn_ws/install/helloworld:/home/stoair/learn_ws/install/hellotopic:/home/stoair/dev_ws/install/learning_topic_cpp:/home/stoair/dev_ws/install/learning_tf_cpp:/home/stoair/dev_ws/install/learning_service_cpp:/home/stoair/dev_ws/install/learning_pkg_c:/home/stoair/dev_ws/install/learning_parameter_cpp:/home/stoair/dev_ws/install/learning_node_cpp:/home/stoair/dev_ws/install/learning_action_cpp:/home/stoair/dev_ws/install/learning_interface:/home/stoair/dev_ws/install/learning_urdf:/home/stoair/dev_ws/install/learning_topic:/home/stoair/dev_ws/install/learning_tf:/home/stoair/dev_ws/install/learning_service:/home/stoair/dev_ws/install/learning_qos:/home/stoair/dev_ws/install/learning_pkg_python:/home/stoair/dev_ws/install/learning_parameter:/home/stoair/dev_ws/install/learning_node:/home/stoair/dev_ws/install/learning_launch:/home/stoair/dev_ws/install/learning_action:/home/stoair/dev_ws/install/learning_gazebo_fortress:/home/stoair/dev_ws/install/learning_gazebo:/home/stoair/dev_ws/install/learning_cv:/opt/ros/humble LD_LIBRARY_PATH=/home/stoair/ros2CV/cv_ws/install/topic_interfaces/lib:/usr/local/cuda-12.1/lib64:/home/stoair/learn_ws/install/ros_interfaces/lib:/home/stoair/dev_ws/install/learning_interface/lib:/opt/ros/humble/opt/rviz_ogre_vendor/lib:/opt/ros/humble/lib/x86_64-linux-gnu:/opt/ros/humble/lib:/usr/local/cuda-12.1/lib64:/usr/local/lib:/usr/local/lib /usr/bin/cmake --build /home/stoair/ros2CV/cv_ws/build/topic2 -- -j16 -l16
