[01m[K/home/stoair/ros2CV/cv_ws/src/topic2/src/image_sub.cpp:[m[K In constructor â€˜[01m[KimageSub::imageSub()[m[Kâ€™:
[01m[K/home/stoair/ros2CV/cv_ws/src/topic2/src/image_sub.cpp:31:44:[m[K [01;31m[Kerror: [m[Kâ€˜[01m[KOpenCV_VERSION[m[Kâ€™ was not declared in this scope; did you mean â€˜[01m[KCV_VERSION[m[Kâ€™?
   31 |         std::cout << "OpenCV version: " << [01;31m[KOpenCV_VERSION[m[K << std::endl;
      |                                            [01;31m[K^~~~~~~~~~~~~~[m[K
      |                                            [32m[KCV_VERSION[m[K
gmake[2]: *** [CMakeFiles/image_sub.dir/build.make:76ï¼šCMakeFiles/image_sub.dir/src/image_sub.cpp.o] é”™è¯¯ 1
gmake[1]: *** [CMakeFiles/Makefile2:165ï¼šCMakeFiles/image_sub.dir/all] é”™è¯¯ 2
gmake: *** [Makefile:146ï¼šall] é”™è¯¯ 2
