[0.010s] Invoking command in '/home/stoair/ros2CV/cv_ws/build/topic2': CMAKE_PREFIX_PATH=${CMAKE_PREFIX_PATH}:/home/stoair/dev_ws/install/learning_urdf:/home/stoair/dev_ws/install/learning_topic:/home/stoair/dev_ws/install/learning_tf:/home/stoair/dev_ws/install/learning_service:/home/stoair/dev_ws/install/learning_qos:/home/stoair/dev_ws/install/learning_pkg_python:/home/stoair/dev_ws/install/learning_parameter:/home/stoair/dev_ws/install/learning_node:/home/stoair/dev_ws/install/learning_launch:/home/stoair/dev_ws/install/learning_action:/home/stoair/dev_ws/install/learning_gazebo_fortress:/home/stoair/dev_ws/install/learning_gazebo:/home/stoair/dev_ws/install/learning_cv:/opt/ros/humble CONDA_PROMPT_MODIFIER=(base) /usr/bin/cmake --build /home/stoair/ros2CV/cv_ws/build/topic2 -- -j16 -l16
[0.046s] [35m[1mConsolidate compiler generated dependencies of target image_sub[0m
[0.060s] [ 14%] [32mBuilding CXX object CMakeFiles/image_pub.dir/src/image_pub.cpp.o[0m
[0.064s] [ 28%] [32mBuilding CXX object CMakeFiles/image_sub.dir/src/image_sub.cpp.o[0m
[2.966s] In file included from [01m[K/home/stoair/ros2CV/cv_ws/src/topic2/src/image_sub.cpp:8[m[K:
[2.966s] [01m[K/home/stoair/ros2CV/cv_ws/src/topic2/src/Mat2image.hpp:[m[K In static member function ‚Äò[01m[Kstatic int Mat2Img::JPEGToMat(cv::Mat&, std::vector<unsigned char>)[m[K‚Äô:
[2.966s] [01m[K/home/stoair/ros2CV/cv_ws/src/topic2/src/Mat2image.hpp:33:13:[m[K [01;31m[Kerror: [m[K‚Äò[01m[KwaitKey[m[K‚Äô was not declared in this scope; did you mean ‚Äò[01m[Kcv::waitKey[m[K‚Äô?
[2.966s]    33 |             [01;31m[KwaitKey[m[K(1);
[2.966s]       |             [01;31m[K^~~~~~~[m[K
[2.966s]       |             [32m[Kcv::waitKey[m[K
[2.967s] In file included from [01m[K/usr/local/include/opencv4/opencv2/opencv.hpp:68[m[K,
[2.967s]                  from [01m[K/home/stoair/ros2CV/cv_ws/src/topic2/src/global.hpp:6[m[K,
[2.967s]                  from [01m[K/home/stoair/ros2CV/cv_ws/src/topic2/src/image_sub.cpp:1[m[K:
[2.967s] [01m[K/usr/local/include/opencv4/opencv2/highgui.hpp:359:18:[m[K [01;36m[Knote: [m[K‚Äò[01m[Kcv::waitKey[m[K‚Äô declared here
[2.967s]   359 | CV_EXPORTS_W int [01;36m[KwaitKey[m[K(int delay = 0);
[2.967s]       |                  [01;36m[K^~~~~~~[m[K
[2.967s] In file included from [01m[K/home/stoair/ros2CV/cv_ws/src/topic2/src/image_sub.cpp:8[m[K:
[2.968s] [01m[K/home/stoair/ros2CV/cv_ws/src/topic2/src/Mat2image.hpp:41:13:[m[K [01;31m[Kerror: [m[K‚Äò[01m[KwaitKey[m[K‚Äô was not declared in this scope; did you mean ‚Äò[01m[Kcv::waitKey[m[K‚Äô?
[2.968s]    41 |             [01;31m[KwaitKey[m[K(1);
[2.968s]       |             [01;31m[K^~~~~~~[m[K
[2.968s]       |             [32m[Kcv::waitKey[m[K
[2.968s] In file included from [01m[K/usr/local/include/opencv4/opencv2/opencv.hpp:68[m[K,
[2.968s]                  from [01m[K/home/stoair/ros2CV/cv_ws/src/topic2/src/global.hpp:6[m[K,
[2.968s]                  from [01m[K/home/stoair/ros2CV/cv_ws/src/topic2/src/image_sub.cpp:1[m[K:
[2.968s] [01m[K/usr/local/include/opencv4/opencv2/highgui.hpp:359:18:[m[K [01;36m[Knote: [m[K‚Äò[01m[Kcv::waitKey[m[K‚Äô declared here
[2.968s]   359 | CV_EXPORTS_W int [01;36m[KwaitKey[m[K(int delay = 0);
[2.968s]       |                  [01;36m[K^~~~~~~[m[K
[2.983s] In file included from [01m[K/home/stoair/ros2CV/cv_ws/src/topic2/src/image_pub.cpp:6[m[K:
[2.983s] [01m[K/home/stoair/ros2CV/cv_ws/src/topic2/src/Mat2image.hpp:[m[K In static member function ‚Äò[01m[Kstatic int Mat2Img::JPEGToMat(cv::Mat&, std::vector<unsigned char>)[m[K‚Äô:
[2.983s] [01m[K/home/stoair/ros2CV/cv_ws/src/topic2/src/Mat2image.hpp:33:13:[m[K [01;31m[Kerror: [m[K‚Äò[01m[KwaitKey[m[K‚Äô was not declared in this scope; did you mean ‚Äò[01m[Kcv::waitKey[m[K‚Äô?
[2.983s]    33 |             [01;31m[KwaitKey[m[K(1);
[2.983s]       |             [01;31m[K^~~~~~~[m[K
[2.983s]       |             [32m[Kcv::waitKey[m[K
[2.983s] In file included from [01m[K/usr/local/include/opencv4/opencv2/opencv.hpp:68[m[K,
[2.984s]                  from [01m[K/home/stoair/ros2CV/cv_ws/src/topic2/src/global.hpp:6[m[K,
[2.984s]                  from [01m[K/home/stoair/ros2CV/cv_ws/src/topic2/src/image_pub.cpp:1[m[K:
[2.984s] [01m[K/usr/local/include/opencv4/opencv2/highgui.hpp:359:18:[m[K [01;36m[Knote: [m[K‚Äò[01m[Kcv::waitKey[m[K‚Äô declared here
[2.984s]   359 | CV_EXPORTS_W int [01;36m[KwaitKey[m[K(int delay = 0);
[2.984s]       |                  [01;36m[K^~~~~~~[m[K
[2.985s] In file included from [01m[K/home/stoair/ros2CV/cv_ws/src/topic2/src/image_pub.cpp:6[m[K:
[2.985s] [01m[K/home/stoair/ros2CV/cv_ws/src/topic2/src/Mat2image.hpp:41:13:[m[K [01;31m[Kerror: [m[K‚Äò[01m[KwaitKey[m[K‚Äô was not declared in this scope; did you mean ‚Äò[01m[Kcv::waitKey[m[K‚Äô?
[2.985s]    41 |             [01;31m[KwaitKey[m[K(1);
[2.985s]       |             [01;31m[K^~~~~~~[m[K
[2.985s]       |             [32m[Kcv::waitKey[m[K
[2.985s] In file included from [01m[K/usr/local/include/opencv4/opencv2/opencv.hpp:68[m[K,
[2.985s]                  from [01m[K/home/stoair/ros2CV/cv_ws/src/topic2/src/global.hpp:6[m[K,
[2.985s]                  from [01m[K/home/stoair/ros2CV/cv_ws/src/topic2/src/image_pub.cpp:1[m[K:
[2.985s] [01m[K/usr/local/include/opencv4/opencv2/highgui.hpp:359:18:[m[K [01;36m[Knote: [m[K‚Äò[01m[Kcv::waitKey[m[K‚Äô declared here
[2.985s]   359 | CV_EXPORTS_W int [01;36m[KwaitKey[m[K(int delay = 0);
[2.985s]       |                  [01;36m[K^~~~~~~[m[K
[4.815s] gmake[2]: *** [CMakeFiles/image_pub.dir/build.make:76ÔºöCMakeFiles/image_pub.dir/src/image_pub.cpp.o] ÈîôËØØ 1
[4.815s] gmake[1]: *** [CMakeFiles/Makefile2:139ÔºöCMakeFiles/image_pub.dir/all] ÈîôËØØ 2
[4.815s] gmake[1]: *** Ê≠£Âú®Á≠âÂæÖÊú™ÂÆåÊàêÁöÑ‰ªªÂä°....
[4.887s] gmake[2]: *** [CMakeFiles/image_sub.dir/build.make:76ÔºöCMakeFiles/image_sub.dir/src/image_sub.cpp.o] ÈîôËØØ 1
[4.887s] gmake[1]: *** [CMakeFiles/Makefile2:165ÔºöCMakeFiles/image_sub.dir/all] ÈîôËØØ 2
[4.888s] gmake: *** [Makefile:146Ôºöall] ÈîôËØØ 2
[4.889s] Invoked command in '/home/stoair/ros2CV/cv_ws/build/topic2' returned '2': CMAKE_PREFIX_PATH=${CMAKE_PREFIX_PATH}:/home/stoair/dev_ws/install/learning_urdf:/home/stoair/dev_ws/install/learning_topic:/home/stoair/dev_ws/install/learning_tf:/home/stoair/dev_ws/install/learning_service:/home/stoair/dev_ws/install/learning_qos:/home/stoair/dev_ws/install/learning_pkg_python:/home/stoair/dev_ws/install/learning_parameter:/home/stoair/dev_ws/install/learning_node:/home/stoair/dev_ws/install/learning_launch:/home/stoair/dev_ws/install/learning_action:/home/stoair/dev_ws/install/learning_gazebo_fortress:/home/stoair/dev_ws/install/learning_gazebo:/home/stoair/dev_ws/install/learning_cv:/opt/ros/humble CONDA_PROMPT_MODIFIER=(base) /usr/bin/cmake --build /home/stoair/ros2CV/cv_ws/build/topic2 -- -j16 -l16
