[01m[K/home/stoair/ros2CV/cv_ws/src/topic2/src/image_sub.cpp:22:25:[m[K [01;31m[Kerror: [m[K‚Äò[01m[Krclcpp[m[K‚Äô has not been declared
   22 | class imageSub : public [01;31m[Krclcpp[m[K::Node
      |                         [01;31m[K^~~~~~[m[K
[01m[K/home/stoair/ros2CV/cv_ws/src/topic2/src/image_sub.cpp:22:33:[m[K [01;31m[Kerror: [m[Kexpected ‚Äò[01m[K{[m[K‚Äô before ‚Äò[01m[KNode[m[K‚Äô
   22 | class imageSub : public rclcpp::[01;31m[KNode[m[K
      |                                 [01;31m[K^~~~[m[K
[01m[K/home/stoair/ros2CV/cv_ws/src/topic2/src/image_sub.cpp:24:1:[m[K [01;31m[Kerror: [m[Kexpected primary-expression before ‚Äò[01m[Kpublic[m[K‚Äô
   24 | [01;31m[Kpublic[m[K:
      | [01;31m[K^~~~~~[m[K
[01m[K/home/stoair/ros2CV/cv_ws/src/topic2/src/image_sub.cpp:24:1:[m[K [01;31m[Kerror: [m[Kexpected ‚Äò[01m[K}[m[K‚Äô before ‚Äò[01m[Kpublic[m[K‚Äô
[01m[K/home/stoair/ros2CV/cv_ws/src/topic2/src/image_sub.cpp:23:1:[m[K [01;36m[Knote: [m[Kto match this ‚Äò[01m[K{[m[K‚Äô
   23 | [01;36m[K{[m[K
      | [01;36m[K^[m[K
[01m[K/home/stoair/ros2CV/cv_ws/src/topic2/src/image_sub.cpp:30:1:[m[K [01;31m[Kerror: [m[Kexpected unqualified-id before ‚Äò[01m[Kprivate[m[K‚Äô
   30 | [01;31m[Kprivate[m[K:
      | [01;31m[K^~~~~~~[m[K
[01m[K/home/stoair/ros2CV/cv_ws/src/topic2/src/image_sub.cpp:32:5:[m[K [01;31m[Kerror: [m[K‚Äò[01m[Krclcpp[m[K‚Äô does not name a type
   32 |     [01;31m[Krclcpp[m[K::Publisher<topic_interfaces::msg::Coord>::SharedPtr publisher_;
      |     [01;31m[K^~~~~~[m[K
[01m[K/home/stoair/ros2CV/cv_ws/src/topic2/src/image_sub.cpp:33:5:[m[K [01;31m[Kerror: [m[K‚Äò[01m[Krclcpp[m[K‚Äô does not name a type
   33 |     [01;31m[Krclcpp[m[K::TimerBase::SharedPtr timer_;
      |     [01;31m[K^~~~~~[m[K
[01m[K/home/stoair/ros2CV/cv_ws/src/topic2/src/image_sub.cpp:55:31:[m[K [01;31m[Kerror: [m[K‚Äò[01m[Ksensor_msgs[m[K‚Äô does not name a type
   55 |     void image_callback(const [01;31m[Ksensor_msgs[m[K::msg::Image::SharedPtr msg)
      |                               [01;31m[K^~~~~~~~~~~[m[K
[01m[K/home/stoair/ros2CV/cv_ws/src/topic2/src/image_sub.cpp:55:47:[m[K [01;31m[Kerror: [m[Kexpected unqualified-id before ‚Äò[01m[K::[m[K‚Äô token
   55 |     void image_callback(const sensor_msgs::msg[01;31m[K::[m[KImage::SharedPtr msg)
      |                                               [01;31m[K^~[m[K
[01m[K/home/stoair/ros2CV/cv_ws/src/topic2/src/image_sub.cpp:55:47:[m[K [01;31m[Kerror: [m[Kexpected ‚Äò[01m[K)[m[K‚Äô before ‚Äò[01m[K::[m[K‚Äô token
   55 |     void image_callback[34m[K([m[Kconst sensor_msgs::msg[01;31m[K:[m[K[32m[K:[m[KImage::SharedPtr msg)
      |                        [34m[K~[m[K                      [01;31m[K^[m[K[32m[K~[m[K
      |                                               [32m[K)[m[K
[01m[K/home/stoair/ros2CV/cv_ws/src/topic2/src/image_sub.cpp:55:47:[m[K [01;31m[Kerror: [m[Kexpected initializer before ‚Äò[01m[K::[m[K‚Äô token
   55 |     void image_callback(const sensor_msgs::msg[01;31m[K::[m[KImage::SharedPtr msg)
      |                                               [01;31m[K^~[m[K
[01m[K/home/stoair/ros2CV/cv_ws/src/topic2/src/image_sub.cpp:[m[K In function ‚Äò[01m[Kvoid timer_callback()[m[K‚Äô:
[01m[K/home/stoair/ros2CV/cv_ws/src/topic2/src/image_sub.cpp:118:9:[m[K [01;31m[Kerror: [m[K‚Äò[01m[Ktopic_interfaces[m[K‚Äô has not been declared
  118 |         [01;31m[Ktopic_interfaces[m[K::msg::Coord message;
      |         [01;31m[K^~~~~~~~~~~~~~~~[m[K
[01m[K/home/stoair/ros2CV/cv_ws/src/topic2/src/image_pub.cpp:9:25:[m[K [01;31m[Kerror: [m[K‚Äò[01m[Krclcpp[m[K‚Äô has not been declared
    9 | class imagePub : public [01;31m[Krclcpp[m[K::Node
      |                         [01;31m[K^~~~~~[m[K
[01m[K/home/stoair/ros2CV/cv_ws/src/topic2/src/image_pub.cpp:9:33:[m[K [01;31m[Kerror: [m[Kexpected ‚Äò[01m[K{[m[K‚Äô before ‚Äò[01m[KNode[m[K‚Äô
    9 | class imagePub : public rclcpp::[01;31m[KNode[m[K
      |                                 [01;31m[K^~~~[m[K
[01m[K/home/stoair/ros2CV/cv_ws/src/topic2/src/image_pub.cpp:11:1:[m[K [01;31m[Kerror: [m[Kexpected primary-expression before ‚Äò[01m[Kpublic[m[K‚Äô
   11 | [01;31m[Kpublic[m[K:
      | [01;31m[K^~~~~~[m[K
[01m[K/home/stoair/ros2CV/cv_ws/src/topic2/src/image_pub.cpp:11:1:[m[K [01;31m[Kerror: [m[Kexpected ‚Äò[01m[K}[m[K‚Äô before ‚Äò[01m[Kpublic[m[K‚Äô
[01m[K/home/stoair/ros2CV/cv_ws/src/topic2/src/image_pub.cpp:10:1:[m[K [01;36m[Knote: [m[Kto match this ‚Äò[01m[K{[m[K‚Äô
   10 | [01;36m[K{[m[K
      | [01;36m[K^[m[K
[01m[K/home/stoair/ros2CV/cv_ws/src/topic2/src/image_pub.cpp:22:1:[m[K [01;31m[Kerror: [m[Kexpected unqualified-id before ‚Äò[01m[Kprivate[m[K‚Äô
   22 | [01;31m[Kprivate[m[K:
      | [01;31m[K^~~~~~~[m[K
[01m[K/home/stoair/ros2CV/cv_ws/src/topic2/src/image_pub.cpp:24:5:[m[K [01;31m[Kerror: [m[K‚Äò[01m[Krclcpp[m[K‚Äô does not name a type
   24 |     [01;31m[Krclcpp[m[K::Subscription<topic_interfaces::msg::Coord>::SharedPtr subscriber_;
      |     [01;31m[K^~~~~~[m[K
[01m[K/home/stoair/ros2CV/cv_ws/src/topic2/src/image_sub.cpp:119:36:[m[K [01;31m[Kerror: [m[K‚Äò[01m[Kmessage[m[K‚Äô was not declared in this scope
  119 |         sscanf(coord, "%d,%d,%d", &[01;31m[Kmessage[m[K.x, &message.y, &message.flag_servo);
      |                                    [01;31m[K^~~~~~~[m[K
[01m[K/home/stoair/ros2CV/cv_ws/src/topic2/src/image_pub.cpp:25:5:[m[K [01;31m[Kerror: [m[K‚Äò[01m[Krclcpp[m[K‚Äô does not name a type
   25 |     [01;31m[Krclcpp[m[K::TimerBase::SharedPtr timer_;
      |     [01;31m[K^~~~~~[m[K
[01m[K/home/stoair/ros2CV/cv_ws/src/topic2/src/image_pub.cpp:[m[K In function ‚Äò[01m[Kvoid timer_callback()[m[K‚Äô:
[01m[K/home/stoair/ros2CV/cv_ws/src/topic2/src/image_pub.cpp:34:28:[m[K [01;31m[Kerror: [m[K‚Äò[01m[Kcv_bridge[m[K‚Äô has not been declared
   34 |             auto img_msg = [01;31m[Kcv_bridge[m[K::CvImage(std_msgs::msg::Header(), "bgr8", frame).toImageMsg();
      |                            [01;31m[K^~~~~~~~~[m[K
[01m[K/home/stoair/ros2CV/cv_ws/src/topic2/src/image_pub.cpp:34:47:[m[K [01;31m[Kerror: [m[K‚Äò[01m[Kstd_msgs[m[K‚Äô has not been declared
   34 |             auto img_msg = cv_bridge::CvImage([01;31m[Kstd_msgs[m[K::msg::Header(), "bgr8", frame).toImageMsg();
      |                                               [01;31m[K^~~~~~~~[m[K
[01m[K/home/stoair/ros2CV/cv_ws/src/topic2/src/image_sub.cpp:120:9:[m[K [01;31m[Kerror: [m[K‚Äò[01m[Kpublisher_[m[K‚Äô was not declared in this scope
  120 |         [01;31m[Kpublisher_[m[K->publish(message);
      |         [01;31m[K^~~~~~~~~~[m[K
[01m[K/home/stoair/ros2CV/cv_ws/src/topic2/src/image_sub.cpp:121:21:[m[K [01;31m[Kerror: [m[Kinvalid use of ‚Äò[01m[Kthis[m[K‚Äô in non-member function
  121 |         RCLCPP_INFO([01;31m[Kthis[m[K->get_logger(), "publish coord");
      |                     [01;31m[K^~~~[m[K
[01m[K/home/stoair/ros2CV/cv_ws/src/topic2/src/image_pub.cpp:35:13:[m[K [01;31m[Kerror: [m[K‚Äò[01m[Kpublisher_[m[K‚Äô was not declared in this scope
   35 |             [01;31m[Kpublisher_[m[K->publish(*img_msg);
      |             [01;31m[K^~~~~~~~~~[m[K
[01m[K/home/stoair/ros2CV/cv_ws/src/topic2/src/image_pub.cpp:37:21:[m[K [01;31m[Kerror: [m[Kinvalid use of ‚Äò[01m[Kthis[m[K‚Äô in non-member function
   37 |         RCLCPP_INFO([01;31m[Kthis[m[K->get_logger(), "Publishing video frame");
      |                     [01;31m[K^~~~[m[K
[01m[K/home/stoair/ros2CV/cv_ws/src/topic2/src/image_sub.cpp:121:9:[m[K [01;31m[Kerror: [m[K‚Äò[01m[KRCLCPP_INFO[m[K‚Äô was not declared in this scope
  121 |         [01;31m[KRCLCPP_INFO[m[K(this->get_logger(), "publish coord");
      |         [01;31m[K^~~~~~~~~~~[m[K
[01m[K/home/stoair/ros2CV/cv_ws/src/topic2/src/image_pub.cpp:37:9:[m[K [01;31m[Kerror: [m[K‚Äò[01m[KRCLCPP_INFO[m[K‚Äô was not declared in this scope
   37 |         [01;31m[KRCLCPP_INFO[m[K(this->get_logger(), "Publishing video frame");
      |         [01;31m[K^~~~~~~~~~~[m[K
[01m[K/home/stoair/ros2CV/cv_ws/src/topic2/src/image_pub.cpp:[m[K At global scope:
[01m[K/home/stoair/ros2CV/cv_ws/src/topic2/src/image_pub.cpp:40:31:[m[K [01;31m[Kerror: [m[K‚Äò[01m[Ktopic_interfaces[m[K‚Äô does not name a type
   40 |     void coord_callback(const [01;31m[Ktopic_interfaces[m[K::msg::Coord::SharedPtr msg)
      |                               [01;31m[K^~~~~~~~~~~~~~~~[m[K
[01m[K/home/stoair/ros2CV/cv_ws/src/topic2/src/image_pub.cpp:40:52:[m[K [01;31m[Kerror: [m[Kexpected unqualified-id before ‚Äò[01m[K::[m[K‚Äô token
   40 |     void coord_callback(const topic_interfaces::msg[01;31m[K::[m[KCoord::SharedPtr msg)
      |                                                    [01;31m[K^~[m[K
[01m[K/home/stoair/ros2CV/cv_ws/src/topic2/src/image_pub.cpp:40:52:[m[K [01;31m[Kerror: [m[Kexpected ‚Äò[01m[K)[m[K‚Äô before ‚Äò[01m[K::[m[K‚Äô token
   40 |     void coord_callback[34m[K([m[Kconst topic_interfaces::msg[01;31m[K:[m[K[32m[K:[m[KCoord::SharedPtr msg)
      |                        [34m[K~[m[K                           [01;31m[K^[m[K[32m[K~[m[K
      |                                                    [32m[K)[m[K
[01m[K/home/stoair/ros2CV/cv_ws/src/topic2/src/image_pub.cpp:40:52:[m[K [01;31m[Kerror: [m[Kexpected initializer before ‚Äò[01m[K::[m[K‚Äô token
   40 |     void coord_callback(const topic_interfaces::msg[01;31m[K::[m[KCoord::SharedPtr msg)
      |                                                    [01;31m[K^~[m[K
[01m[K/home/stoair/ros2CV/cv_ws/src/topic2/src/image_pub.cpp:47:1:[m[K [01;31m[Kerror: [m[Kexpected declaration before ‚Äò[01m[K}[m[K‚Äô token
   47 | [01;31m[K}[m[K;
      | [01;31m[K^[m[K
[01m[K/home/stoair/ros2CV/cv_ws/src/topic2/src/image_pub.cpp:[m[K In function ‚Äò[01m[Kint main(int, char**)[m[K‚Äô:
[01m[K/home/stoair/ros2CV/cv_ws/src/topic2/src/image_pub.cpp:51:5:[m[K [01;31m[Kerror: [m[K‚Äò[01m[Krclcpp[m[K‚Äô has not been declared
   51 |     [01;31m[Krclcpp[m[K::init(argc, argv);
      |     [01;31m[K^~~~~~[m[K
[01m[K/home/stoair/ros2CV/cv_ws/src/topic2/src/image_pub.cpp:53:5:[m[K [01;31m[Kerror: [m[K‚Äò[01m[Krclcpp[m[K‚Äô has not been declared
   53 |     [01;31m[Krclcpp[m[K::spin(node);
      |     [01;31m[K^~~~~~[m[K
[01m[K/home/stoair/ros2CV/cv_ws/src/topic2/src/image_pub.cpp:54:5:[m[K [01;31m[Kerror: [m[K‚Äò[01m[Krclcpp[m[K‚Äô has not been declared
   54 |     [01;31m[Krclcpp[m[K::shutdown();
      |     [01;31m[K^~~~~~[m[K
[01m[K/home/stoair/ros2CV/cv_ws/src/topic2/src/image_sub.cpp:[m[K In function ‚Äò[01m[Kvoid drive_servo(char*, int, int, int)[m[K‚Äô:
[01m[K/home/stoair/ros2CV/cv_ws/src/topic2/src/image_sub.cpp:130:17:[m[K [01;31m[Kerror: [m[K‚Äò[01m[KcalculateDistance[m[K‚Äô was not declared in this scope
  130 |             r = [01;31m[KcalculateDistance[m[K(x, y, target_x, target_y);
      |                 [01;31m[K^~~~~~~~~~~~~~~~~[m[K
[01m[K/home/stoair/ros2CV/cv_ws/src/topic2/src/image_sub.cpp:[m[K At global scope:
[01m[K/home/stoair/ros2CV/cv_ws/src/topic2/src/image_sub.cpp:152:1:[m[K [01;31m[Kerror: [m[Kexpected declaration before ‚Äò[01m[K}[m[K‚Äô token
  152 | [01;31m[K}[m[K;
      | [01;31m[K^[m[K
[01m[K/home/stoair/ros2CV/cv_ws/src/topic2/src/image_sub.cpp:[m[K In function ‚Äò[01m[Kint main(int, char**)[m[K‚Äô:
[01m[K/home/stoair/ros2CV/cv_ws/src/topic2/src/image_sub.cpp:159:5:[m[K [01;31m[Kerror: [m[K‚Äò[01m[Krclcpp[m[K‚Äô has not been declared
  159 |     [01;31m[Krclcpp[m[K::init(argc, argv);
      |     [01;31m[K^~~~~~[m[K
[01m[K/home/stoair/ros2CV/cv_ws/src/topic2/src/image_sub.cpp:161:5:[m[K [01;31m[Kerror: [m[K‚Äò[01m[Krclcpp[m[K‚Äô has not been declared
  161 |     [01;31m[Krclcpp[m[K::spin(node);
      |     [01;31m[K^~~~~~[m[K
[01m[K/home/stoair/ros2CV/cv_ws/src/topic2/src/image_sub.cpp:162:5:[m[K [01;31m[Kerror: [m[K‚Äò[01m[Krclcpp[m[K‚Äô has not been declared
  162 |     [01;31m[Krclcpp[m[K::shutdown();
      |     [01;31m[K^~~~~~[m[K
In file included from [01m[K/usr/include/c++/11/unordered_map:42[m[K,
                 from [01m[K/usr/include/c++/11/functional:61[m[K,
                 from [01m[K/usr/include/eigen3/Eigen/Core:85[m[K,
                 from [01m[K/home/stoair/ros2CV/cv_ws/src/topic2/include/topic2/global.hpp:5[m[K,
                 from [01m[K/home/stoair/ros2CV/cv_ws/src/topic2/src/image_pub.cpp:1[m[K:
/usr/include/c++/11/ext/aligned_buffer.h: In instantiation of ‚Äò[01m[Kstruct __gnu_cxx::__aligned_buffer<imagePub>[m[K‚Äô:
[01m[K/usr/include/c++/11/bits/shared_ptr_base.h:506:35:[m[K   required from ‚Äò[01m[Kclass std::_Sp_counted_ptr_inplace<imagePub, std::allocator<imagePub>, __gnu_cxx::_S_atomic>::_Impl[m[K‚Äô
[01m[K/usr/include/c++/11/bits/shared_ptr_base.h:567:13:[m[K   required from ‚Äò[01m[Kclass std::_Sp_counted_ptr_inplace<imagePub, std::allocator<imagePub>, __gnu_cxx::_S_atomic>[m[K‚Äô
[01m[K/usr/include/c++/11/bits/shared_ptr_base.h:647:43:[m[K   required from ‚Äò[01m[Kstd::__shared_count<_Lp>::__shared_count(_Tp*&, std::_Sp_alloc_shared_tag<_Alloc>, _Args&& ...) [with _Tp = imagePub; _Alloc = std::allocator<imagePub>; _Args = {}; __gnu_cxx::_Lock_policy _Lp = __gnu_cxx::_S_atomic][m[K‚Äô
[01m[K/usr/include/c++/11/bits/shared_ptr_base.h:1342:14:[m[K   required from ‚Äò[01m[Kstd::__shared_ptr<_Tp, _Lp>::__shared_ptr(std::_Sp_alloc_shared_tag<_Tp>, _Args&& ...) [with _Alloc = std::allocator<imagePub>; _Args = {}; _Tp = imagePub; __gnu_cxx::_Lock_policy _Lp = __gnu_cxx::_S_atomic][m[K‚Äô
[01m[K/usr/include/c++/11/bits/shared_ptr.h:409:59:[m[K   required from ‚Äò[01m[Kstd::shared_ptr<_Tp>::shared_ptr(std::_Sp_alloc_shared_tag<_Tp>, _Args&& ...) [with _Alloc = std::allocator<imagePub>; _Args = {}; _Tp = imagePub][m[K‚Äô
[01m[K/usr/include/c++/11/bits/shared_ptr.h:862:14:[m[K   required from ‚Äò[01m[Kstd::shared_ptr<_Tp> std::allocate_shared(const _Alloc&, _Args&& ...) [with _Tp = imagePub; _Alloc = std::allocator<imagePub>; _Args = {}][m[K‚Äô
[01m[K/usr/include/c++/11/bits/shared_ptr.h:878:39:[m[K   required from ‚Äò[01m[Kstd::shared_ptr<_Tp> std::make_shared(_Args&& ...) [with _Tp = imagePub; _Args = {}][m[K‚Äô
[01m[K/home/stoair/ros2CV/cv_ws/src/topic2/src/image_pub.cpp:52:43:[m[K   required from here
[01m[K/usr/include/c++/11/ext/aligned_buffer.h:91:28:[m[K [01;31m[Kerror: [m[Kinvalid application of ‚Äò[01m[Ksizeof[m[K‚Äô to incomplete type ‚Äò[01m[KimagePub[m[K‚Äô
   91 |     : std::aligned_storage<[01;31m[Ksizeof(_Tp)[m[K, __alignof__(_Tp)>
      |                            [01;31m[K^~~~~~~~~~~[m[K
[01m[K/usr/include/c++/11/ext/aligned_buffer.h:91:28:[m[K [01;31m[Kerror: [m[Kinvalid application of ‚Äò[01m[Ksizeof[m[K‚Äô to incomplete type ‚Äò[01m[KimagePub[m[K‚Äô
In file included from [01m[K/usr/include/c++/11/unordered_map:42[m[K,
                 from [01m[K/usr/include/c++/11/functional:61[m[K,
                 from [01m[K/usr/include/eigen3/Eigen/Core:85[m[K,
                 from [01m[K/home/stoair/ros2CV/cv_ws/src/topic2/include/topic2/global.hpp:5[m[K,
                 from [01m[K/home/stoair/ros2CV/cv_ws/src/topic2/src/image_sub.cpp:1[m[K:
/usr/include/c++/11/ext/aligned_buffer.h: In instantiation of ‚Äò[01m[Kstruct __gnu_cxx::__aligned_buffer<imageSub>[m[K‚Äô:
[01m[K/usr/include/c++/11/bits/shared_ptr_base.h:506:35:[m[K   required from ‚Äò[01m[Kclass std::_Sp_counted_ptr_inplace<imageSub, std::allocator<imageSub>, __gnu_cxx::_S_atomic>::_Impl[m[K‚Äô
[01m[K/usr/include/c++/11/bits/shared_ptr_base.h:567:13:[m[K   required from ‚Äò[01m[Kclass std::_Sp_counted_ptr_inplace<imageSub, std::allocator<imageSub>, __gnu_cxx::_S_atomic>[m[K‚Äô
[01m[K/usr/include/c++/11/bits/shared_ptr_base.h:647:43:[m[K   required from ‚Äò[01m[Kstd::__shared_count<_Lp>::__shared_count(_Tp*&, std::_Sp_alloc_shared_tag<_Alloc>, _Args&& ...) [with _Tp = imageSub; _Alloc = std::allocator<imageSub>; _Args = {}; __gnu_cxx::_Lock_policy _Lp = __gnu_cxx::_S_atomic][m[K‚Äô
[01m[K/usr/include/c++/11/bits/shared_ptr_base.h:1342:14:[m[K   required from ‚Äò[01m[Kstd::__shared_ptr<_Tp, _Lp>::__shared_ptr(std::_Sp_alloc_shared_tag<_Tp>, _Args&& ...) [with _Alloc = std::allocator<imageSub>; _Args = {}; _Tp = imageSub; __gnu_cxx::_Lock_policy _Lp = __gnu_cxx::_S_atomic][m[K‚Äô
[01m[K/usr/include/c++/11/bits/shared_ptr.h:409:59:[m[K   required from ‚Äò[01m[Kstd::shared_ptr<_Tp>::shared_ptr(std::_Sp_alloc_shared_tag<_Tp>, _Args&& ...) [with _Alloc = std::allocator<imageSub>; _Args = {}; _Tp = imageSub][m[K‚Äô
[01m[K/usr/include/c++/11/bits/shared_ptr.h:862:14:[m[K   required from ‚Äò[01m[Kstd::shared_ptr<_Tp> std::allocate_shared(const _Alloc&, _Args&& ...) [with _Tp = imageSub; _Alloc = std::allocator<imageSub>; _Args = {}][m[K‚Äô
[01m[K/usr/include/c++/11/bits/shared_ptr.h:878:39:[m[K   required from ‚Äò[01m[Kstd::shared_ptr<_Tp> std::make_shared(_Args&& ...) [with _Tp = imageSub; _Args = {}][m[K‚Äô
[01m[K/home/stoair/ros2CV/cv_ws/src/topic2/src/image_sub.cpp:160:43:[m[K   required from here
[01m[K/usr/include/c++/11/ext/aligned_buffer.h:91:28:[m[K [01;31m[Kerror: [m[Kinvalid application of ‚Äò[01m[Ksizeof[m[K‚Äô to incomplete type ‚Äò[01m[KimageSub[m[K‚Äô
   91 |     : std::aligned_storage<[01;31m[Ksizeof(_Tp)[m[K, __alignof__(_Tp)>
      |                            [01;31m[K^~~~~~~~~~~[m[K
[01m[K/usr/include/c++/11/ext/aligned_buffer.h:91:28:[m[K [01;31m[Kerror: [m[Kinvalid application of ‚Äò[01m[Ksizeof[m[K‚Äô to incomplete type ‚Äò[01m[KimageSub[m[K‚Äô
gmake[2]: *** [CMakeFiles/image_pub.dir/build.make:76ÔºöCMakeFiles/image_pub.dir/src/image_pub.cpp.o] ÈîôËØØ 1
gmake[1]: *** [CMakeFiles/Makefile2:139ÔºöCMakeFiles/image_pub.dir/all] ÈîôËØØ 2
gmake[1]: *** Ê≠£Âú®Á≠âÂæÖÊú™ÂÆåÊàêÁöÑ‰ªªÂä°....
gmake[2]: *** [CMakeFiles/image_sub.dir/build.make:76ÔºöCMakeFiles/image_sub.dir/src/image_sub.cpp.o] ÈîôËØØ 1
gmake[2]: *** Ê≠£Âú®Á≠âÂæÖÊú™ÂÆåÊàêÁöÑ‰ªªÂä°....
gmake[1]: *** [CMakeFiles/Makefile2:165ÔºöCMakeFiles/image_sub.dir/all] ÈîôËØØ 2
gmake: *** [Makefile:146Ôºöall] ÈîôËØØ 2
