[35m[1mConsolidate compiler generated dependencies of target image_sub[0m
[ 40%] Built target image_pub
[ 60%] [32mBuilding CXX object CMakeFiles/image_sub.dir/src/image_sub.cpp.o[0m
[01m[K/home/stoair/ros2CV/cv_ws/src/topic2/src/image_sub.cpp:76:65:[m[K [01;31m[Kerror: [m[Kextended character “ is not valid in an identifier
   76 |         cv_bridge::CvImagePtr cv_ptr = cv_bridge::toCvCopy(msg, [01;31m[K“[m[K8UC1”);
      |                                                                 [01;31m[K^[m[K
[01m[K/home/stoair/ros2CV/cv_ws/src/topic2/src/image_sub.cpp:76:65:[m[K [01;31m[Kerror: [m[Kextended character ” is not valid in an identifier
[01m[K/home/stoair/ros2CV/cv_ws/src/topic2/src/image_sub.cpp:[m[K In member function ‘[01m[Kvoid imageSub::image_callback(sensor_msgs::msg::Image_<std::allocator<void> >::SharedPtr)[m[K’:
[01m[K/home/stoair/ros2CV/cv_ws/src/topic2/src/image_sub.cpp:76:65:[m[K [01;31m[Kerror: [m[K‘[01m[K“8UC1”[m[K’ was not declared in this scope
   76 |         cv_bridge::CvImagePtr cv_ptr = cv_bridge::toCvCopy(msg, [01;31m[K“8UC1”[m[K);
      |                                                                 [01;31m[K^~~~~~[m[K
gmake[2]: *** [CMakeFiles/image_sub.dir/build.make:76：CMakeFiles/image_sub.dir/src/image_sub.cpp.o] 错误 1
gmake[1]: *** [CMakeFiles/Makefile2:165：CMakeFiles/image_sub.dir/all] 错误 2
gmake: *** [Makefile:146：all] 错误 2
