[35m[1mConsolidate compiler generated dependencies of target image_sub[0m
[ 40%] Built target image_pub
[ 60%] [32mBuilding CXX object CMakeFiles/image_sub.dir/src/image_sub.cpp.o[0m
[01m[K/home/stoair/ros2CV/cv_ws/src/topic2/src/image_sub.cpp:76:65:[m[K [01;31m[Kerror: [m[Kextended character â€œ is not valid in an identifier
   76 |         cv_bridge::CvImagePtr cv_ptr = cv_bridge::toCvCopy(msg, [01;31m[Kâ€œ[m[K8UC1â€);
      |                                                                 [01;31m[K^[m[K
[01m[K/home/stoair/ros2CV/cv_ws/src/topic2/src/image_sub.cpp:76:65:[m[K [01;31m[Kerror: [m[Kextended character â€ is not valid in an identifier
[01m[K/home/stoair/ros2CV/cv_ws/src/topic2/src/image_sub.cpp:[m[K In member function â€˜[01m[Kvoid imageSub::image_callback(sensor_msgs::msg::Image_<std::allocator<void> >::SharedPtr)[m[Kâ€™:
[01m[K/home/stoair/ros2CV/cv_ws/src/topic2/src/image_sub.cpp:76:65:[m[K [01;31m[Kerror: [m[Kâ€˜[01m[Kâ€œ8UC1â€[m[Kâ€™ was not declared in this scope
   76 |         cv_bridge::CvImagePtr cv_ptr = cv_bridge::toCvCopy(msg, [01;31m[Kâ€œ8UC1â€[m[K);
      |                                                                 [01;31m[K^~~~~~[m[K
gmake[2]: *** [CMakeFiles/image_sub.dir/build.make:76ï¼šCMakeFiles/image_sub.dir/src/image_sub.cpp.o] é”™è¯¯ 1
gmake[1]: *** [CMakeFiles/Makefile2:165ï¼šCMakeFiles/image_sub.dir/all] é”™è¯¯ 2
gmake: *** [Makefile:146ï¼šall] é”™è¯¯ 2
