[0.008s] Invoking command in '/home/stoair/ros2CV/cv_ws/build/topic2': CMAKE_PREFIX_PATH=${CMAKE_PREFIX_PATH}:/home/stoair/dev_ws/install/learning_urdf:/home/stoair/dev_ws/install/learning_topic:/home/stoair/dev_ws/install/learning_tf:/home/stoair/dev_ws/install/learning_service:/home/stoair/dev_ws/install/learning_qos:/home/stoair/dev_ws/install/learning_pkg_python:/home/stoair/dev_ws/install/learning_parameter:/home/stoair/dev_ws/install/learning_node:/home/stoair/dev_ws/install/learning_launch:/home/stoair/dev_ws/install/learning_action:/home/stoair/dev_ws/install/learning_gazebo_fortress:/home/stoair/dev_ws/install/learning_gazebo:/home/stoair/dev_ws/install/learning_cv:/opt/ros/humble CONDA_PROMPT_MODIFIER=(base) /usr/bin/cmake --build /home/stoair/ros2CV/cv_ws/build/topic2 -- -j16 -l16
[0.047s] [35m[1mConsolidate compiler generated dependencies of target image_sub[0m
[0.057s] [ 40%] Built target image_pub
[0.063s] [ 60%] [32mBuilding CXX object CMakeFiles/image_sub.dir/src/image_sub.cpp.o[0m
[0.308s] [01m[K/home/stoair/ros2CV/cv_ws/src/topic2/src/image_sub.cpp:76:65:[m[K [01;31m[Kerror: [m[Kextended character ‚Äú is not valid in an identifier
[0.308s]    76 |         cv_bridge::CvImagePtr cv_ptr = cv_bridge::toCvCopy(msg, [01;31m[K‚Äú[m[K8UC1‚Äù);
[0.308s]       |                                                                 [01;31m[K^[m[K
[0.308s] [01m[K/home/stoair/ros2CV/cv_ws/src/topic2/src/image_sub.cpp:76:65:[m[K [01;31m[Kerror: [m[Kextended character ‚Äù is not valid in an identifier
[2.719s] [01m[K/home/stoair/ros2CV/cv_ws/src/topic2/src/image_sub.cpp:[m[K In member function ‚Äò[01m[Kvoid imageSub::image_callback(sensor_msgs::msg::Image_<std::allocator<void> >::SharedPtr)[m[K‚Äô:
[2.719s] [01m[K/home/stoair/ros2CV/cv_ws/src/topic2/src/image_sub.cpp:76:65:[m[K [01;31m[Kerror: [m[K‚Äò[01m[K‚Äú8UC1‚Äù[m[K‚Äô was not declared in this scope
[2.719s]    76 |         cv_bridge::CvImagePtr cv_ptr = cv_bridge::toCvCopy(msg, [01;31m[K‚Äú8UC1‚Äù[m[K);
[2.719s]       |                                                                 [01;31m[K^~~~~~[m[K
[4.393s] gmake[2]: *** [CMakeFiles/image_sub.dir/build.make:76ÔºöCMakeFiles/image_sub.dir/src/image_sub.cpp.o] ÈîôËØØ 1
[4.393s] gmake[1]: *** [CMakeFiles/Makefile2:165ÔºöCMakeFiles/image_sub.dir/all] ÈîôËØØ 2
[4.394s] gmake: *** [Makefile:146Ôºöall] ÈîôËØØ 2
[4.396s] Invoked command in '/home/stoair/ros2CV/cv_ws/build/topic2' returned '2': CMAKE_PREFIX_PATH=${CMAKE_PREFIX_PATH}:/home/stoair/dev_ws/install/learning_urdf:/home/stoair/dev_ws/install/learning_topic:/home/stoair/dev_ws/install/learning_tf:/home/stoair/dev_ws/install/learning_service:/home/stoair/dev_ws/install/learning_qos:/home/stoair/dev_ws/install/learning_pkg_python:/home/stoair/dev_ws/install/learning_parameter:/home/stoair/dev_ws/install/learning_node:/home/stoair/dev_ws/install/learning_launch:/home/stoair/dev_ws/install/learning_action:/home/stoair/dev_ws/install/learning_gazebo_fortress:/home/stoair/dev_ws/install/learning_gazebo:/home/stoair/dev_ws/install/learning_cv:/opt/ros/humble CONDA_PROMPT_MODIFIER=(base) /usr/bin/cmake --build /home/stoair/ros2CV/cv_ws/build/topic2 -- -j16 -l16
