[01m[K/home/stoair/ros2CV/cv_ws/src/topic2/src/image_pub.cpp:[m[K In member function â€˜[01m[Kvoid imagePub::timer_callback()[m[Kâ€™:
[01m[K/home/stoair/ros2CV/cv_ws/src/topic2/src/image_pub.cpp:49:26:[m[K [01;31m[Kerror: [m[Kâ€˜[01m[KCompressedImage[m[Kâ€™ is not a member of â€˜[01m[Ksensor_msgs[m[Kâ€™; did you mean â€˜[01m[Ksensor_msgs::msg::CompressedImage[m[Kâ€™?
   49 |             sensor_msgs::[01;31m[KCompressedImage[m[K compressed_msg;
      |                          [01;31m[K^~~~~~~~~~~~~~~[m[K
In file included from [01m[K/opt/ros/humble/include/sensor_msgs/sensor_msgs/msg/compressed_image.hpp:7[m[K,
                 from [01m[K/opt/ros/humble/include/cv_bridge/cv_bridge/cv_bridge.h:41[m[K,
                 from [01m[K/home/stoair/ros2CV/cv_ws/src/topic2/src/image_pub.cpp:5[m[K:
[01m[K/opt/ros/humble/include/sensor_msgs/sensor_msgs/msg/detail/compressed_image__struct.hpp:152:7:[m[K [01;36m[Knote: [m[Kâ€˜[01m[Ksensor_msgs::msg::CompressedImage[m[Kâ€™ declared here
  152 | using [01;36m[KCompressedImage[m[K =
      |       [01;36m[K^~~~~~~~~~~~~~~[m[K
[01m[K/home/stoair/ros2CV/cv_ws/src/topic2/src/image_pub.cpp:53:13:[m[K [01;31m[Kerror: [m[Kâ€˜[01m[Kcompressed_msg[m[Kâ€™ was not declared in this scope
   53 |             [01;31m[Kcompressed_msg[m[K.header.stamp = ros::Time::now();
      |             [01;31m[K^~~~~~~~~~~~~~[m[K
[01m[K/home/stoair/ros2CV/cv_ws/src/topic2/src/image_pub.cpp:53:43:[m[K [01;31m[Kerror: [m[Kâ€˜[01m[Kros[m[Kâ€™ has not been declared
   53 |             compressed_msg.header.stamp = [01;31m[Kros[m[K::Time::now();
      |                                           [01;31m[K^~~[m[K
[01m[K/home/stoair/ros2CV/cv_ws/src/topic2/src/image_pub.cpp:56:13:[m[K [01;31m[Kerror: [m[Kâ€˜[01m[Kpub[m[Kâ€™ was not declared in this scope
   56 |             [01;31m[Kpub[m[K.publish(compressed_msg);
      |             [01;31m[K^~~[m[K
gmake[2]: *** [CMakeFiles/image_pub.dir/build.make:76ï¼šCMakeFiles/image_pub.dir/src/image_pub.cpp.o] é”™è¯¯ 1
gmake[1]: *** [CMakeFiles/Makefile2:139ï¼šCMakeFiles/image_pub.dir/all] é”™è¯¯ 2
gmake: *** [Makefile:146ï¼šall] é”™è¯¯ 2
