[0.009s] Invoking command in '/home/stoair/ros2CV/cv_ws/build/topic2': CMAKE_PREFIX_PATH=${CMAKE_PREFIX_PATH}:/home/stoair/dev_ws/install/learning_urdf:/home/stoair/dev_ws/install/learning_topic:/home/stoair/dev_ws/install/learning_tf:/home/stoair/dev_ws/install/learning_service:/home/stoair/dev_ws/install/learning_qos:/home/stoair/dev_ws/install/learning_pkg_python:/home/stoair/dev_ws/install/learning_parameter:/home/stoair/dev_ws/install/learning_node:/home/stoair/dev_ws/install/learning_launch:/home/stoair/dev_ws/install/learning_action:/home/stoair/dev_ws/install/learning_gazebo_fortress:/home/stoair/dev_ws/install/learning_gazebo:/home/stoair/dev_ws/install/learning_cv:/opt/ros/humble CONDA_PROMPT_MODIFIER=(base) /usr/bin/cmake --build /home/stoair/ros2CV/cv_ws/build/topic2 -- -j16 -l16
[0.049s] [35m[1mConsolidate compiler generated dependencies of target image_pub[0m
[0.050s] [35m[1mConsolidate compiler generated dependencies of target image_sub[0m
[0.066s] [ 16%] [32mBuilding CXX object CMakeFiles/image_pub.dir/src/image_pub.cpp.o[0m
[0.067s] [ 66%] Built target image_sub
[0.068s] [ 83%] [32mBuilding CXX object CMakeFiles/image_pub.dir/src/image_base64.cpp.o[0m
[0.870s] [01m[K/home/stoair/ros2CV/cv_ws/src/topic2/src/image_base64.cpp:[m[K In static member function â€˜[01m[Kstatic const string ImageBase64::decode(const char*, int, int&)[m[Kâ€™:
[0.871s] [01m[K/home/stoair/ros2CV/cv_ws/src/topic2/src/image_base64.cpp:85:35:[m[K [01;35m[Kwarning: [m[Karray subscript has type â€˜[01m[Kchar[m[Kâ€™ [[01;35m[K]8;;https://gcc.gnu.org/onlinedocs/gcc/Warning-Options.html#index-Wchar-subscripts-Wchar-subscripts]8;;[m[K]
[0.871s]    85 |             n_value = DecodeTable[[01;35m[K*Data++[m[K] << 18;
[0.871s]       |                                   [01;35m[K^~~~~~~[m[K
[0.871s] [01m[K/home/stoair/ros2CV/cv_ws/src/topic2/src/image_base64.cpp:86:36:[m[K [01;35m[Kwarning: [m[Karray subscript has type â€˜[01m[Kchar[m[Kâ€™ [[01;35m[K]8;;https://gcc.gnu.org/onlinedocs/gcc/Warning-Options.html#index-Wchar-subscripts-Wchar-subscripts]8;;[m[K]
[0.871s]    86 |             n_value += DecodeTable[[01;35m[K*Data++[m[K] << 12;
[0.871s]       |                                    [01;35m[K^~~~~~~[m[K
[0.871s] [01m[K/home/stoair/ros2CV/cv_ws/src/topic2/src/image_base64.cpp:91:40:[m[K [01;35m[Kwarning: [m[Karray subscript has type â€˜[01m[Kchar[m[Kâ€™ [[01;35m[K]8;;https://gcc.gnu.org/onlinedocs/gcc/Warning-Options.html#index-Wchar-subscripts-Wchar-subscripts]8;;[m[K]
[0.871s]    91 |                 n_value += DecodeTable[[01;35m[K*Data++[m[K] << 6;
[0.871s]       |                                        [01;35m[K^~~~~~~[m[K
[0.871s] [01m[K/home/stoair/ros2CV/cv_ws/src/topic2/src/image_base64.cpp:96:44:[m[K [01;35m[Kwarning: [m[Karray subscript has type â€˜[01m[Kchar[m[Kâ€™ [[01;35m[K]8;;https://gcc.gnu.org/onlinedocs/gcc/Warning-Options.html#index-Wchar-subscripts-Wchar-subscripts]8;;[m[K]
[0.871s]    96 |                     n_value += DecodeTable[[01;35m[K*Data++[m[K];
[0.871s]       |                                            [01;35m[K^~~~~~~[m[K
[0.876s] [01m[K/home/stoair/ros2CV/cv_ws/src/topic2/src/image_base64.cpp:[m[K In static member function â€˜[01m[Kstatic std::string ImageBase64::file2base64(const string&)[m[Kâ€™:
[0.876s] [01m[K/home/stoair/ros2CV/cv_ws/src/topic2/src/image_base64.cpp:121:38:[m[K [01;31m[Kerror: [m[Kâ€˜[01m[KCV_IMWRITE_JPEG_QUALITY[m[Kâ€™ was not declared in this scope
[0.876s]   121 |     vec_compression_params.push_back([01;31m[KCV_IMWRITE_JPEG_QUALITY[m[K);
[0.876s]       |                                      [01;31m[K^~~~~~~~~~~~~~~~~~~~~~~[m[K
[1.161s] gmake[2]: *** [CMakeFiles/image_pub.dir/build.make:90ï¼šCMakeFiles/image_pub.dir/src/image_base64.cpp.o] é”™è¯¯ 1
[1.161s] gmake[2]: *** æ­£åœ¨ç­‰å¾…æœªå®Œæˆçš„ä»»åŠ¡....
[2.523s] In file included from [01m[K/home/stoair/ros2CV/cv_ws/src/topic2/src/image_pub.cpp:6[m[K:
[2.523s] [01m[K/home/stoair/ros2CV/cv_ws/src/topic2/src/Mat2image.hpp:[m[K In static member function â€˜[01m[Kstatic int Mat2Img::MatToByteArray(cv::Mat, std::vector<unsigned char>&)[m[Kâ€™:
[2.523s] [01m[K/home/stoair/ros2CV/cv_ws/src/topic2/src/Mat2image.hpp:18:28:[m[K [01;31m[Kerror: [m[Kâ€˜[01m[KCV_IMWRITE_JPEG_QUALITY[m[Kâ€™ was not declared in this scope
[2.523s]    18 |                 param[0] = [01;31m[KCV_IMWRITE_JPEG_QUALITY[m[K;
[2.523s]       |                            [01;31m[K^~~~~~~~~~~~~~~~~~~~~~~[m[K
[2.534s] [01m[K/home/stoair/ros2CV/cv_ws/src/topic2/src/Mat2image.hpp:[m[K In static member function â€˜[01m[Kstatic int Mat2Img::JPEGToMat(cv::Mat&, std::vector<unsigned char>)[m[Kâ€™:
[2.534s] [01m[K/home/stoair/ros2CV/cv_ws/src/topic2/src/Mat2image.hpp:31:55:[m[K [01;31m[Kerror: [m[Kâ€˜[01m[KCV_LOAD_IMAGE_COLOR[m[Kâ€™ was not declared in this scope
[2.534s]    31 |                         matImage = cv::imdecode(buff, [01;31m[KCV_LOAD_IMAGE_COLOR[m[K);
[2.534s]       |                                                       [01;31m[K^~~~~~~~~~~~~~~~~~~[m[K
[2.544s] [01m[K/home/stoair/ros2CV/cv_ws/src/topic2/src/Mat2image.hpp:37:55:[m[K [01;31m[Kerror: [m[Kâ€˜[01m[KCV_LOAD_IMAGE_COLOR[m[Kâ€™ was not declared in this scope
[2.544s]    37 |                         matImage = cv::imdecode(buff, [01;31m[KCV_LOAD_IMAGE_COLOR[m[K);
[2.544s]       |                                                       [01;31m[K^~~~~~~~~~~~~~~~~~~[m[K
[4.200s] gmake[2]: *** [CMakeFiles/image_pub.dir/build.make:76ï¼šCMakeFiles/image_pub.dir/src/image_pub.cpp.o] é”™è¯¯ 1
[4.200s] gmake[1]: *** [CMakeFiles/Makefile2:139ï¼šCMakeFiles/image_pub.dir/all] é”™è¯¯ 2
[4.201s] gmake: *** [Makefile:146ï¼šall] é”™è¯¯ 2
[4.203s] Invoked command in '/home/stoair/ros2CV/cv_ws/build/topic2' returned '2': CMAKE_PREFIX_PATH=${CMAKE_PREFIX_PATH}:/home/stoair/dev_ws/install/learning_urdf:/home/stoair/dev_ws/install/learning_topic:/home/stoair/dev_ws/install/learning_tf:/home/stoair/dev_ws/install/learning_service:/home/stoair/dev_ws/install/learning_qos:/home/stoair/dev_ws/install/learning_pkg_python:/home/stoair/dev_ws/install/learning_parameter:/home/stoair/dev_ws/install/learning_node:/home/stoair/dev_ws/install/learning_launch:/home/stoair/dev_ws/install/learning_action:/home/stoair/dev_ws/install/learning_gazebo_fortress:/home/stoair/dev_ws/install/learning_gazebo:/home/stoair/dev_ws/install/learning_cv:/opt/ros/humble CONDA_PROMPT_MODIFIER=(base) /usr/bin/cmake --build /home/stoair/ros2CV/cv_ws/build/topic2 -- -j16 -l16
