[0.009s] Invoking command in '/home/stoair/ros2CV/cv_ws/build/topic2': CMAKE_PREFIX_PATH=${CMAKE_PREFIX_PATH}:/home/stoair/ros2CV/cv_ws/install/pyPublish:/home/stoair/dev_ws/install/learning_urdf:/home/stoair/dev_ws/install/learning_topic:/home/stoair/dev_ws/install/learning_tf:/home/stoair/dev_ws/install/learning_service:/home/stoair/dev_ws/install/learning_qos:/home/stoair/dev_ws/install/learning_pkg_python:/home/stoair/dev_ws/install/learning_parameter:/home/stoair/dev_ws/install/learning_node:/home/stoair/dev_ws/install/learning_launch:/home/stoair/dev_ws/install/learning_action:/home/stoair/dev_ws/install/learning_gazebo_fortress:/home/stoair/dev_ws/install/learning_gazebo:/home/stoair/dev_ws/install/learning_cv:/opt/ros/humble CONDA_PROMPT_MODIFIER=(base) /usr/bin/cmake --build /home/stoair/ros2CV/cv_ws/build/topic2 -- -j16 -l16
[0.042s] [35m[1mConsolidate compiler generated dependencies of target image_sub[0m
[0.054s] [ 42%] Built target image_pub
[0.062s] [ 57%] [32mBuilding CXX object CMakeFiles/image_sub.dir/src/image_sub.cpp.o[0m
[2.784s] [01m[K/home/stoair/ros2CV/cv_ws/src/topic2/src/image_sub.cpp:[m[K In member function â€˜[01m[Kvoid imageSub::image_callback(sensor_msgs::msg::Image_<std::allocator<void> >::SharedPtr)[m[Kâ€™:
[2.784s] [01m[K/home/stoair/ros2CV/cv_ws/src/topic2/src/image_sub.cpp:82:64:[m[K [01;31m[Kerror: [m[Kâ€˜[01m[Km[m[Kâ€™ was not declared in this scope; did you mean â€˜[01m[Ktm[m[Kâ€™?
[2.784s]    82 |         std::string base64 = std::string((msg->data).begin(), ([01;31m[Km[m[K./video/sg->data).end());
[2.784s]       |                                                                [01;31m[K^[m[K
[2.784s]       |                                                                [32m[Ktm[m[K
[2.784s] [01m[K/home/stoair/ros2CV/cv_ws/src/topic2/src/image_sub.cpp:82:41:[m[K [01;31m[Kerror: [m[Kexpected primary-expression before â€˜[01m[K([m[Kâ€™ token
[2.784s]    82 |         std::string base64 = std::string[01;31m[K([m[K(msg->data).begin(), (m./video/sg->data).end());
[2.784s]       |                                         [01;31m[K^[m[K
[2.784s] [01m[K/home/stoair/ros2CV/cv_ws/src/topic2/src/image_sub.cpp:82:66:[m[K [01;31m[Kerror: [m[Kexpected unqualified-id before â€˜[01m[K/[m[Kâ€™ token
[2.785s]    82 |         std::string base64 = std::string((msg->data).begin(), (m.[01;31m[K/[m[Kvideo/sg->data).end());
[2.785s]       |                                                                  [01;31m[K^[m[K
[2.788s] [01m[K/home/stoair/ros2CV/cv_ws/src/topic2/src/image_sub.cpp:82:73:[m[K [01;31m[Kerror: [m[Kâ€˜[01m[Ksg[m[Kâ€™ was not declared in this scope; did you mean â€˜[01m[Kmsg[m[Kâ€™?
[2.788s]    82 |         std::string base64 = std::string((msg->data).begin(), (m./video/[01;31m[Ksg[m[K->data).end());
[2.788s]       |                                                                         [01;31m[K^~[m[K
[2.788s]       |                                                                         [32m[Kmsg[m[K
[4.476s] gmake[2]: *** [CMakeFiles/image_sub.dir/build.make:76ï¼šCMakeFiles/image_sub.dir/src/image_sub.cpp.o] é”™è¯¯ 1
[4.477s] gmake[1]: *** [CMakeFiles/Makefile2:165ï¼šCMakeFiles/image_sub.dir/all] é”™è¯¯ 2
[4.477s] gmake: *** [Makefile:146ï¼šall] é”™è¯¯ 2
[4.478s] Invoked command in '/home/stoair/ros2CV/cv_ws/build/topic2' returned '2': CMAKE_PREFIX_PATH=${CMAKE_PREFIX_PATH}:/home/stoair/ros2CV/cv_ws/install/pyPublish:/home/stoair/dev_ws/install/learning_urdf:/home/stoair/dev_ws/install/learning_topic:/home/stoair/dev_ws/install/learning_tf:/home/stoair/dev_ws/install/learning_service:/home/stoair/dev_ws/install/learning_qos:/home/stoair/dev_ws/install/learning_pkg_python:/home/stoair/dev_ws/install/learning_parameter:/home/stoair/dev_ws/install/learning_node:/home/stoair/dev_ws/install/learning_launch:/home/stoair/dev_ws/install/learning_action:/home/stoair/dev_ws/install/learning_gazebo_fortress:/home/stoair/dev_ws/install/learning_gazebo:/home/stoair/dev_ws/install/learning_cv:/opt/ros/humble CONDA_PROMPT_MODIFIER=(base) /usr/bin/cmake --build /home/stoair/ros2CV/cv_ws/build/topic2 -- -j16 -l16
