[0.008s] Invoking command in '/home/stoair/ros2CV/cv_ws/build/topic2': CMAKE_PREFIX_PATH=${CMAKE_PREFIX_PATH}:/home/stoair/dev_ws/install/learning_urdf:/home/stoair/dev_ws/install/learning_topic:/home/stoair/dev_ws/install/learning_tf:/home/stoair/dev_ws/install/learning_service:/home/stoair/dev_ws/install/learning_qos:/home/stoair/dev_ws/install/learning_pkg_python:/home/stoair/dev_ws/install/learning_parameter:/home/stoair/dev_ws/install/learning_node:/home/stoair/dev_ws/install/learning_launch:/home/stoair/dev_ws/install/learning_action:/home/stoair/dev_ws/install/learning_gazebo_fortress:/home/stoair/dev_ws/install/learning_gazebo:/home/stoair/dev_ws/install/learning_cv:/opt/ros/humble CONDA_PROMPT_MODIFIER=(base) /usr/bin/cmake --build /home/stoair/ros2CV/cv_ws/build/topic2 -- -j16 -l16
[0.048s] [35m[1mConsolidate compiler generated dependencies of target image_pub[0m
[0.058s] [ 20%] [32mBuilding CXX object CMakeFiles/image_sub.dir/src/image_sub.cpp.o[0m
[0.058s] [ 40%] [32mBuilding CXX object CMakeFiles/image_sub.dir/src/yolo.cpp.o[0m
[0.064s] [ 60%] [32mBuilding CXX object CMakeFiles/image_pub.dir/src/image_pub.cpp.o[0m
[0.174s] In file included from [01m[K/home/stoair/ros2CV/cv_ws/src/topic2/src/yolo.cpp:1[m[K:
[0.174s] [01m[K/home/stoair/ros2CV/cv_ws/src/topic2/src/global.hpp:7:11:[m[K [01;31m[Kerror: [m[Kmissing terminating > character
[0.174s]     7 | #include <
[0.174s]       |           [01;31m[K^[m[K
[0.174s] [01m[K/home/stoair/ros2CV/cv_ws/src/topic2/src/global.hpp:7:10:[m[K [01;31m[Kerror: [m[Kempty filename in #include
[0.174s]     7 | #include [01;31m[K<[m[K
[0.174s]       |          [01;31m[K^[m[K
[0.175s] In file included from [01m[K/home/stoair/ros2CV/cv_ws/src/topic2/src/image_sub.cpp:1[m[K:
[0.175s] [01m[K/home/stoair/ros2CV/cv_ws/src/topic2/src/global.hpp:7:11:[m[K [01;31m[Kerror: [m[Kmissing terminating > character
[0.175s]     7 | #include <
[0.175s]       |           [01;31m[K^[m[K
[0.175s] [01m[K/home/stoair/ros2CV/cv_ws/src/topic2/src/global.hpp:7:10:[m[K [01;31m[Kerror: [m[Kempty filename in #include
[0.175s]     7 | #include [01;31m[K<[m[K
[0.175s]       |          [01;31m[K^[m[K
[0.176s] In file included from [01m[K/home/stoair/ros2CV/cv_ws/src/topic2/src/image_pub.cpp:1[m[K:
[0.176s] [01m[K/home/stoair/ros2CV/cv_ws/src/topic2/src/global.hpp:7:11:[m[K [01;31m[Kerror: [m[Kmissing terminating > character
[0.176s]     7 | #include <
[0.177s]       |           [01;31m[K^[m[K
[0.177s] [01m[K/home/stoair/ros2CV/cv_ws/src/topic2/src/global.hpp:7:10:[m[K [01;31m[Kerror: [m[Kempty filename in #include
[0.177s]     7 | #include [01;31m[K<[m[K
[0.177s]       |          [01;31m[K^[m[K
[0.329s] [01m[K/home/stoair/ros2CV/cv_ws/src/topic2/src/image_pub.cpp:6:10:[m[K [01;31m[Kfatal error: [m[KMat2image.hpp: æ²¡æœ‰é‚£ä¸ªæ–‡ä»¶æˆ–ç›®å½•
[0.329s]     6 | #include [01;31m[K<Mat2image.hpp>[m[K
[0.329s]       |          [01;31m[K^~~~~~~~~~~~~~~[m[K
[0.329s] compilation terminated.
[0.333s] gmake[2]: *** [CMakeFiles/image_pub.dir/build.make:76ï¼šCMakeFiles/image_pub.dir/src/image_pub.cpp.o] é”™è¯¯ 1
[0.333s] gmake[1]: *** [CMakeFiles/Makefile2:139ï¼šCMakeFiles/image_pub.dir/all] é”™è¯¯ 2
[0.333s] gmake[1]: *** æ­£åœ¨ç­‰å¾…æœªå®Œæˆçš„ä»»åŠ¡....
[1.270s] [01m[K/home/stoair/ros2CV/cv_ws/src/topic2/src/yolo.cpp:[m[K In member function â€˜[01m[Kcv::Mat Yolo::drawPred(cv::Mat, std::vector<Output>, std::vector<cv::Scalar_<double> >, int)[m[Kâ€™:
[1.270s] [01m[K/home/stoair/ros2CV/cv_ws/src/topic2/src/yolo.cpp:240:21:[m[K [01;35m[Kwarning: [m[Kunused variable â€˜[01m[Kcenter_x[m[Kâ€™ [[01;35m[K]8;;https://gcc.gnu.org/onlinedocs/gcc/Warning-Options.html#index-Wunused-variable-Wunused-variable]8;;[m[K]
[1.270s]   240 |                 int [01;35m[Kcenter_x[m[K = left[i] + (result[i].box.width / 2);
[1.270s]       |                     [01;35m[K^~~~~~~~[m[K
[1.270s] [01m[K/home/stoair/ros2CV/cv_ws/src/topic2/src/yolo.cpp:241:21:[m[K [01;35m[Kwarning: [m[Kunused variable â€˜[01m[Kcenter_y[m[Kâ€™ [[01;35m[K]8;;https://gcc.gnu.org/onlinedocs/gcc/Warning-Options.html#index-Wunused-variable-Wunused-variable]8;;[m[K]
[1.270s]   241 |                 int [01;35m[Kcenter_y[m[K = top[i] + (result[i].box.height / 2);
[1.270s]       |                     [01;35m[K^~~~~~~~[m[K
[1.289s] gmake[2]: *** [CMakeFiles/image_sub.dir/build.make:76: CMakeFiles/image_sub.dir/src/image_sub.cpp.o] ä¸­æ–­
[1.289s] gmake[2]: *** [CMakeFiles/image_sub.dir/build.make:90: CMakeFiles/image_sub.dir/src/yolo.cpp.o] ä¸­æ–­
[1.289s] gmake[1]: *** [CMakeFiles/Makefile2:165: CMakeFiles/image_sub.dir/all] ä¸­æ–­
[1.289s] gmake: *** [Makefile:146: all] ä¸­æ–­
[1.301s] Invoked command in '/home/stoair/ros2CV/cv_ws/build/topic2' returned '-2': CMAKE_PREFIX_PATH=${CMAKE_PREFIX_PATH}:/home/stoair/dev_ws/install/learning_urdf:/home/stoair/dev_ws/install/learning_topic:/home/stoair/dev_ws/install/learning_tf:/home/stoair/dev_ws/install/learning_service:/home/stoair/dev_ws/install/learning_qos:/home/stoair/dev_ws/install/learning_pkg_python:/home/stoair/dev_ws/install/learning_parameter:/home/stoair/dev_ws/install/learning_node:/home/stoair/dev_ws/install/learning_launch:/home/stoair/dev_ws/install/learning_action:/home/stoair/dev_ws/install/learning_gazebo_fortress:/home/stoair/dev_ws/install/learning_gazebo:/home/stoair/dev_ws/install/learning_cv:/opt/ros/humble CONDA_PROMPT_MODIFIER=(base) /usr/bin/cmake --build /home/stoair/ros2CV/cv_ws/build/topic2 -- -j16 -l16
