[0.009s] Invoking command in '/home/stoair/ros2CV/cv_ws/build/test_rclcpp': CMAKE_PREFIX_PATH=${CMAKE_PREFIX_PATH}:/home/stoair/dev_ws/install/learning_urdf:/home/stoair/dev_ws/install/learning_topic:/home/stoair/dev_ws/install/learning_tf:/home/stoair/dev_ws/install/learning_service:/home/stoair/dev_ws/install/learning_qos:/home/stoair/dev_ws/install/learning_pkg_python:/home/stoair/dev_ws/install/learning_parameter:/home/stoair/dev_ws/install/learning_node:/home/stoair/dev_ws/install/learning_launch:/home/stoair/dev_ws/install/learning_action:/home/stoair/dev_ws/install/learning_gazebo_fortress:/home/stoair/dev_ws/install/learning_gazebo:/home/stoair/dev_ws/install/learning_cv:/opt/ros/humble CONDA_PROMPT_MODIFIER=(base) /usr/bin/cmake --build /home/stoair/ros2CV/cv_ws/build/test_rclcpp -- -j16 -l16
[0.038s] [35m[1mConsolidate compiler generated dependencies of target testssss[0m
[0.043s] [35m[1mConsolidate compiler generated dependencies of target webcam_sub[0m
[0.049s] [ 33%] Built target webcam_pub
[0.049s] [ 50%] [32mBuilding CXX object CMakeFiles/testssss.dir/src/test.cpp.o[0m
[0.058s] [ 83%] Built target webcam_sub
[0.782s] [01m[K/home/stoair/ros2CV/cv_ws/src/test_rclcpp/src/test.cpp:[m[K In function â€˜[01m[Kint main()[m[Kâ€™:
[0.782s] [01m[K/home/stoair/ros2CV/cv_ws/src/test_rclcpp/src/test.cpp:41:16:[m[K [01;31m[Kerror: [m[Ktoo few arguments to function â€˜[01m[Kvoid cv::add(cv::InputArray, cv::InputArray, cv::OutputArray, cv::InputArray, int)[m[Kâ€™
[0.782s]    41 |     int c = [01;31m[Kadd(a, b)[m[K;
[0.782s]       |             [01;31m[K~~~^~~~~~[m[K
[0.782s] In file included from [01m[K/usr/local/include/opencv4/opencv2/opencv.hpp:52[m[K,
[0.782s]                  from [01m[K/home/stoair/ros2CV/cv_ws/src/test_rclcpp/src/test.cpp:1[m[K:
[0.782s] [01m[K/usr/local/include/opencv4/opencv2/core.hpp:364:19:[m[K [01;36m[Knote: [m[Kdeclared here
[0.782s]   364 | CV_EXPORTS_W void [01;36m[Kadd[m[K(InputArray src1, InputArray src2, OutputArray dst,
[0.782s]       |                   [01;36m[K^~~[m[K
[0.783s] [01m[K/home/stoair/ros2CV/cv_ws/src/test_rclcpp/src/test.cpp:41:9:[m[K [01;35m[Kwarning: [m[Kunused variable â€˜[01m[Kc[m[Kâ€™ [[01;35m[K]8;;https://gcc.gnu.org/onlinedocs/gcc/Warning-Options.html#index-Wunused-variable-Wunused-variable]8;;[m[K]
[0.783s]    41 |     int [01;35m[Kc[m[K = add(a, b);
[0.783s]       |         [01;35m[K^[m[K
[1.052s] gmake[2]: *** [CMakeFiles/testssss.dir/build.make:76ï¼šCMakeFiles/testssss.dir/src/test.cpp.o] é”™è¯¯ 1
[1.052s] gmake[1]: *** [CMakeFiles/Makefile2:193ï¼šCMakeFiles/testssss.dir/all] é”™è¯¯ 2
[1.053s] gmake: *** [Makefile:146ï¼šall] é”™è¯¯ 2
[1.054s] Invoked command in '/home/stoair/ros2CV/cv_ws/build/test_rclcpp' returned '2': CMAKE_PREFIX_PATH=${CMAKE_PREFIX_PATH}:/home/stoair/dev_ws/install/learning_urdf:/home/stoair/dev_ws/install/learning_topic:/home/stoair/dev_ws/install/learning_tf:/home/stoair/dev_ws/install/learning_service:/home/stoair/dev_ws/install/learning_qos:/home/stoair/dev_ws/install/learning_pkg_python:/home/stoair/dev_ws/install/learning_parameter:/home/stoair/dev_ws/install/learning_node:/home/stoair/dev_ws/install/learning_launch:/home/stoair/dev_ws/install/learning_action:/home/stoair/dev_ws/install/learning_gazebo_fortress:/home/stoair/dev_ws/install/learning_gazebo:/home/stoair/dev_ws/install/learning_cv:/opt/ros/humble CONDA_PROMPT_MODIFIER=(base) /usr/bin/cmake --build /home/stoair/ros2CV/cv_ws/build/test_rclcpp -- -j16 -l16
