[01m[K/home/stoair/ros2CV/cv_ws/src/topic2/src/image_sub.cpp:[m[K In member function â€˜[01m[Kvoid imageSub::image_callback(sensor_msgs::msg::Image_<std::allocator<void> >::SharedPtr)[m[Kâ€™:
[01m[K/home/stoair/ros2CV/cv_ws/src/topic2/src/image_sub.cpp:114:17:[m[K [01;31m[Kerror: [m[Kbreak statement not within loop or switch
  114 |                 [01;31m[Kbreak[m[K;
      |                 [01;31m[K^~~~~[m[K
[01m[K/home/stoair/ros2CV/cv_ws/src/topic2/src/image_sub.cpp:122:13:[m[K [01;31m[Kerror: [m[Kbreak statement not within loop or switch
  122 |             [01;31m[Kbreak[m[K;
      |             [01;31m[K^~~~~[m[K
gmake[2]: *** [CMakeFiles/image_sub.dir/build.make:76ï¼šCMakeFiles/image_sub.dir/src/image_sub.cpp.o] é”™è¯¯ 1
gmake[1]: *** [CMakeFiles/Makefile2:165ï¼šCMakeFiles/image_sub.dir/all] é”™è¯¯ 2
gmake: *** [Makefile:146ï¼šall] é”™è¯¯ 2
