[0.009s] Invoking command in '/home/stoair/ros2CV/cv_ws/build/topic2': CMAKE_PREFIX_PATH=${CMAKE_PREFIX_PATH}:/home/stoair/dev_ws/install/learning_urdf:/home/stoair/dev_ws/install/learning_topic:/home/stoair/dev_ws/install/learning_tf:/home/stoair/dev_ws/install/learning_service:/home/stoair/dev_ws/install/learning_qos:/home/stoair/dev_ws/install/learning_pkg_python:/home/stoair/dev_ws/install/learning_parameter:/home/stoair/dev_ws/install/learning_node:/home/stoair/dev_ws/install/learning_launch:/home/stoair/dev_ws/install/learning_action:/home/stoair/dev_ws/install/learning_gazebo_fortress:/home/stoair/dev_ws/install/learning_gazebo:/home/stoair/dev_ws/install/learning_cv:/opt/ros/humble /usr/bin/cmake --build /home/stoair/ros2CV/cv_ws/build/topic2 -- -j16 -l16
[0.026s] -- Found ament_cmake: 1.3.8 (/opt/ros/humble/share/ament_cmake/cmake)
[0.123s] -- Found rclcpp: 16.0.8 (/opt/ros/humble/share/rclcpp/cmake)
[0.139s] -- Found rosidl_generator_c: 3.1.5 (/opt/ros/humble/share/rosidl_generator_c/cmake)
[0.141s] -- Found rosidl_adapter: 3.1.5 (/opt/ros/humble/share/rosidl_adapter/cmake)
[0.145s] -- Found rosidl_generator_cpp: 3.1.5 (/opt/ros/humble/share/rosidl_generator_cpp/cmake)
[0.152s] -- Using all available rosidl_typesupport_c: rosidl_typesupport_fastrtps_c;rosidl_typesupport_introspection_c
[0.163s] -- Using all available rosidl_typesupport_cpp: rosidl_typesupport_fastrtps_cpp;rosidl_typesupport_introspection_cpp
[0.200s] -- Found rmw_implementation_cmake: 6.1.1 (/opt/ros/humble/share/rmw_implementation_cmake/cmake)
[0.202s] -- Found rmw_fastrtps_cpp: 6.2.6 (/opt/ros/humble/share/rmw_fastrtps_cpp/cmake)
[0.288s] -- Using RMW implementation 'rmw_fastrtps_cpp' as default
[0.397s] -- Found cv_bridge: 3.2.1 (/opt/ros/humble/share/cv_bridge/cmake)
[0.487s] -- Found ros2_interfaces: 0.0.0 (/home/stoair/ros2CV/cv_ws/install/ros2_interfaces/share/ros2_interfaces/cmake)
[0.502s] -- Found ament_lint_auto: 0.12.10 (/opt/ros/humble/share/ament_lint_auto/cmake)
[0.566s] -- Added test 'cppcheck' to perform static code analysis on C / C++ code
[0.566s] -- Configured cppcheck include dirs: /home/stoair/ros2CV/cv_ws/src/topic2/include/topic2
[0.566s] -- Configured cppcheck exclude dirs and/or files: 
[0.566s] -- Added test 'lint_cmake' to check CMake code style
[0.567s] -- Added test 'uncrustify' to check C / C++ code style
[0.567s] -- Configured uncrustify additional arguments: 
[0.567s] -- Added test 'xmllint' to check XML markup files
[0.567s] -- Configuring done
[0.580s] -- Generating done
[0.581s] -- Build files have been written to: /home/stoair/ros2CV/cv_ws/build/topic2
[0.600s] [35m[1mConsolidate compiler generated dependencies of target image_pub[0m
[0.600s] [35m[1mConsolidate compiler generated dependencies of target image_sub[0m
[0.618s] [ 20%] [32mBuilding CXX object CMakeFiles/image_pub.dir/src/image_pub.cpp.o[0m
[0.619s] [ 60%] [32mBuilding CXX object CMakeFiles/image_sub.dir/src/image_sub.cpp.o[0m
[0.619s] [ 60%] [32mBuilding CXX object CMakeFiles/image_sub.dir/src/yolo.cpp.o[0m
[3.053s] [01m[K/home/stoair/ros2CV/cv_ws/src/topic2/src/image_pub.cpp:24:26:[m[K [01;31m[Kerror: [m[K‚Äò[01m[Ktopic_interfaces[m[K‚Äô was not declared in this scope; did you mean ‚Äò[01m[Kros2_interfaces[m[K‚Äô?
[3.053s]    24 |     rclcpp::Subscription<[01;31m[Ktopic_interfaces[m[K::msg::Coord>::SharedPtr subscriber_;
[3.053s]       |                          [01;31m[K^~~~~~~~~~~~~~~~[m[K
[3.053s]       |                          [32m[Kros2_interfaces[m[K
[3.053s] [01m[K/home/stoair/ros2CV/cv_ws/src/topic2/src/image_pub.cpp:24:54:[m[K [01;31m[Kerror: [m[Ktemplate argument 1 is invalid
[3.053s]    24 |     rclcpp::Subscription<topic_interfaces::msg::Coord[01;31m[K>[m[K::SharedPtr subscriber_;
[3.053s]       |                                                      [01;31m[K^[m[K
[3.053s] [01m[K/home/stoair/ros2CV/cv_ws/src/topic2/src/image_pub.cpp:24:54:[m[K [01;31m[Kerror: [m[Ktemplate argument 3 is invalid
[3.054s] [01m[K/home/stoair/ros2CV/cv_ws/src/topic2/src/image_pub.cpp:24:54:[m[K [01;31m[Kerror: [m[Ktemplate argument 4 is invalid
[3.054s] [01m[K/home/stoair/ros2CV/cv_ws/src/topic2/src/image_pub.cpp:24:54:[m[K [01;31m[Kerror: [m[Ktemplate argument 5 is invalid
[3.054s] [01m[K/home/stoair/ros2CV/cv_ws/src/topic2/src/image_pub.cpp:24:57:[m[K [01;31m[Kerror: [m[Kexpected ‚Äò[01m[K;[m[K‚Äô at end of member declaration
[3.054s]    24 |     rclcpp::Subscription<topic_interfaces::msg::Coord>::[01;31m[KSharedPtr[m[K subscriber_;
[3.054s]       |                                                         [01;31m[K^~~~~~~~~[m[K
[3.054s]       |                                                                  [32m[K;[m[K
[3.055s] [01m[K/home/stoair/ros2CV/cv_ws/src/topic2/src/image_pub.cpp:24:67:[m[K [01;31m[Kerror: [m[K‚Äò[01m[Ksubscriber_[m[K‚Äô does not name a type
[3.055s]    24 |     rclcpp::Subscription<topic_interfaces::msg::Coord>::SharedPtr [01;31m[Ksubscriber_[m[K;
[3.055s]       |                                                                   [01;31m[K^~~~~~~~~~~[m[K
[3.058s] [01m[K/home/stoair/ros2CV/cv_ws/src/topic2/src/image_pub.cpp:40:31:[m[K [01;31m[Kerror: [m[K‚Äò[01m[Ktopic_interfaces[m[K‚Äô does not name a type
[3.058s]    40 |     void coord_callback(const [01;31m[Ktopic_interfaces[m[K::msg::Coord::SharedPtr msg)
[3.058s]       |                               [01;31m[K^~~~~~~~~~~~~~~~[m[K
[3.059s] [01m[K/home/stoair/ros2CV/cv_ws/src/topic2/src/image_pub.cpp:40:52:[m[K [01;31m[Kerror: [m[Kexpected unqualified-id before ‚Äò[01m[K::[m[K‚Äô token
[3.059s]    40 |     void coord_callback(const topic_interfaces::msg[01;31m[K::[m[KCoord::SharedPtr msg)
[3.059s]       |                                                    [01;31m[K^~[m[K
[3.059s] [01m[K/home/stoair/ros2CV/cv_ws/src/topic2/src/image_pub.cpp:40:52:[m[K [01;31m[Kerror: [m[Kexpected ‚Äò[01m[K)[m[K‚Äô before ‚Äò[01m[K::[m[K‚Äô token
[3.059s]    40 |     void coord_callback[34m[K([m[Kconst topic_interfaces::msg[01;31m[K:[m[K[32m[K:[m[KCoord::SharedPtr msg)
[3.059s]       |                        [34m[K~[m[K                           [01;31m[K^[m[K[32m[K~[m[K
[3.059s]       |                                                    [32m[K)[m[K
[3.059s] [01m[K/home/stoair/ros2CV/cv_ws/src/topic2/src/image_pub.cpp:40:49:[m[K [01;31m[Kerror: [m[Kexpected ‚Äò[01m[K;[m[K‚Äô at end of member declaration
[3.059s]    40 |     void coord_callback(const topic_interfaces::[01;31m[Kmsg[m[K::Coord::SharedPtr msg)
[3.059s]       |                                                 [01;31m[K^~~[m[K
[3.059s]       |                                                    [32m[K;[m[K
[3.060s] [01m[K/home/stoair/ros2CV/cv_ws/src/topic2/src/image_pub.cpp:40:54:[m[K [01;31m[Kerror: [m[K‚Äò[01m[KCoord[m[K‚Äô in namespace ‚Äò[01m[K::[m[K‚Äô does not name a type; did you mean ‚Äò[01m[Kcoord[m[K‚Äô?
[3.060s]    40 |     void coord_callback(const topic_interfaces::msg::[01;31m[KCoord[m[K::SharedPtr msg)
[3.060s]       |                                                      [01;31m[K^~~~~[m[K
[3.060s]       |                                                      [32m[Kcoord[m[K
[3.076s] [01m[K/home/stoair/ros2CV/cv_ws/src/topic2/src/image_pub.cpp:[m[K In constructor ‚Äò[01m[KimagePub::imagePub()[m[K‚Äô:
[3.076s] [01m[K/home/stoair/ros2CV/cv_ws/src/topic2/src/image_pub.cpp:16:9:[m[K [01;31m[Kerror: [m[K‚Äò[01m[Ksubscriber_[m[K‚Äô was not declared in this scope
[3.076s]    16 |         [01;31m[Ksubscriber_[m[K = this->create_subscription<topic_interfaces::msg::Coord>("coord", 10, std::bind(&imagePub::coord_callback, this, std::placeholders::_1));
[3.077s]       |         [01;31m[K^~~~~~~~~~~[m[K
[3.084s] [01m[K/home/stoair/ros2CV/cv_ws/src/topic2/src/image_pub.cpp:16:49:[m[K [01;31m[Kerror: [m[K‚Äò[01m[Ktopic_interfaces[m[K‚Äô was not declared in this scope; did you mean ‚Äò[01m[Kros2_interfaces[m[K‚Äô?
[3.084s]    16 |         subscriber_ = this->create_subscription<[01;31m[Ktopic_interfaces[m[K::msg::Coord>("coord", 10, std::bind(&imagePub::coord_callback, this, std::placeholders::_1));
[3.084s]       |                                                 [01;31m[K^~~~~~~~~~~~~~~~[m[K
[3.084s]       |                                                 [32m[Kros2_interfaces[m[K
[3.084s] [01m[K/home/stoair/ros2CV/cv_ws/src/topic2/src/image_pub.cpp:16:29:[m[K [01;31m[Kerror: [m[Kparse error in template argument list
[3.084s]    16 |         subscriber_ = this->[01;31m[Kcreate_subscription<topic_interfaces::msg::Coord>[m[K("coord", 10, std::bind(&imagePub::coord_callback, this, std::placeholders::_1));
[3.084s]       |                             [01;31m[K^~~~~~~~~~~~~~~~~~~~~~~~~~~~~~~~~~~~~~~~~~~~~~~~~[m[K
[3.086s] [01m[K/home/stoair/ros2CV/cv_ws/src/topic2/src/image_pub.cpp:16:78:[m[K [01;31m[Kerror: [m[Kno matching function for call to ‚Äò[01m[KimagePub::create_subscription<<expression error> >(const char [6], int, std::_Bind_helper<false, void (imagePub::*)(...), imagePub*, const std::_Placeholder<1>&>::type)[m[K‚Äô
[3.086s]    16 |         subscriber_ = [01;31m[Kthis->create_subscription<topic_interfaces::msg::Coord>("coord", 10, std::bind(&imagePub::coord_callback, this, std::placeholders::_1))[m[K;
[3.087s]       |                       [01;31m[K~~~~~~~~~~~~~~~~~~~~~~~~~~~~~~~~~~~~~~~~~~~~~~~~~~~~~~~^~~~~~~~~~~~~~~~~~~~~~~~~~~~~~~~~~~~~~~~~~~~~~~~~~~~~~~~~~~~~~~~~~~~~~~~~~~~~~~~[m[K
[3.087s] In file included from [01m[K/opt/ros/humble/include/rclcpp/rclcpp/executors/single_threaded_executor.hpp:28[m[K,
[3.087s]                  from [01m[K/opt/ros/humble/include/rclcpp/rclcpp/executors.hpp:22[m[K,
[3.087s]                  from [01m[K/opt/ros/humble/include/rclcpp/rclcpp/rclcpp.hpp:155[m[K,
[3.087s]                  from [01m[K/home/stoair/ros2CV/cv_ws/src/topic2/src/image_pub.cpp:3[m[K:
[3.087s] [01m[K/opt/ros/humble/include/rclcpp/rclcpp/node.hpp:219:3:[m[K [01;36m[Knote: [m[Kcandidate: ‚Äò[01m[Ktemplate<class MessageT, class CallbackT, class AllocatorT, class SubscriptionT, class MessageMemoryStrategyT> std::shared_ptr<ROSMessageT> rclcpp::Node::create_subscription(const string&, const rclcpp::QoS&, CallbackT&&, const rclcpp::SubscriptionOptionsWithAllocator<AllocatorT>&, typename MessageMemoryStrategyT::SharedPtr)[m[K‚Äô
[3.087s]   219 |   [01;36m[Kcreate_subscription[m[K(
[3.087s]       |   [01;36m[K^~~~~~~~~~~~~~~~~~~[m[K
[3.087s] [01m[K/opt/ros/humble/include/rclcpp/rclcpp/node.hpp:219:3:[m[K [01;36m[Knote: [m[K  template argument deduction/substitution failed:
[3.087s] [01m[K/home/stoair/ros2CV/cv_ws/src/topic2/src/image_pub.cpp:16:78:[m[K [01;31m[Kerror: [m[Ktemplate argument 1 is invalid
[3.087s]    16 |         subscriber_ = [01;31m[Kthis->create_subscription<topic_interfaces::msg::Coord>("coord", 10, std::bind(&imagePub::coord_callback, this, std::placeholders::_1))[m[K;
[3.087s]       |                       [01;31m[K~~~~~~~~~~~~~~~~~~~~~~~~~~~~~~~~~~~~~~~~~~~~~~~~~~~~~~~^~~~~~~~~~~~~~~~~~~~~~~~~~~~~~~~~~~~~~~~~~~~~~~~~~~~~~~~~~~~~~~~~~~~~~~~~~~~~~~~[m[K
[3.130s] [01m[K/home/stoair/ros2CV/cv_ws/src/topic2/src/image_sub.cpp:32:23:[m[K [01;31m[Kerror: [m[K‚Äò[01m[Ktopic_interfaces[m[K‚Äô was not declared in this scope; did you mean ‚Äò[01m[Kros2_interfaces[m[K‚Äô?
[3.130s]    32 |     rclcpp::Publisher<[01;31m[Ktopic_interfaces[m[K::msg::Coord>::SharedPtr publisher_;
[3.130s]       |                       [01;31m[K^~~~~~~~~~~~~~~~[m[K
[3.130s]       |                       [32m[Kros2_interfaces[m[K
[3.130s] [01m[K/home/stoair/ros2CV/cv_ws/src/topic2/src/image_sub.cpp:32:51:[m[K [01;31m[Kerror: [m[Ktemplate argument 1 is invalid
[3.130s]    32 |     rclcpp::Publisher<topic_interfaces::msg::Coord[01;31m[K>[m[K::SharedPtr publisher_;
[3.130s]       |                                                   [01;31m[K^[m[K
[3.130s] [01m[K/home/stoair/ros2CV/cv_ws/src/topic2/src/image_sub.cpp:32:54:[m[K [01;31m[Kerror: [m[Kexpected ‚Äò[01m[K;[m[K‚Äô at end of member declaration
[3.130s]    32 |     rclcpp::Publisher<topic_interfaces::msg::Coord>::[01;31m[KSharedPtr[m[K publisher_;
[3.130s]       |                                                      [01;31m[K^~~~~~~~~[m[K
[3.131s]       |                                                               [32m[K;[m[K
[3.132s] [01m[K/home/stoair/ros2CV/cv_ws/src/topic2/src/image_sub.cpp:32:64:[m[K [01;31m[Kerror: [m[K‚Äò[01m[Kpublisher_[m[K‚Äô does not name a type; did you mean ‚Äò[01m[Krmw_publisher_t[m[K‚Äô?
[3.132s]    32 |     rclcpp::Publisher<topic_interfaces::msg::Coord>::SharedPtr [01;31m[Kpublisher_[m[K;
[3.132s]       |                                                                [01;31m[K^~~~~~~~~~[m[K
[3.132s]       |                                                                [32m[Krmw_publisher_t[m[K
[3.155s] [01m[K/home/stoair/ros2CV/cv_ws/src/topic2/src/image_sub.cpp:[m[K In member function ‚Äò[01m[Kvoid imageSub::image_callback(sensor_msgs::msg::Image_<std::allocator<void> >::SharedPtr)[m[K‚Äô:
[3.156s] [01m[K/home/stoair/ros2CV/cv_ws/src/topic2/src/image_sub.cpp:80:9:[m[K [01;31m[Kerror: [m[K‚Äò[01m[Kpublisher_[m[K‚Äô was not declared in this scope; did you mean ‚Äò[01m[Krmw_publisher_t[m[K‚Äô?
[3.156s]    80 |         [01;31m[Kpublisher_[m[K = this->create_publisher<topic_interfaces::msg::Coord>("coord", 10);
[3.156s]       |         [01;31m[K^~~~~~~~~~[m[K
[3.156s]       |         [32m[Krmw_publisher_t[m[K
[3.163s] [01m[K/home/stoair/ros2CV/cv_ws/src/topic2/src/image_sub.cpp:80:45:[m[K [01;31m[Kerror: [m[K‚Äò[01m[Ktopic_interfaces[m[K‚Äô was not declared in this scope; did you mean ‚Äò[01m[Kros2_interfaces[m[K‚Äô?
[3.163s]    80 |         publisher_ = this->create_publisher<[01;31m[Ktopic_interfaces[m[K::msg::Coord>("coord", 10);
[3.163s]       |                                             [01;31m[K^~~~~~~~~~~~~~~~[m[K
[3.163s]       |                                             [32m[Kros2_interfaces[m[K
[3.164s] [01m[K/home/stoair/ros2CV/cv_ws/src/topic2/src/image_sub.cpp:80:28:[m[K [01;31m[Kerror: [m[Kparse error in template argument list
[3.164s]    80 |         publisher_ = this->[01;31m[Kcreate_publisher<topic_interfaces::msg::Coord>[m[K("coord", 10);
[3.164s]       |                            [01;31m[K^~~~~~~~~~~~~~~~~~~~~~~~~~~~~~~~~~~~~~~~~~~~~~[m[K
[3.164s] [01m[K/home/stoair/ros2CV/cv_ws/src/topic2/src/image_sub.cpp:80:74:[m[K [01;31m[Kerror: [m[Kno matching function for call to ‚Äò[01m[KimageSub::create_publisher<<expression error> >(const char [6], int)[m[K‚Äô
[3.164s]    80 |         publisher_ = [01;31m[Kthis->create_publisher<topic_interfaces::msg::Coord>("coord", 10)[m[K;
[3.164s]       |                      [01;31m[K~~~~~~~~~~~~~~~~~~~~~~~~~~~~~~~~~~~~~~~~~~~~~~~~~~~~^~~~~~~~~~~~~[m[K
[3.164s] In file included from [01m[K/opt/ros/humble/include/rclcpp/rclcpp/executors/single_threaded_executor.hpp:28[m[K,
[3.164s]                  from [01m[K/opt/ros/humble/include/rclcpp/rclcpp/executors.hpp:22[m[K,
[3.164s]                  from [01m[K/opt/ros/humble/include/rclcpp/rclcpp/rclcpp.hpp:155[m[K,
[3.164s]                  from [01m[K/home/stoair/ros2CV/cv_ws/src/topic2/src/image_sub.cpp:3[m[K:
[3.164s] [01m[K/opt/ros/humble/include/rclcpp/rclcpp/node.hpp:195:3:[m[K [01;36m[Knote: [m[Kcandidate: ‚Äò[01m[Ktemplate<class MessageT, class AllocatorT, class PublisherT> std::shared_ptr<PublisherT> rclcpp::Node::create_publisher(const string&, const rclcpp::QoS&, const rclcpp::PublisherOptionsWithAllocator<AllocatorT>&)[m[K‚Äô
[3.165s]   195 |   [01;36m[Kcreate_publisher[m[K(
[3.165s]       |   [01;36m[K^~~~~~~~~~~~~~~~[m[K
[3.165s] [01m[K/opt/ros/humble/include/rclcpp/rclcpp/node.hpp:195:3:[m[K [01;36m[Knote: [m[K  template argument deduction/substitution failed:
[3.165s] [01m[K/home/stoair/ros2CV/cv_ws/src/topic2/src/image_sub.cpp:80:74:[m[K [01;31m[Kerror: [m[Ktemplate argument 1 is invalid
[3.165s]    80 |         publisher_ = [01;31m[Kthis->create_publisher<topic_interfaces::msg::Coord>("coord", 10)[m[K;
[3.165s]       |                      [01;31m[K~~~~~~~~~~~~~~~~~~~~~~~~~~~~~~~~~~~~~~~~~~~~~~~~~~~~^~~~~~~~~~~~~[m[K
[3.171s] [01m[K/home/stoair/ros2CV/cv_ws/src/topic2/src/image_sub.cpp:[m[K In member function ‚Äò[01m[Kvoid imageSub::timer_callback()[m[K‚Äô:
[3.172s] [01m[K/home/stoair/ros2CV/cv_ws/src/topic2/src/image_sub.cpp:118:9:[m[K [01;31m[Kerror: [m[K‚Äò[01m[Ktopic_interfaces[m[K‚Äô has not been declared
[3.172s]   118 |         [01;31m[Ktopic_interfaces[m[K::msg::Coord message;
[3.172s]       |         [01;31m[K^~~~~~~~~~~~~~~~[m[K
[3.178s] [01m[K/home/stoair/ros2CV/cv_ws/src/topic2/src/image_sub.cpp:119:36:[m[K [01;31m[Kerror: [m[K‚Äò[01m[Kmessage[m[K‚Äô was not declared in this scope
[3.178s]   119 |         sscanf(coord, "%d,%d,%d", &[01;31m[Kmessage[m[K.x, &message.y, &message.flag_servo);
[3.178s]       |                                    [01;31m[K^~~~~~~[m[K
[3.185s] [01m[K/home/stoair/ros2CV/cv_ws/src/topic2/src/image_sub.cpp:120:9:[m[K [01;31m[Kerror: [m[K‚Äò[01m[Kpublisher_[m[K‚Äô was not declared in this scope; did you mean ‚Äò[01m[Krmw_publisher_t[m[K‚Äô?
[3.185s]   120 |         [01;31m[Kpublisher_[m[K->publish(message);
[3.185s]       |         [01;31m[K^~~~~~~~~~[m[K
[3.185s]       |         [32m[Krmw_publisher_t[m[K
[3.875s] gmake[2]: *** [CMakeFiles/image_pub.dir/build.make:76ÔºöCMakeFiles/image_pub.dir/src/image_pub.cpp.o] ÈîôËØØ 1
[3.875s] gmake[1]: *** [CMakeFiles/Makefile2:139ÔºöCMakeFiles/image_pub.dir/all] ÈîôËØØ 2
[3.875s] gmake[1]: *** Ê≠£Âú®Á≠âÂæÖÊú™ÂÆåÊàêÁöÑ‰ªªÂä°....
[4.625s] gmake[2]: *** [CMakeFiles/image_sub.dir/build.make:76ÔºöCMakeFiles/image_sub.dir/src/image_sub.cpp.o] ÈîôËØØ 1
[4.625s] gmake[1]: *** [CMakeFiles/Makefile2:165ÔºöCMakeFiles/image_sub.dir/all] ÈîôËØØ 2
[4.626s] gmake: *** [Makefile:146Ôºöall] ÈîôËØØ 2
[4.628s] Invoked command in '/home/stoair/ros2CV/cv_ws/build/topic2' returned '2': CMAKE_PREFIX_PATH=${CMAKE_PREFIX_PATH}:/home/stoair/dev_ws/install/learning_urdf:/home/stoair/dev_ws/install/learning_topic:/home/stoair/dev_ws/install/learning_tf:/home/stoair/dev_ws/install/learning_service:/home/stoair/dev_ws/install/learning_qos:/home/stoair/dev_ws/install/learning_pkg_python:/home/stoair/dev_ws/install/learning_parameter:/home/stoair/dev_ws/install/learning_node:/home/stoair/dev_ws/install/learning_launch:/home/stoair/dev_ws/install/learning_action:/home/stoair/dev_ws/install/learning_gazebo_fortress:/home/stoair/dev_ws/install/learning_gazebo:/home/stoair/dev_ws/install/learning_cv:/opt/ros/humble /usr/bin/cmake --build /home/stoair/ros2CV/cv_ws/build/topic2 -- -j16 -l16
