[0.009s] Invoking command in '/home/stoair/ros2CV/cv_ws/build/topic2': CMAKE_PREFIX_PATH=${CMAKE_PREFIX_PATH}:/home/stoair/ros2CV/cv_ws/install/pyPublish:/home/stoair/dev_ws/install/learning_urdf:/home/stoair/dev_ws/install/learning_topic:/home/stoair/dev_ws/install/learning_tf:/home/stoair/dev_ws/install/learning_service:/home/stoair/dev_ws/install/learning_qos:/home/stoair/dev_ws/install/learning_pkg_python:/home/stoair/dev_ws/install/learning_parameter:/home/stoair/dev_ws/install/learning_node:/home/stoair/dev_ws/install/learning_launch:/home/stoair/dev_ws/install/learning_action:/home/stoair/dev_ws/install/learning_gazebo_fortress:/home/stoair/dev_ws/install/learning_gazebo:/home/stoair/dev_ws/install/learning_cv:/opt/ros/humble CONDA_PROMPT_MODIFIER=(base) /usr/bin/cmake --build /home/stoair/ros2CV/cv_ws/build/topic2 -- -j16 -l16
[0.061s] [35m[1mConsolidate compiler generated dependencies of target image_pub[0m
[0.073s] [ 28%] [32mBuilding CXX object CMakeFiles/image_sub.dir/src/image_sub.cpp.o[0m
[0.073s] [ 28%] [32mBuilding CXX object CMakeFiles/image_sub.dir/src/yolo.cpp.o[0m
[0.076s] [ 42%] [32mBuilding CXX object CMakeFiles/image_pub.dir/src/image_pub.cpp.o[0m
[1.322s] [01m[K/home/stoair/ros2CV/cv_ws/src/topic2/src/yolo.cpp:[m[K In member function ‚Äò[01m[Kcv::Mat Yolo::drawPred(cv::Mat, std::vector<Output>, std::vector<cv::Scalar_<double> >, int)[m[K‚Äô:
[1.322s] [01m[K/home/stoair/ros2CV/cv_ws/src/topic2/src/yolo.cpp:240:21:[m[K [01;35m[Kwarning: [m[Kunused variable ‚Äò[01m[Kcenter_x[m[K‚Äô [[01;35m[K]8;;https://gcc.gnu.org/onlinedocs/gcc/Warning-Options.html#index-Wunused-variable-Wunused-variable]8;;[m[K]
[1.322s]   240 |                 int [01;35m[Kcenter_x[m[K = left[i] + (result[i].box.width / 2);
[1.322s]       |                     [01;35m[K^~~~~~~~[m[K
[1.322s] [01m[K/home/stoair/ros2CV/cv_ws/src/topic2/src/yolo.cpp:241:21:[m[K [01;35m[Kwarning: [m[Kunused variable ‚Äò[01m[Kcenter_y[m[K‚Äô [[01;35m[K]8;;https://gcc.gnu.org/onlinedocs/gcc/Warning-Options.html#index-Wunused-variable-Wunused-variable]8;;[m[K]
[1.322s]   241 |                 int [01;35m[Kcenter_y[m[K = top[i] + (result[i].box.height / 2);
[1.322s]       |                     [01;35m[K^~~~~~~~[m[K
[2.641s] [01m[K/home/stoair/ros2CV/cv_ws/src/topic2/src/image_sub.cpp:[m[K In member function ‚Äò[01m[Kcv::Mat imageSub::handle_image(cv::Mat, Yolo)[m[K‚Äô:
[2.641s] [01m[K/home/stoair/ros2CV/cv_ws/src/topic2/src/image_sub.cpp:117:13:[m[K [01;31m[Kerror: [m[Kdeclaration of ‚Äò[01m[Kcv::Mat img[m[K‚Äô shadows a parameter
[2.641s]   117 |         Mat [01;31m[Kimg[m[K;
[2.641s]       |             [01;31m[K^~~[m[K
[2.641s] [01m[K/home/stoair/ros2CV/cv_ws/src/topic2/src/image_sub.cpp:101:26:[m[K [01;36m[Knote: [m[K‚Äò[01m[Kcv::Mat img[m[K‚Äô previously declared here
[2.641s]   101 |     Mat handle_image([01;36m[KMat img[m[K, Yolo test)
[2.641s]       |                      [01;36m[K~~~~^~~[m[K
[2.646s] [01m[K/home/stoair/ros2CV/cv_ws/src/topic2/src/image_sub.cpp:118:19:[m[K [01;31m[Kerror: [m[K‚Äò[01m[Kframe[m[K‚Äô was not declared in this scope
[2.646s]   118 |         undistort([01;31m[Kframe[m[K, img, K, D, K);
[2.646s]       |                   [01;31m[K^~~~~[m[K
[2.646s] [01m[K/home/stoair/ros2CV/cv_ws/src/topic2/src/image_sub.cpp:101:26:[m[K [01;35m[Kwarning: [m[Kunused parameter ‚Äò[01m[Kimg[m[K‚Äô [[01;35m[K]8;;https://gcc.gnu.org/onlinedocs/gcc/Warning-Options.html#index-Wunused-parameter-Wunused-parameter]8;;[m[K]
[2.646s]   101 |     Mat handle_image([01;35m[KMat img[m[K, Yolo test)
[2.646s]       |                      [01;35m[K~~~~^~~[m[K
[4.219s] gmake[2]: *** [CMakeFiles/image_sub.dir/build.make:76ÔºöCMakeFiles/image_sub.dir/src/image_sub.cpp.o] ÈîôËØØ 1
[4.220s] gmake[1]: *** [CMakeFiles/Makefile2:165ÔºöCMakeFiles/image_sub.dir/all] ÈîôËØØ 2
[4.220s] gmake[1]: *** Ê≠£Âú®Á≠âÂæÖÊú™ÂÆåÊàêÁöÑ‰ªªÂä°....
[6.918s] [ 57%] [32m[1mLinking CXX executable image_pub[0m
[7.158s] /usr/bin/ld: warning: libopencv_imgcodecs.so.4.5d, needed by /opt/ros/humble/lib/libcv_bridge.so, may conflict with libopencv_imgcodecs.so.409
[7.161s] /usr/bin/ld: warning: libopencv_core.so.4.5d, needed by /opt/ros/humble/lib/libcv_bridge.so, may conflict with libopencv_core.so.409
[7.569s] [ 71%] Built target image_pub
[7.570s] gmake: *** [Makefile:146Ôºöall] ÈîôËØØ 2
[7.572s] Invoked command in '/home/stoair/ros2CV/cv_ws/build/topic2' returned '2': CMAKE_PREFIX_PATH=${CMAKE_PREFIX_PATH}:/home/stoair/ros2CV/cv_ws/install/pyPublish:/home/stoair/dev_ws/install/learning_urdf:/home/stoair/dev_ws/install/learning_topic:/home/stoair/dev_ws/install/learning_tf:/home/stoair/dev_ws/install/learning_service:/home/stoair/dev_ws/install/learning_qos:/home/stoair/dev_ws/install/learning_pkg_python:/home/stoair/dev_ws/install/learning_parameter:/home/stoair/dev_ws/install/learning_node:/home/stoair/dev_ws/install/learning_launch:/home/stoair/dev_ws/install/learning_action:/home/stoair/dev_ws/install/learning_gazebo_fortress:/home/stoair/dev_ws/install/learning_gazebo:/home/stoair/dev_ws/install/learning_cv:/opt/ros/humble CONDA_PROMPT_MODIFIER=(base) /usr/bin/cmake --build /home/stoair/ros2CV/cv_ws/build/topic2 -- -j16 -l16
