[35m[1mConsolidate compiler generated dependencies of target image_pub[0m
[35m[1mConsolidate compiler generated dependencies of target image_sub[0m
[ 16%] [32mBuilding CXX object CMakeFiles/image_sub.dir/src/yolo.cpp.o[0m
[ 50%] [32mBuilding CXX object CMakeFiles/image_pub.dir/src/image_pub.cpp.o[0m
[ 50%] [32mBuilding CXX object CMakeFiles/image_pub.dir/src/image_base64.cpp.o[0m
[01m[K/home/stoair/ros2CV/cv_ws/src/topic2/src/image_base64.cpp:[m[K In static member function â€˜[01m[Kstatic const string ImageBase64::decode(const char*, int, int&)[m[Kâ€™:
[01m[K/home/stoair/ros2CV/cv_ws/src/topic2/src/image_base64.cpp:85:35:[m[K [01;35m[Kwarning: [m[Karray subscript has type â€˜[01m[Kchar[m[Kâ€™ [[01;35m[K]8;;https://gcc.gnu.org/onlinedocs/gcc/Warning-Options.html#index-Wchar-subscripts-Wchar-subscripts]8;;[m[K]
   85 |             n_value = DecodeTable[[01;35m[K*Data++[m[K] << 18;
      |                                   [01;35m[K^~~~~~~[m[K
[01m[K/home/stoair/ros2CV/cv_ws/src/topic2/src/image_base64.cpp:86:36:[m[K [01;35m[Kwarning: [m[Karray subscript has type â€˜[01m[Kchar[m[Kâ€™ [[01;35m[K]8;;https://gcc.gnu.org/onlinedocs/gcc/Warning-Options.html#index-Wchar-subscripts-Wchar-subscripts]8;;[m[K]
   86 |             n_value += DecodeTable[[01;35m[K*Data++[m[K] << 12;
      |                                    [01;35m[K^~~~~~~[m[K
[01m[K/home/stoair/ros2CV/cv_ws/src/topic2/src/image_base64.cpp:91:40:[m[K [01;35m[Kwarning: [m[Karray subscript has type â€˜[01m[Kchar[m[Kâ€™ [[01;35m[K]8;;https://gcc.gnu.org/onlinedocs/gcc/Warning-Options.html#index-Wchar-subscripts-Wchar-subscripts]8;;[m[K]
   91 |                 n_value += DecodeTable[[01;35m[K*Data++[m[K] << 6;
      |                                        [01;35m[K^~~~~~~[m[K
[01m[K/home/stoair/ros2CV/cv_ws/src/topic2/src/image_base64.cpp:96:44:[m[K [01;35m[Kwarning: [m[Karray subscript has type â€˜[01m[Kchar[m[Kâ€™ [[01;35m[K]8;;https://gcc.gnu.org/onlinedocs/gcc/Warning-Options.html#index-Wchar-subscripts-Wchar-subscripts]8;;[m[K]
   96 |                     n_value += DecodeTable[[01;35m[K*Data++[m[K];
      |                                            [01;35m[K^~~~~~~[m[K
[01m[K/home/stoair/ros2CV/cv_ws/src/topic2/src/image_base64.cpp:[m[K In static member function â€˜[01m[Kstatic std::string ImageBase64::file2base64(const string&)[m[Kâ€™:
[01m[K/home/stoair/ros2CV/cv_ws/src/topic2/src/image_base64.cpp:121:38:[m[K [01;31m[Kerror: [m[Kâ€˜[01m[KCV_IMWRITE_JPEG_QUALITY[m[Kâ€™ was not declared in this scope
  121 |     vec_compression_params.push_back([01;31m[KCV_IMWRITE_JPEG_QUALITY[m[K);
      |                                      [01;31m[K^~~~~~~~~~~~~~~~~~~~~~~[m[K
gmake[2]: *** [CMakeFiles/image_pub.dir/build.make:90ï¼šCMakeFiles/image_pub.dir/src/image_base64.cpp.o] é”™è¯¯ 1
gmake[2]: *** æ­£åœ¨ç­‰å¾…æœªå®Œæˆçš„ä»»åŠ¡....
[01m[K/home/stoair/ros2CV/cv_ws/src/topic2/src/yolo.cpp:[m[K In member function â€˜[01m[Kcv::Mat Yolo::drawPred(cv::Mat, std::vector<Output>, std::vector<cv::Scalar_<double> >, int)[m[Kâ€™:
[01m[K/home/stoair/ros2CV/cv_ws/src/topic2/src/yolo.cpp:240:21:[m[K [01;35m[Kwarning: [m[Kunused variable â€˜[01m[Kcenter_x[m[Kâ€™ [[01;35m[K]8;;https://gcc.gnu.org/onlinedocs/gcc/Warning-Options.html#index-Wunused-variable-Wunused-variable]8;;[m[K]
  240 |                 int [01;35m[Kcenter_x[m[K = left[i] + (result[i].box.width / 2);
      |                     [01;35m[K^~~~~~~~[m[K
[01m[K/home/stoair/ros2CV/cv_ws/src/topic2/src/yolo.cpp:241:21:[m[K [01;35m[Kwarning: [m[Kunused variable â€˜[01m[Kcenter_y[m[Kâ€™ [[01;35m[K]8;;https://gcc.gnu.org/onlinedocs/gcc/Warning-Options.html#index-Wunused-variable-Wunused-variable]8;;[m[K]
  241 |                 int [01;35m[Kcenter_y[m[K = top[i] + (result[i].box.height / 2);
      |                     [01;35m[K^~~~~~~~[m[K
[ 66%] [32m[1mLinking CXX executable image_sub[0m
/usr/bin/ld: warning: libopencv_imgproc.so.4.5d, needed by /opt/ros/humble/lib/libcv_bridge.so, may conflict with libopencv_imgproc.so.409
/usr/bin/ld: warning: libopencv_core.so.4.5d, needed by /opt/ros/humble/lib/libcv_bridge.so, may conflict with libopencv_core.so.409
[ 83%] Built target image_sub
In file included from [01m[K/home/stoair/ros2CV/cv_ws/src/topic2/src/image_pub.cpp:6[m[K:
[01m[K/home/stoair/ros2CV/cv_ws/src/topic2/src/Mat2image.hpp:[m[K In static member function â€˜[01m[Kstatic int Mat2Img::MatToByteArray(cv::Mat, std::vector<unsigned char>&)[m[Kâ€™:
[01m[K/home/stoair/ros2CV/cv_ws/src/topic2/src/Mat2image.hpp:18:28:[m[K [01;31m[Kerror: [m[Kâ€˜[01m[KCV_IMWRITE_JPEG_QUALITY[m[Kâ€™ was not declared in this scope
   18 |                 param[0] = [01;31m[KCV_IMWRITE_JPEG_QUALITY[m[K;
      |                            [01;31m[K^~~~~~~~~~~~~~~~~~~~~~~[m[K
[01m[K/home/stoair/ros2CV/cv_ws/src/topic2/src/Mat2image.hpp:[m[K In static member function â€˜[01m[Kstatic int Mat2Img::JPEGToMat(cv::Mat&, std::vector<unsigned char>)[m[Kâ€™:
[01m[K/home/stoair/ros2CV/cv_ws/src/topic2/src/Mat2image.hpp:31:59:[m[K [01;31m[Kerror: [m[Kâ€˜[01m[KCV_LOAD_IMAGE_COLOR[m[Kâ€™ is not a member of â€˜[01m[Kcv[m[Kâ€™
   31 |                         matImage = cv::imdecode(buff, cv::[01;31m[KCV_LOAD_IMAGE_COLOR[m[K);
      |                                                           [01;31m[K^~~~~~~~~~~~~~~~~~~[m[K
[01m[K/home/stoair/ros2CV/cv_ws/src/topic2/src/Mat2image.hpp:37:59:[m[K [01;31m[Kerror: [m[Kâ€˜[01m[KCV_LOAD_IMAGE_COLOR[m[Kâ€™ is not a member of â€˜[01m[Kcv[m[Kâ€™
   37 |                         matImage = cv::imdecode(buff, cv::[01;31m[KCV_LOAD_IMAGE_COLOR[m[K);
      |                                                           [01;31m[K^~~~~~~~~~~~~~~~~~~[m[K
gmake[2]: *** [CMakeFiles/image_pub.dir/build.make:76ï¼šCMakeFiles/image_pub.dir/src/image_pub.cpp.o] é”™è¯¯ 1
gmake[1]: *** [CMakeFiles/Makefile2:139ï¼šCMakeFiles/image_pub.dir/all] é”™è¯¯ 2
gmake: *** [Makefile:146ï¼šall] é”™è¯¯ 2
