[01m[K/home/stoair/ros2CV/cv_ws/src/topic2/src/image_pub.cpp:[m[K In member function â€˜[01m[Kvoid imagePub::timer_callback()[m[Kâ€™:
[01m[K/home/stoair/ros2CV/cv_ws/src/topic2/src/image_pub.cpp:51:29:[m[K [01;31m[Kerror: [m[Kâ€˜[01m[Kbucharvector[m[Kâ€™ was not declared in this scope; did you mean â€˜[01m[Kucharvector[m[Kâ€™?
   51 |             img_msg->data = [01;31m[Kbucharvector[m[K;
      |                             [01;31m[K^~~~~~~~~~~~[m[K
      |                             [32m[Kucharvector[m[K
gmake[2]: *** [CMakeFiles/image_pub.dir/build.make:76ï¼šCMakeFiles/image_pub.dir/src/image_pub.cpp.o] é”™è¯¯ 1
gmake[1]: *** [CMakeFiles/Makefile2:139ï¼šCMakeFiles/image_pub.dir/all] é”™è¯¯ 2
gmake: *** [Makefile:146ï¼šall] é”™è¯¯ 2
