[35m[1mConsolidate compiler generated dependencies of target image_sub[0m
[ 42%] Built target image_pub
[ 57%] [32mBuilding CXX object CMakeFiles/image_sub.dir/src/image_sub.cpp.o[0m
[01m[K/home/stoair/ros2CV/cv_ws/src/topic2/src/image_sub.cpp:[m[K In member function â€˜[01m[Kvoid imageSub::image_callback(sensor_msgs::msg::Image_<std::allocator<void> >::SharedPtr)[m[Kâ€™:
[01m[K/home/stoair/ros2CV/cv_ws/src/topic2/src/image_sub.cpp:81:13:[m[K [01;31m[Kerror: [m[Kâ€˜[01m[KBase2Mat[m[Kâ€™ was not declared in this scope
   81 |         if ([01;31m[KBase2Mat[m[K(msg->data, src)) {
      |             [01;31m[K^~~~~~~~[m[K
[01m[K/home/stoair/ros2CV/cv_ws/src/topic2/src/image_sub.cpp:85:9:[m[K [01;31m[Kerror: [m[Kâ€˜[01m[Kimg[m[Kâ€™ was not declared in this scope
   85 |         [01;31m[Kimg[m[K = handle_image(src, test);
      |         [01;31m[K^~~[m[K
gmake[2]: *** [CMakeFiles/image_sub.dir/build.make:76ï¼šCMakeFiles/image_sub.dir/src/image_sub.cpp.o] é”™è¯¯ 1
gmake[1]: *** [CMakeFiles/Makefile2:165ï¼šCMakeFiles/image_sub.dir/all] é”™è¯¯ 2
gmake: *** [Makefile:146ï¼šall] é”™è¯¯ 2
