[35m[1mConsolidate compiler generated dependencies of target webcam_pub[0m
[35m[1mConsolidate compiler generated dependencies of target webcam_sub[0m
[ 50%] [32mBuilding CXX object CMakeFiles/webcam_sub.dir/src/webcam_sub.cpp.o[0m
[ 75%] Built target webcam_pub
[01m[K/home/stoair/ros2CV/cv_ws/src/test_rclcpp/src/webcam_sub.cpp:8:1:[m[K [01;31m[Kerror: [m[Kâ€˜[01m[Kstring[m[Kâ€™ does not name a type; did you mean â€˜[01m[Kstdin[m[Kâ€™?
    8 | [01;31m[Kstring[m[K model_path = "./models/bestv5.onnx";
      | [01;31m[K^~~~~~[m[K
      | [32m[Kstdin[m[K
[01m[K/home/stoair/ros2CV/cv_ws/src/test_rclcpp/src/webcam_sub.cpp:9:1:[m[K [01;31m[Kerror: [m[Kâ€˜[01m[Kstring[m[Kâ€™ does not name a type; did you mean â€˜[01m[Kstdin[m[Kâ€™?
    9 | [01;31m[Kstring[m[K model_path_circle = "./models/best_circle.onnx";
      | [01;31m[K^~~~~~[m[K
      | [32m[Kstdin[m[K
[01m[K/home/stoair/ros2CV/cv_ws/src/test_rclcpp/src/webcam_sub.cpp:[m[K In constructor â€˜[01m[KimageSub::imageSub()[m[Kâ€™:
[01m[K/home/stoair/ros2CV/cv_ws/src/test_rclcpp/src/webcam_sub.cpp:20:29:[m[K [01;31m[Kerror: [m[Kâ€˜[01m[Kmodel_path[m[Kâ€™ was not declared in this scope; did you mean â€˜[01m[Kmode_t[m[Kâ€™?
   20 |         if (readModel(net1, [01;31m[Kmodel_path[m[K, USE_CUDA))
      |                             [01;31m[K^~~~~~~~~~[m[K
      |                             [32m[Kmode_t[m[K
[01m[K/home/stoair/ros2CV/cv_ws/src/test_rclcpp/src/webcam_sub.cpp:26:29:[m[K [01;31m[Kerror: [m[Kâ€˜[01m[Kmodel_path_circle[m[Kâ€™ was not declared in this scope
   26 |         if (readModel(net2, [01;31m[Kmodel_path_circle[m[K, USE_CUDA))
      |                             [01;31m[K^~~~~~~~~~~~~~~~~[m[K
gmake[2]: *** [CMakeFiles/webcam_sub.dir/build.make:76ï¼šCMakeFiles/webcam_sub.dir/src/webcam_sub.cpp.o] é”™è¯¯ 1
gmake[1]: *** [CMakeFiles/Makefile2:165ï¼šCMakeFiles/webcam_sub.dir/all] é”™è¯¯ 2
gmake: *** [Makefile:146ï¼šall] é”™è¯¯ 2
