[0.008s] Invoking command in '/home/stoair/ros2CV/cv_ws/build/test_rclcpp': CMAKE_PREFIX_PATH=${CMAKE_PREFIX_PATH}:/home/stoair/dev_ws/install/learning_urdf:/home/stoair/dev_ws/install/learning_topic:/home/stoair/dev_ws/install/learning_tf:/home/stoair/dev_ws/install/learning_service:/home/stoair/dev_ws/install/learning_qos:/home/stoair/dev_ws/install/learning_pkg_python:/home/stoair/dev_ws/install/learning_parameter:/home/stoair/dev_ws/install/learning_node:/home/stoair/dev_ws/install/learning_launch:/home/stoair/dev_ws/install/learning_action:/home/stoair/dev_ws/install/learning_gazebo_fortress:/home/stoair/dev_ws/install/learning_gazebo:/home/stoair/dev_ws/install/learning_cv:/opt/ros/humble CONDA_PROMPT_MODIFIER=(base) /usr/bin/cmake --build /home/stoair/ros2CV/cv_ws/build/test_rclcpp -- -j16 -l16
[0.043s] [35m[1mConsolidate compiler generated dependencies of target webcam_pub[0m
[0.043s] [35m[1mConsolidate compiler generated dependencies of target webcam_sub[0m
[0.057s] [ 50%] [32mBuilding CXX object CMakeFiles/webcam_sub.dir/src/webcam_sub.cpp.o[0m
[0.057s] [ 75%] Built target webcam_pub
[1.927s] [01m[K/home/stoair/ros2CV/cv_ws/src/test_rclcpp/src/webcam_sub.cpp:8:1:[m[K [01;31m[Kerror: [m[Kâ€˜[01m[Kstring[m[Kâ€™ does not name a type; did you mean â€˜[01m[Kstdin[m[Kâ€™?
[1.927s]     8 | [01;31m[Kstring[m[K model_path = "./models/bestv5.onnx";
[1.927s]       | [01;31m[K^~~~~~[m[K
[1.927s]       | [32m[Kstdin[m[K
[1.928s] [01m[K/home/stoair/ros2CV/cv_ws/src/test_rclcpp/src/webcam_sub.cpp:9:1:[m[K [01;31m[Kerror: [m[Kâ€˜[01m[Kstring[m[Kâ€™ does not name a type; did you mean â€˜[01m[Kstdin[m[Kâ€™?
[1.928s]     9 | [01;31m[Kstring[m[K model_path_circle = "./models/best_circle.onnx";
[1.928s]       | [01;31m[K^~~~~~[m[K
[1.928s]       | [32m[Kstdin[m[K
[1.960s] [01m[K/home/stoair/ros2CV/cv_ws/src/test_rclcpp/src/webcam_sub.cpp:[m[K In constructor â€˜[01m[KimageSub::imageSub()[m[Kâ€™:
[1.961s] [01m[K/home/stoair/ros2CV/cv_ws/src/test_rclcpp/src/webcam_sub.cpp:20:29:[m[K [01;31m[Kerror: [m[Kâ€˜[01m[Kmodel_path[m[Kâ€™ was not declared in this scope; did you mean â€˜[01m[Kmode_t[m[Kâ€™?
[1.961s]    20 |         if (readModel(net1, [01;31m[Kmodel_path[m[K, USE_CUDA))
[1.961s]       |                             [01;31m[K^~~~~~~~~~[m[K
[1.961s]       |                             [32m[Kmode_t[m[K
[1.970s] [01m[K/home/stoair/ros2CV/cv_ws/src/test_rclcpp/src/webcam_sub.cpp:26:29:[m[K [01;31m[Kerror: [m[Kâ€˜[01m[Kmodel_path_circle[m[Kâ€™ was not declared in this scope
[1.970s]    26 |         if (readModel(net2, [01;31m[Kmodel_path_circle[m[K, USE_CUDA))
[1.970s]       |                             [01;31m[K^~~~~~~~~~~~~~~~~[m[K
[3.716s] gmake[2]: *** [CMakeFiles/webcam_sub.dir/build.make:76ï¼šCMakeFiles/webcam_sub.dir/src/webcam_sub.cpp.o] é”™è¯¯ 1
[3.716s] gmake[1]: *** [CMakeFiles/Makefile2:165ï¼šCMakeFiles/webcam_sub.dir/all] é”™è¯¯ 2
[3.716s] gmake: *** [Makefile:146ï¼šall] é”™è¯¯ 2
[3.719s] Invoked command in '/home/stoair/ros2CV/cv_ws/build/test_rclcpp' returned '2': CMAKE_PREFIX_PATH=${CMAKE_PREFIX_PATH}:/home/stoair/dev_ws/install/learning_urdf:/home/stoair/dev_ws/install/learning_topic:/home/stoair/dev_ws/install/learning_tf:/home/stoair/dev_ws/install/learning_service:/home/stoair/dev_ws/install/learning_qos:/home/stoair/dev_ws/install/learning_pkg_python:/home/stoair/dev_ws/install/learning_parameter:/home/stoair/dev_ws/install/learning_node:/home/stoair/dev_ws/install/learning_launch:/home/stoair/dev_ws/install/learning_action:/home/stoair/dev_ws/install/learning_gazebo_fortress:/home/stoair/dev_ws/install/learning_gazebo:/home/stoair/dev_ws/install/learning_cv:/opt/ros/humble CONDA_PROMPT_MODIFIER=(base) /usr/bin/cmake --build /home/stoair/ros2CV/cv_ws/build/test_rclcpp -- -j16 -l16
