[35m[1mConsolidate compiler generated dependencies of target image_pub[0m
[ 60%] Built target image_sub
[ 80%] [32mBuilding CXX object CMakeFiles/image_pub.dir/src/image_pub.cpp.o[0m
[01m[K/home/stoair/ros2CV/cv_ws/src/topic2/src/image_pub.cpp:[m[K In member function â€˜[01m[Kvoid imagePub::timer_callback()[m[Kâ€™:
[01m[K/home/stoair/ros2CV/cv_ws/src/topic2/src/image_pub.cpp:52:76:[m[K [01;31m[Kerror: [m[Kâ€˜[01m[Kclass cv_bridge::CvImage[m[Kâ€™ has no member named â€˜[01m[KtoCompressedImage[m[Kâ€™; did you mean â€˜[01m[KtoCompressedImageMsg[m[Kâ€™?
   52 |             sensor_msgs::msg::CompressedImage img_msg_compressed = img_msg.[01;31m[KtoCompressedImage[m[K(std::string("jpeg"));
      |                                                                            [01;31m[K^~~~~~~~~~~~~~~~~[m[K
      |                                                                            [32m[KtoCompressedImageMsg[m[K
gmake[2]: *** [CMakeFiles/image_pub.dir/build.make:76ï¼šCMakeFiles/image_pub.dir/src/image_pub.cpp.o] é”™è¯¯ 1
gmake[1]: *** [CMakeFiles/Makefile2:139ï¼šCMakeFiles/image_pub.dir/all] é”™è¯¯ 2
gmake: *** [Makefile:146ï¼šall] é”™è¯¯ 2
