[0.016s] Invoking command in '/home/stoair/ros2CV/cv_ws/build/topic2': CMAKE_PREFIX_PATH=${CMAKE_PREFIX_PATH}:/home/stoair/dev_ws/install/learning_urdf:/home/stoair/dev_ws/install/learning_topic:/home/stoair/dev_ws/install/learning_tf:/home/stoair/dev_ws/install/learning_service:/home/stoair/dev_ws/install/learning_qos:/home/stoair/dev_ws/install/learning_pkg_python:/home/stoair/dev_ws/install/learning_parameter:/home/stoair/dev_ws/install/learning_node:/home/stoair/dev_ws/install/learning_launch:/home/stoair/dev_ws/install/learning_action:/home/stoair/dev_ws/install/learning_gazebo_fortress:/home/stoair/dev_ws/install/learning_gazebo:/home/stoair/dev_ws/install/learning_cv:/opt/ros/humble CONDA_PROMPT_MODIFIER=(base) /usr/bin/cmake --build /home/stoair/ros2CV/cv_ws/build/topic2 -- -j16 -l16
[0.084s] [35m[1mConsolidate compiler generated dependencies of target image_pub[0m
[0.101s] [ 60%] Built target image_sub
[0.113s] [ 80%] [32mBuilding CXX object CMakeFiles/image_pub.dir/src/image_pub.cpp.o[0m
[4.019s] [01m[K/home/stoair/ros2CV/cv_ws/src/topic2/src/image_pub.cpp:[m[K In member function â€˜[01m[Kvoid imagePub::timer_callback()[m[Kâ€™:
[4.019s] [01m[K/home/stoair/ros2CV/cv_ws/src/topic2/src/image_pub.cpp:52:76:[m[K [01;31m[Kerror: [m[Kâ€˜[01m[Kclass cv_bridge::CvImage[m[Kâ€™ has no member named â€˜[01m[KtoCompressedImage[m[Kâ€™; did you mean â€˜[01m[KtoCompressedImageMsg[m[Kâ€™?
[4.019s]    52 |             sensor_msgs::msg::CompressedImage img_msg_compressed = img_msg.[01;31m[KtoCompressedImage[m[K(std::string("jpeg"));
[4.019s]       |                                                                            [01;31m[K^~~~~~~~~~~~~~~~~[m[K
[4.020s]       |                                                                            [32m[KtoCompressedImageMsg[m[K
[6.850s] gmake[2]: *** [CMakeFiles/image_pub.dir/build.make:76ï¼šCMakeFiles/image_pub.dir/src/image_pub.cpp.o] é”™è¯¯ 1
[6.850s] gmake[1]: *** [CMakeFiles/Makefile2:139ï¼šCMakeFiles/image_pub.dir/all] é”™è¯¯ 2
[6.851s] gmake: *** [Makefile:146ï¼šall] é”™è¯¯ 2
[6.853s] Invoked command in '/home/stoair/ros2CV/cv_ws/build/topic2' returned '2': CMAKE_PREFIX_PATH=${CMAKE_PREFIX_PATH}:/home/stoair/dev_ws/install/learning_urdf:/home/stoair/dev_ws/install/learning_topic:/home/stoair/dev_ws/install/learning_tf:/home/stoair/dev_ws/install/learning_service:/home/stoair/dev_ws/install/learning_qos:/home/stoair/dev_ws/install/learning_pkg_python:/home/stoair/dev_ws/install/learning_parameter:/home/stoair/dev_ws/install/learning_node:/home/stoair/dev_ws/install/learning_launch:/home/stoair/dev_ws/install/learning_action:/home/stoair/dev_ws/install/learning_gazebo_fortress:/home/stoair/dev_ws/install/learning_gazebo:/home/stoair/dev_ws/install/learning_cv:/opt/ros/humble CONDA_PROMPT_MODIFIER=(base) /usr/bin/cmake --build /home/stoair/ros2CV/cv_ws/build/topic2 -- -j16 -l16
