[0.009s] Invoking command in '/home/stoair/ros2CV/cv_ws/build/topic_interfaces': CMAKE_PREFIX_PATH=${CMAKE_PREFIX_PATH}:/home/stoair/dev_ws/install/learning_urdf:/home/stoair/dev_ws/install/learning_topic:/home/stoair/dev_ws/install/learning_tf:/home/stoair/dev_ws/install/learning_service:/home/stoair/dev_ws/install/learning_qos:/home/stoair/dev_ws/install/learning_pkg_python:/home/stoair/dev_ws/install/learning_parameter:/home/stoair/dev_ws/install/learning_node:/home/stoair/dev_ws/install/learning_launch:/home/stoair/dev_ws/install/learning_action:/home/stoair/dev_ws/install/learning_gazebo_fortress:/home/stoair/dev_ws/install/learning_gazebo:/home/stoair/dev_ws/install/learning_cv:/opt/ros/humble CONDA_PROMPT_MODIFIER=(base) /usr/bin/cmake --build /home/stoair/ros2CV/cv_ws/build/topic_interfaces -- -j16 -l16
[0.027s] -- Found ament_cmake: 1.3.8 (/opt/ros/humble/share/ament_cmake/cmake)
[0.129s] -- Found rosidl_default_generators: 1.2.0 (/opt/ros/humble/share/rosidl_default_generators/cmake)
[0.132s] -- Using all available rosidl_typesupport_c: rosidl_typesupport_fastrtps_c;rosidl_typesupport_introspection_c
[0.134s] -- Found rosidl_adapter: 3.1.5 (/opt/ros/humble/share/rosidl_adapter/cmake)
[0.160s] -- Using all available rosidl_typesupport_cpp: rosidl_typesupport_fastrtps_cpp;rosidl_typesupport_introspection_cpp
[0.279s] [31mCMake Error at /opt/ros/humble/share/rosidl_adapter/cmake/rosidl_adapt_interfaces.cmake:59 (message):
[0.279s]   execute_process(/home/stoair/anaconda3/bin/python3 -m rosidl_adapter
[0.279s]   --package-name topic_interfaces --arguments-file
[0.279s]   /home/stoair/ros2CV/cv_ws/build/topic_interfaces/rosidl_adapter__arguments__topic_interfaces.json
[0.279s]   --output-dir
[0.279s]   /home/stoair/ros2CV/cv_ws/build/topic_interfaces/rosidl_adapter/topic_interfaces
[0.279s]   --output-file
[0.279s]   /home/stoair/ros2CV/cv_ws/build/topic_interfaces/rosidl_adapter/topic_interfaces.idls)
[0.279s]   returned error code 1:
[0.279s] 
[0.279s]   Error processing 'int x' of 'topic_interfaces/Coord': ''int' is an invalid
[0.279s]   message name.  It should have the pattern '^[A-Z][A-Za-z0-9]*$''
[0.279s] 
[0.279s]   Traceback (most recent call last):
[0.279s] 
[0.279s]     File "<frozen runpy>", line 198, in _run_module_as_main
[0.279s]     File "<frozen runpy>", line 88, in _run_code
[0.279s]     File "/opt/ros/humble/local/lib/python3.10/dist-packages/rosidl_adapter/__main__.py", line 19, in <module>
[0.279s]       sys.exit(main())
[0.279s]                ^^^^^^
[0.279s]     File "/opt/ros/humble/local/lib/python3.10/dist-packages/rosidl_adapter/main.py", line 53, in main
[0.279s]       abs_idl_file = convert_to_idl(
[0.279s]                      ^^^^^^^^^^^^^^^
[0.279s]     File "/opt/ros/humble/local/lib/python3.10/dist-packages/rosidl_adapter/__init__.py", line 19, in convert_to_idl
[0.279s]       return convert_msg_to_idl(
[0.279s]              ^^^^^^^^^^^^^^^^^^^
[0.279s]     File "/opt/ros/humble/local/lib/python3.10/dist-packages/rosidl_adapter/msg/__init__.py", line 28, in convert_msg_to_idl
[0.279s]       msg = parse_message_string(package_name, input_file.stem, content)
[0.280s]             ^^^^^^^^^^^^^^^^^^^^^^^^^^^^^^^^^^^^^^^^^^^^^^^^^^^^^^^^^^^^
[0.280s]     File "/opt/ros/humble/local/lib/python3.10/dist-packages/rosidl_adapter/parser.py", line 520, in parse_message_string
[0.280s]       Type(type_string, context_package_name=pkg_name),
[0.280s]       ^^^^^^^^^^^^^^^^^^^^^^^^^^^^^^^^^^^^^^^^^^^^^^^^
[0.280s]     File "/opt/ros/humble/local/lib/python3.10/dist-packages/rosidl_adapter/parser.py", line 277, in __init__
[0.280s]       super(Type, self).__init__(
[0.280s]     File "/opt/ros/humble/local/lib/python3.10/dist-packages/rosidl_adapter/parser.py", line 205, in __init__
[0.280s]       raise InvalidResourceName(
[0.280s] 
[0.280s]   rosidl_adapter.parser.InvalidResourceName: 'int' is an invalid message
[0.280s]   name.  It should have the pattern '^[A-Z][A-Za-z0-9]*$'
[0.280s] 
[0.280s] Call Stack (most recent call first):
[0.280s]   /opt/ros/humble/share/rosidl_cmake/cmake/rosidl_generate_interfaces.cmake:130 (rosidl_adapt_interfaces)
[0.280s]   CMakeLists.txt:12 (rosidl_generate_interfaces)
[0.280s] 
[0.280s] [0m
[0.280s] -- Configuring incomplete, errors occurred!
[0.280s] See also "/home/stoair/ros2CV/cv_ws/build/topic_interfaces/CMakeFiles/CMakeOutput.log".
[0.283s] gmake: *** [Makefile:747ï¼šcmake_check_build_system] é”™è¯¯ 1
[0.284s] Invoked command in '/home/stoair/ros2CV/cv_ws/build/topic_interfaces' returned '2': CMAKE_PREFIX_PATH=${CMAKE_PREFIX_PATH}:/home/stoair/dev_ws/install/learning_urdf:/home/stoair/dev_ws/install/learning_topic:/home/stoair/dev_ws/install/learning_tf:/home/stoair/dev_ws/install/learning_service:/home/stoair/dev_ws/install/learning_qos:/home/stoair/dev_ws/install/learning_pkg_python:/home/stoair/dev_ws/install/learning_parameter:/home/stoair/dev_ws/install/learning_node:/home/stoair/dev_ws/install/learning_launch:/home/stoair/dev_ws/install/learning_action:/home/stoair/dev_ws/install/learning_gazebo_fortress:/home/stoair/dev_ws/install/learning_gazebo:/home/stoair/dev_ws/install/learning_cv:/opt/ros/humble CONDA_PROMPT_MODIFIER=(base) /usr/bin/cmake --build /home/stoair/ros2CV/cv_ws/build/topic_interfaces -- -j16 -l16
