[0.009s] Invoking command in '/home/stoair/ros2CV/cv_ws/build/topic2': CMAKE_PREFIX_PATH=${CMAKE_PREFIX_PATH}:/home/stoair/dev_ws/install/learning_urdf:/home/stoair/dev_ws/install/learning_topic:/home/stoair/dev_ws/install/learning_tf:/home/stoair/dev_ws/install/learning_service:/home/stoair/dev_ws/install/learning_qos:/home/stoair/dev_ws/install/learning_pkg_python:/home/stoair/dev_ws/install/learning_parameter:/home/stoair/dev_ws/install/learning_node:/home/stoair/dev_ws/install/learning_launch:/home/stoair/dev_ws/install/learning_action:/home/stoair/dev_ws/install/learning_gazebo_fortress:/home/stoair/dev_ws/install/learning_gazebo:/home/stoair/dev_ws/install/learning_cv:/opt/ros/humble /usr/bin/cmake --build /home/stoair/ros2CV/cv_ws/build/topic2 -- -j16 -l16
[0.039s] [35m[1mConsolidate compiler generated dependencies of target image_pub[0m
[0.040s] [35m[1mConsolidate compiler generated dependencies of target image_sub[0m
[0.054s] [ 20%] [32mBuilding CXX object CMakeFiles/image_pub.dir/src/image_pub.cpp.o[0m
[0.055s] [ 40%] [32mBuilding CXX object CMakeFiles/image_sub.dir/src/image_sub.cpp.o[0m
[2.553s] [01m[K/home/stoair/ros2CV/cv_ws/src/topic2/src/image_sub.cpp:[m[K In member function ‚Äò[01m[Kvoid imageSub::image_callback(sensor_msgs::msg::Image_<std::allocator<void> >::SharedPtr)[m[K‚Äô:
[2.553s] [01m[K/home/stoair/ros2CV/cv_ws/src/topic2/src/image_sub.cpp:80:45:[m[K [01;31m[Kerror: [m[K‚Äò[01m[Ktopic_interfaces[m[K‚Äô was not declared in this scope; did you mean ‚Äò[01m[Kros2_interfaces[m[K‚Äô?
[2.553s]    80 |         publisher_ = this->create_publisher<[01;31m[Ktopic_interfaces[m[K::msg::Coord>("coord", 10);
[2.553s]       |                                             [01;31m[K^~~~~~~~~~~~~~~~[m[K
[2.553s]       |                                             [32m[Kros2_interfaces[m[K
[2.553s] [01m[K/home/stoair/ros2CV/cv_ws/src/topic2/src/image_sub.cpp:80:28:[m[K [01;31m[Kerror: [m[Kparse error in template argument list
[2.553s]    80 |         publisher_ = this->[01;31m[Kcreate_publisher<topic_interfaces::msg::Coord>[m[K("coord", 10);
[2.553s]       |                            [01;31m[K^~~~~~~~~~~~~~~~~~~~~~~~~~~~~~~~~~~~~~~~~~~~~~[m[K
[2.553s] [01m[K/home/stoair/ros2CV/cv_ws/src/topic2/src/image_sub.cpp:80:74:[m[K [01;31m[Kerror: [m[Kno matching function for call to ‚Äò[01m[KimageSub::create_publisher<<expression error> >(const char [6], int)[m[K‚Äô
[2.553s]    80 |         publisher_ = [01;31m[Kthis->create_publisher<topic_interfaces::msg::Coord>("coord", 10)[m[K;
[2.553s]       |                      [01;31m[K~~~~~~~~~~~~~~~~~~~~~~~~~~~~~~~~~~~~~~~~~~~~~~~~~~~~^~~~~~~~~~~~~[m[K
[2.553s] In file included from [01m[K/opt/ros/humble/include/rclcpp/rclcpp/executors/single_threaded_executor.hpp:28[m[K,
[2.553s]                  from [01m[K/opt/ros/humble/include/rclcpp/rclcpp/executors.hpp:22[m[K,
[2.553s]                  from [01m[K/opt/ros/humble/include/rclcpp/rclcpp/rclcpp.hpp:155[m[K,
[2.553s]                  from [01m[K/home/stoair/ros2CV/cv_ws/src/topic2/src/image_sub.cpp:3[m[K:
[2.553s] [01m[K/opt/ros/humble/include/rclcpp/rclcpp/node.hpp:195:3:[m[K [01;36m[Knote: [m[Kcandidate: ‚Äò[01m[Ktemplate<class MessageT, class AllocatorT, class PublisherT> std::shared_ptr<PublisherT> rclcpp::Node::create_publisher(const string&, const rclcpp::QoS&, const rclcpp::PublisherOptionsWithAllocator<AllocatorT>&)[m[K‚Äô
[2.553s]   195 |   [01;36m[Kcreate_publisher[m[K(
[2.553s]       |   [01;36m[K^~~~~~~~~~~~~~~~[m[K
[2.553s] [01m[K/opt/ros/humble/include/rclcpp/rclcpp/node.hpp:195:3:[m[K [01;36m[Knote: [m[K  template argument deduction/substitution failed:
[2.553s] [01m[K/home/stoair/ros2CV/cv_ws/src/topic2/src/image_sub.cpp:80:74:[m[K [01;31m[Kerror: [m[Ktemplate argument 1 is invalid
[2.553s]    80 |         publisher_ = [01;31m[Kthis->create_publisher<topic_interfaces::msg::Coord>("coord", 10)[m[K;
[2.553s]       |                      [01;31m[K~~~~~~~~~~~~~~~~~~~~~~~~~~~~~~~~~~~~~~~~~~~~~~~~~~~~^~~~~~~~~~~~~[m[K
[4.070s] gmake[2]: *** [CMakeFiles/image_sub.dir/build.make:76ÔºöCMakeFiles/image_sub.dir/src/image_sub.cpp.o] ÈîôËØØ 1
[4.071s] gmake[1]: *** [CMakeFiles/Makefile2:165ÔºöCMakeFiles/image_sub.dir/all] ÈîôËØØ 2
[4.071s] gmake[1]: *** Ê≠£Âú®Á≠âÂæÖÊú™ÂÆåÊàêÁöÑ‰ªªÂä°....
[6.676s] [ 60%] [32m[1mLinking CXX executable image_pub[0m
[7.235s] [ 60%] Built target image_pub
[7.236s] gmake: *** [Makefile:146Ôºöall] ÈîôËØØ 2
[7.239s] Invoked command in '/home/stoair/ros2CV/cv_ws/build/topic2' returned '2': CMAKE_PREFIX_PATH=${CMAKE_PREFIX_PATH}:/home/stoair/dev_ws/install/learning_urdf:/home/stoair/dev_ws/install/learning_topic:/home/stoair/dev_ws/install/learning_tf:/home/stoair/dev_ws/install/learning_service:/home/stoair/dev_ws/install/learning_qos:/home/stoair/dev_ws/install/learning_pkg_python:/home/stoair/dev_ws/install/learning_parameter:/home/stoair/dev_ws/install/learning_node:/home/stoair/dev_ws/install/learning_launch:/home/stoair/dev_ws/install/learning_action:/home/stoair/dev_ws/install/learning_gazebo_fortress:/home/stoair/dev_ws/install/learning_gazebo:/home/stoair/dev_ws/install/learning_cv:/opt/ros/humble /usr/bin/cmake --build /home/stoair/ros2CV/cv_ws/build/topic2 -- -j16 -l16
