In file included from [01m[K/home/stoair/ros2CV/cv_ws/src/topic2/src/image_pub.cpp:6[m[K:
[01m[K/home/stoair/ros2CV/cv_ws/src/topic2/src/Mat2image.hpp:[m[K In static member function ‘[01m[Kstatic int Mat2Img::JPEGToMat(cv::Mat&, std::vector<unsigned char>)[m[K’:
[01m[K/home/stoair/ros2CV/cv_ws/src/topic2/src/Mat2image.hpp:32:15:[m[K [01;31m[Kerror: [m[Kexpected primary-expression before ‘[01m[K.[m[K’ token
   32 |             cv[01;31m[K.[m[Kimshow("frame", matImage);
      |               [01;31m[K^[m[K
[01m[K/home/stoair/ros2CV/cv_ws/src/topic2/src/Mat2image.hpp:33:15:[m[K [01;31m[Kerror: [m[Kexpected primary-expression before ‘[01m[K.[m[K’ token
   33 |             cv[01;31m[K.[m[KwaitKey(1);
      |               [01;31m[K^[m[K
[01m[K/home/stoair/ros2CV/cv_ws/src/topic2/src/Mat2image.hpp:40:15:[m[K [01;31m[Kerror: [m[Kexpected primary-expression before ‘[01m[K.[m[K’ token
   40 |             cv[01;31m[K.[m[Kimshow("frame", matImage);
      |               [01;31m[K^[m[K
[01m[K/home/stoair/ros2CV/cv_ws/src/topic2/src/Mat2image.hpp:41:15:[m[K [01;31m[Kerror: [m[Kexpected primary-expression before ‘[01m[K.[m[K’ token
   41 |             cv[01;31m[K.[m[KwaitKey(1);
      |               [01;31m[K^[m[K
In file included from [01m[K/home/stoair/ros2CV/cv_ws/src/topic2/src/image_sub.cpp:8[m[K:
[01m[K/home/stoair/ros2CV/cv_ws/src/topic2/src/Mat2image.hpp:[m[K In static member function ‘[01m[Kstatic int Mat2Img::JPEGToMat(cv::Mat&, std::vector<unsigned char>)[m[K’:
[01m[K/home/stoair/ros2CV/cv_ws/src/topic2/src/Mat2image.hpp:32:15:[m[K [01;31m[Kerror: [m[Kexpected primary-expression before ‘[01m[K.[m[K’ token
   32 |             cv[01;31m[K.[m[Kimshow("frame", matImage);
      |               [01;31m[K^[m[K
[01m[K/home/stoair/ros2CV/cv_ws/src/topic2/src/Mat2image.hpp:33:15:[m[K [01;31m[Kerror: [m[Kexpected primary-expression before ‘[01m[K.[m[K’ token
   33 |             cv[01;31m[K.[m[KwaitKey(1);
      |               [01;31m[K^[m[K
[01m[K/home/stoair/ros2CV/cv_ws/src/topic2/src/Mat2image.hpp:40:15:[m[K [01;31m[Kerror: [m[Kexpected primary-expression before ‘[01m[K.[m[K’ token
   40 |             cv[01;31m[K.[m[Kimshow("frame", matImage);
      |               [01;31m[K^[m[K
[01m[K/home/stoair/ros2CV/cv_ws/src/topic2/src/Mat2image.hpp:41:15:[m[K [01;31m[Kerror: [m[Kexpected primary-expression before ‘[01m[K.[m[K’ token
   41 |             cv[01;31m[K.[m[KwaitKey(1);
      |               [01;31m[K^[m[K
gmake[2]: *** [CMakeFiles/image_pub.dir/build.make:76：CMakeFiles/image_pub.dir/src/image_pub.cpp.o] 错误 1
gmake[1]: *** [CMakeFiles/Makefile2:139：CMakeFiles/image_pub.dir/all] 错误 2
gmake[1]: *** 正在等待未完成的任务....
gmake[2]: *** [CMakeFiles/image_sub.dir/build.make:76：CMakeFiles/image_sub.dir/src/image_sub.cpp.o] 错误 1
gmake[1]: *** [CMakeFiles/Makefile2:165：CMakeFiles/image_sub.dir/all] 错误 2
gmake: *** [Makefile:146：all] 错误 2
