[0.008s] Invoking command in '/home/stoair/ros2CV/cv_ws/build/topic2': CMAKE_PREFIX_PATH=${CMAKE_PREFIX_PATH}:/home/stoair/dev_ws/install/learning_urdf:/home/stoair/dev_ws/install/learning_topic:/home/stoair/dev_ws/install/learning_tf:/home/stoair/dev_ws/install/learning_service:/home/stoair/dev_ws/install/learning_qos:/home/stoair/dev_ws/install/learning_pkg_python:/home/stoair/dev_ws/install/learning_parameter:/home/stoair/dev_ws/install/learning_node:/home/stoair/dev_ws/install/learning_launch:/home/stoair/dev_ws/install/learning_action:/home/stoair/dev_ws/install/learning_gazebo_fortress:/home/stoair/dev_ws/install/learning_gazebo:/home/stoair/dev_ws/install/learning_cv:/opt/ros/humble CONDA_PROMPT_MODIFIER=(base) /usr/bin/cmake --build /home/stoair/ros2CV/cv_ws/build/topic2 -- -j16 -l16
[0.045s] [35m[1mConsolidate compiler generated dependencies of target image_pub[0m
[0.045s] [35m[1mConsolidate compiler generated dependencies of target image_sub[0m
[0.061s] [ 14%] [32mBuilding CXX object CMakeFiles/image_pub.dir/src/image_pub.cpp.o[0m
[0.062s] [ 28%] [32mBuilding CXX object CMakeFiles/image_sub.dir/src/image_sub.cpp.o[0m
[2.742s] In file included from [01m[K/home/stoair/ros2CV/cv_ws/src/topic2/src/image_pub.cpp:6[m[K:
[2.742s] [01m[K/home/stoair/ros2CV/cv_ws/src/topic2/src/Mat2image.hpp:[m[K In static member function â€˜[01m[Kstatic int Mat2Img::JPEGToMat(cv::Mat&, std::vector<unsigned char>)[m[Kâ€™:
[2.742s] [01m[K/home/stoair/ros2CV/cv_ws/src/topic2/src/Mat2image.hpp:32:15:[m[K [01;31m[Kerror: [m[Kexpected primary-expression before â€˜[01m[K.[m[Kâ€™ token
[2.742s]    32 |             cv[01;31m[K.[m[Kimshow("frame", matImage);
[2.742s]       |               [01;31m[K^[m[K
[2.742s] [01m[K/home/stoair/ros2CV/cv_ws/src/topic2/src/Mat2image.hpp:33:15:[m[K [01;31m[Kerror: [m[Kexpected primary-expression before â€˜[01m[K.[m[Kâ€™ token
[2.742s]    33 |             cv[01;31m[K.[m[KwaitKey(1);
[2.742s]       |               [01;31m[K^[m[K
[2.742s] [01m[K/home/stoair/ros2CV/cv_ws/src/topic2/src/Mat2image.hpp:40:15:[m[K [01;31m[Kerror: [m[Kexpected primary-expression before â€˜[01m[K.[m[Kâ€™ token
[2.742s]    40 |             cv[01;31m[K.[m[Kimshow("frame", matImage);
[2.742s]       |               [01;31m[K^[m[K
[2.742s] [01m[K/home/stoair/ros2CV/cv_ws/src/topic2/src/Mat2image.hpp:41:15:[m[K [01;31m[Kerror: [m[Kexpected primary-expression before â€˜[01m[K.[m[Kâ€™ token
[2.742s]    41 |             cv[01;31m[K.[m[KwaitKey(1);
[2.742s]       |               [01;31m[K^[m[K
[2.747s] In file included from [01m[K/home/stoair/ros2CV/cv_ws/src/topic2/src/image_sub.cpp:8[m[K:
[2.747s] [01m[K/home/stoair/ros2CV/cv_ws/src/topic2/src/Mat2image.hpp:[m[K In static member function â€˜[01m[Kstatic int Mat2Img::JPEGToMat(cv::Mat&, std::vector<unsigned char>)[m[Kâ€™:
[2.747s] [01m[K/home/stoair/ros2CV/cv_ws/src/topic2/src/Mat2image.hpp:32:15:[m[K [01;31m[Kerror: [m[Kexpected primary-expression before â€˜[01m[K.[m[Kâ€™ token
[2.747s]    32 |             cv[01;31m[K.[m[Kimshow("frame", matImage);
[2.747s]       |               [01;31m[K^[m[K
[2.747s] [01m[K/home/stoair/ros2CV/cv_ws/src/topic2/src/Mat2image.hpp:33:15:[m[K [01;31m[Kerror: [m[Kexpected primary-expression before â€˜[01m[K.[m[Kâ€™ token
[2.748s]    33 |             cv[01;31m[K.[m[KwaitKey(1);
[2.748s]       |               [01;31m[K^[m[K
[2.748s] [01m[K/home/stoair/ros2CV/cv_ws/src/topic2/src/Mat2image.hpp:40:15:[m[K [01;31m[Kerror: [m[Kexpected primary-expression before â€˜[01m[K.[m[Kâ€™ token
[2.748s]    40 |             cv[01;31m[K.[m[Kimshow("frame", matImage);
[2.748s]       |               [01;31m[K^[m[K
[2.748s] [01m[K/home/stoair/ros2CV/cv_ws/src/topic2/src/Mat2image.hpp:41:15:[m[K [01;31m[Kerror: [m[Kexpected primary-expression before â€˜[01m[K.[m[Kâ€™ token
[2.748s]    41 |             cv[01;31m[K.[m[KwaitKey(1);
[2.748s]       |               [01;31m[K^[m[K
[4.546s] gmake[2]: *** [CMakeFiles/image_pub.dir/build.make:76ï¼šCMakeFiles/image_pub.dir/src/image_pub.cpp.o] é”™è¯¯ 1
[4.546s] gmake[1]: *** [CMakeFiles/Makefile2:139ï¼šCMakeFiles/image_pub.dir/all] é”™è¯¯ 2
[4.546s] gmake[1]: *** æ­£åœ¨ç­‰å¾…æœªå®Œæˆçš„ä»»åŠ¡....
[4.691s] gmake[2]: *** [CMakeFiles/image_sub.dir/build.make:76ï¼šCMakeFiles/image_sub.dir/src/image_sub.cpp.o] é”™è¯¯ 1
[4.691s] gmake[1]: *** [CMakeFiles/Makefile2:165ï¼šCMakeFiles/image_sub.dir/all] é”™è¯¯ 2
[4.692s] gmake: *** [Makefile:146ï¼šall] é”™è¯¯ 2
[4.694s] Invoked command in '/home/stoair/ros2CV/cv_ws/build/topic2' returned '2': CMAKE_PREFIX_PATH=${CMAKE_PREFIX_PATH}:/home/stoair/dev_ws/install/learning_urdf:/home/stoair/dev_ws/install/learning_topic:/home/stoair/dev_ws/install/learning_tf:/home/stoair/dev_ws/install/learning_service:/home/stoair/dev_ws/install/learning_qos:/home/stoair/dev_ws/install/learning_pkg_python:/home/stoair/dev_ws/install/learning_parameter:/home/stoair/dev_ws/install/learning_node:/home/stoair/dev_ws/install/learning_launch:/home/stoair/dev_ws/install/learning_action:/home/stoair/dev_ws/install/learning_gazebo_fortress:/home/stoair/dev_ws/install/learning_gazebo:/home/stoair/dev_ws/install/learning_cv:/opt/ros/humble CONDA_PROMPT_MODIFIER=(base) /usr/bin/cmake --build /home/stoair/ros2CV/cv_ws/build/topic2 -- -j16 -l16
