[01m[K/home/stoair/ros2CV/cv_ws/src/topic2/src/image_base64.cpp:1:10:[m[K [01;31m[Kfatal error: [m[Kimage_base64.h: æ²¡æœ‰é‚£ä¸ªæ–‡ä»¶æˆ–ç›®å½•
    1 | #include [01;31m[K"image_base64.h"[m[K
      |          [01;31m[K^~~~~~~~~~~~~~~~[m[K
compilation terminated.
gmake[2]: *** [CMakeFiles/image_pub.dir/build.make:90ï¼šCMakeFiles/image_pub.dir/src/image_base64.cpp.o] é”™è¯¯ 1
gmake[2]: *** æ­£åœ¨ç­‰å¾…æœªå®Œæˆçš„ä»»åŠ¡....
In file included from [01m[K/home/stoair/ros2CV/cv_ws/src/topic2/src/image_pub.cpp:1[m[K:
[01m[K/home/stoair/ros2CV/cv_ws/src/topic2/src/global.hpp:7:11:[m[K [01;31m[Kerror: [m[Kmissing terminating > character
    7 | #include <
      |           [01;31m[K^[m[K
[01m[K/home/stoair/ros2CV/cv_ws/src/topic2/src/global.hpp:7:10:[m[K [01;31m[Kerror: [m[Kempty filename in #include
    7 | #include [01;31m[K<[m[K
      |          [01;31m[K^[m[K
In file included from [01m[K/home/stoair/ros2CV/cv_ws/src/topic2/src/image_sub.cpp:1[m[K:
[01m[K/home/stoair/ros2CV/cv_ws/src/topic2/src/global.hpp:7:11:[m[K [01;31m[Kerror: [m[Kmissing terminating > character
    7 | #include <
      |           [01;31m[K^[m[K
[01m[K/home/stoair/ros2CV/cv_ws/src/topic2/src/global.hpp:7:10:[m[K [01;31m[Kerror: [m[Kempty filename in #include
    7 | #include [01;31m[K<[m[K
      |          [01;31m[K^[m[K
In file included from [01m[K/home/stoair/ros2CV/cv_ws/src/topic2/src/yolo.cpp:1[m[K:
[01m[K/home/stoair/ros2CV/cv_ws/src/topic2/src/global.hpp:7:11:[m[K [01;31m[Kerror: [m[Kmissing terminating > character
    7 | #include <
      |           [01;31m[K^[m[K
[01m[K/home/stoair/ros2CV/cv_ws/src/topic2/src/global.hpp:7:10:[m[K [01;31m[Kerror: [m[Kempty filename in #include
    7 | #include [01;31m[K<[m[K
      |          [01;31m[K^[m[K
[01m[K/home/stoair/ros2CV/cv_ws/src/topic2/src/yolo.cpp:[m[K In member function â€˜[01m[Kcv::Mat Yolo::drawPred(cv::Mat, std::vector<Output>, std::vector<cv::Scalar_<double> >, int)[m[Kâ€™:
[01m[K/home/stoair/ros2CV/cv_ws/src/topic2/src/yolo.cpp:240:21:[m[K [01;35m[Kwarning: [m[Kunused variable â€˜[01m[Kcenter_x[m[Kâ€™ [[01;35m[K]8;;https://gcc.gnu.org/onlinedocs/gcc/Warning-Options.html#index-Wunused-variable-Wunused-variable]8;;[m[K]
  240 |                 int [01;35m[Kcenter_x[m[K = left[i] + (result[i].box.width / 2);
      |                     [01;35m[K^~~~~~~~[m[K
[01m[K/home/stoair/ros2CV/cv_ws/src/topic2/src/yolo.cpp:241:21:[m[K [01;35m[Kwarning: [m[Kunused variable â€˜[01m[Kcenter_y[m[Kâ€™ [[01;35m[K]8;;https://gcc.gnu.org/onlinedocs/gcc/Warning-Options.html#index-Wunused-variable-Wunused-variable]8;;[m[K]
  241 |                 int [01;35m[Kcenter_y[m[K = top[i] + (result[i].box.height / 2);
      |                     [01;35m[K^~~~~~~~[m[K
gmake[2]: *** [CMakeFiles/image_sub.dir/build.make:90ï¼šCMakeFiles/image_sub.dir/src/yolo.cpp.o] é”™è¯¯ 1
gmake[2]: *** æ­£åœ¨ç­‰å¾…æœªå®Œæˆçš„ä»»åŠ¡....
In file included from [01m[K/home/stoair/ros2CV/cv_ws/src/topic2/src/image_pub.cpp:6[m[K:
[01m[K/home/stoair/ros2CV/cv_ws/src/topic2/src/Mat2image.hpp:[m[K In static member function â€˜[01m[Kstatic int Mat2Img::MatToByteArray(cv::Mat, std::vector<unsigned char>&)[m[Kâ€™:
[01m[K/home/stoair/ros2CV/cv_ws/src/topic2/src/Mat2image.hpp:18:28:[m[K [01;31m[Kerror: [m[Kâ€˜[01m[KCV_IMWRITE_JPEG_QUALITY[m[Kâ€™ was not declared in this scope
   18 |                 param[0] = [01;31m[KCV_IMWRITE_JPEG_QUALITY[m[K;
      |                            [01;31m[K^~~~~~~~~~~~~~~~~~~~~~~[m[K
[01m[K/home/stoair/ros2CV/cv_ws/src/topic2/src/Mat2image.hpp:[m[K In static member function â€˜[01m[Kstatic int Mat2Img::JPEGToMat(cv::Mat&, std::vector<unsigned char>)[m[Kâ€™:
[01m[K/home/stoair/ros2CV/cv_ws/src/topic2/src/Mat2image.hpp:31:55:[m[K [01;31m[Kerror: [m[Kâ€˜[01m[KCV_LOAD_IMAGE_COLOR[m[Kâ€™ was not declared in this scope
   31 |                         matImage = cv::imdecode(buff, [01;31m[KCV_LOAD_IMAGE_COLOR[m[K);
      |                                                       [01;31m[K^~~~~~~~~~~~~~~~~~~[m[K
[01m[K/home/stoair/ros2CV/cv_ws/src/topic2/src/Mat2image.hpp:37:55:[m[K [01;31m[Kerror: [m[Kâ€˜[01m[KCV_LOAD_IMAGE_COLOR[m[Kâ€™ was not declared in this scope
   37 |                         matImage = cv::imdecode(buff, [01;31m[KCV_LOAD_IMAGE_COLOR[m[K);
      |                                                       [01;31m[K^~~~~~~~~~~~~~~~~~~[m[K
gmake[2]: *** [CMakeFiles/image_pub.dir/build.make:76ï¼šCMakeFiles/image_pub.dir/src/image_pub.cpp.o] é”™è¯¯ 1
gmake[1]: *** [CMakeFiles/Makefile2:139ï¼šCMakeFiles/image_pub.dir/all] é”™è¯¯ 2
gmake[1]: *** æ­£åœ¨ç­‰å¾…æœªå®Œæˆçš„ä»»åŠ¡....
gmake[2]: *** [CMakeFiles/image_sub.dir/build.make:76ï¼šCMakeFiles/image_sub.dir/src/image_sub.cpp.o] é”™è¯¯ 1
gmake[1]: *** [CMakeFiles/Makefile2:165ï¼šCMakeFiles/image_sub.dir/all] é”™è¯¯ 2
gmake: *** [Makefile:146ï¼šall] é”™è¯¯ 2
