[0.012s] Invoking command in '/home/stoair/ros2CV/cv_ws/build/topic2': CMAKE_PREFIX_PATH=${CMAKE_PREFIX_PATH}:/home/stoair/dev_ws/install/learning_urdf:/home/stoair/dev_ws/install/learning_topic:/home/stoair/dev_ws/install/learning_tf:/home/stoair/dev_ws/install/learning_service:/home/stoair/dev_ws/install/learning_qos:/home/stoair/dev_ws/install/learning_pkg_python:/home/stoair/dev_ws/install/learning_parameter:/home/stoair/dev_ws/install/learning_node:/home/stoair/dev_ws/install/learning_launch:/home/stoair/dev_ws/install/learning_action:/home/stoair/dev_ws/install/learning_gazebo_fortress:/home/stoair/dev_ws/install/learning_gazebo:/home/stoair/dev_ws/install/learning_cv:/opt/ros/humble CONDA_PROMPT_MODIFIER=(base) /usr/bin/cmake --build /home/stoair/ros2CV/cv_ws/build/topic2 -- -j16 -l16
[0.097s] [35m[1mConsolidate compiler generated dependencies of target image_sub[0m
[0.110s] [ 40%] Built target image_pub
[0.116s] [ 60%] [32mBuilding CXX object CMakeFiles/image_sub.dir/src/image_sub.cpp.o[0m
[0.406s] [01m[K/home/stoair/ros2CV/cv_ws/src/topic2/src/image_sub.cpp:74:59:[m[K [01;35m[Kwarning: [m[Kmulti-character character constant [[01;35m[K]8;;https://gcc.gnu.org/onlinedocs/gcc/Warning-Options.html#index-Wmultichar-Wmultichar]8;;[m[K]
[0.406s]    74 |         Mat img = np.asarray(cv_bridge.imgmsg_to_cv2(msg, [01;35m[K'8UC1'[m[K))
[0.406s]       |                                                           [01;35m[K^~~~~~[m[K
[3.151s] [01m[K/home/stoair/ros2CV/cv_ws/src/topic2/src/image_sub.cpp:[m[K In member function â€˜[01m[Kvoid imageSub::image_callback(sensor_msgs::msg::Image_<std::allocator<void> >::SharedPtr)[m[Kâ€™:
[3.151s] [01m[K/home/stoair/ros2CV/cv_ws/src/topic2/src/image_sub.cpp:74:19:[m[K [01;31m[Kerror: [m[Kâ€˜[01m[Knp[m[Kâ€™ was not declared in this scope
[3.151s]    74 |         Mat img = [01;31m[Knp[m[K.asarray(cv_bridge.imgmsg_to_cv2(msg, '8UC1'))
[3.151s]       |                   [01;31m[K^~[m[K
[3.151s] [01m[K/home/stoair/ros2CV/cv_ws/src/topic2/src/image_sub.cpp:74:39:[m[K [01;31m[Kerror: [m[Kexpected primary-expression before â€˜[01m[K.[m[Kâ€™ token
[3.151s]    74 |         Mat img = np.asarray(cv_bridge[01;31m[K.[m[Kimgmsg_to_cv2(msg, '8UC1'))
[3.151s]       |                                       [01;31m[K^[m[K
[5.119s] gmake[2]: *** [CMakeFiles/image_sub.dir/build.make:76ï¼šCMakeFiles/image_sub.dir/src/image_sub.cpp.o] é”™è¯¯ 1
[5.119s] gmake[1]: *** [CMakeFiles/Makefile2:165ï¼šCMakeFiles/image_sub.dir/all] é”™è¯¯ 2
[5.119s] gmake: *** [Makefile:146ï¼šall] é”™è¯¯ 2
[5.121s] Invoked command in '/home/stoair/ros2CV/cv_ws/build/topic2' returned '2': CMAKE_PREFIX_PATH=${CMAKE_PREFIX_PATH}:/home/stoair/dev_ws/install/learning_urdf:/home/stoair/dev_ws/install/learning_topic:/home/stoair/dev_ws/install/learning_tf:/home/stoair/dev_ws/install/learning_service:/home/stoair/dev_ws/install/learning_qos:/home/stoair/dev_ws/install/learning_pkg_python:/home/stoair/dev_ws/install/learning_parameter:/home/stoair/dev_ws/install/learning_node:/home/stoair/dev_ws/install/learning_launch:/home/stoair/dev_ws/install/learning_action:/home/stoair/dev_ws/install/learning_gazebo_fortress:/home/stoair/dev_ws/install/learning_gazebo:/home/stoair/dev_ws/install/learning_cv:/opt/ros/humble CONDA_PROMPT_MODIFIER=(base) /usr/bin/cmake --build /home/stoair/ros2CV/cv_ws/build/topic2 -- -j16 -l16
