[35m[1mConsolidate compiler generated dependencies of target image_sub[0m
[ 40%] Built target image_pub
[ 60%] [32mBuilding CXX object CMakeFiles/image_sub.dir/src/image_sub.cpp.o[0m
[01m[K/home/stoair/ros2CV/cv_ws/src/topic2/src/image_sub.cpp:[m[K In member function â€˜[01m[Kvoid imageSub::image_callback(sensor_msgs::msg::Image_<std::allocator<void> >::SharedPtr)[m[Kâ€™:
[01m[K/home/stoair/ros2CV/cv_ws/src/topic2/src/image_sub.cpp:74:95:[m[K [01;31m[Kerror: [m[Kâ€˜[01m[KJPEG[m[Kâ€™ is not a member of â€˜[01m[Ksensor_msgs::image_encodings[m[Kâ€™; did you mean â€˜[01m[Kcv_bridge::JPEG[m[Kâ€™?
   74 |         cv_bridge::CvImagePtr cv_ptr = cv_bridge::toCvCopy(msg, sensor_msgs::image_encodings::[01;31m[KJPEG[m[K);
      |                                                                                               [01;31m[K^~~~[m[K
In file included from [01m[K/home/stoair/ros2CV/cv_ws/src/topic2/src/image_sub.cpp:7[m[K:
[01m[K/opt/ros/humble/include/cv_bridge/cv_bridge/cv_bridge.h:73:8:[m[K [01;36m[Knote: [m[Kâ€˜[01m[Kcv_bridge::JPEG[m[Kâ€™ declared here
   73 |   JPG, [01;36m[KJPEG[m[K, JPE,
      |        [01;36m[K^~~~[m[K
gmake[2]: *** [CMakeFiles/image_sub.dir/build.make:76ï¼šCMakeFiles/image_sub.dir/src/image_sub.cpp.o] é”™è¯¯ 1
gmake[1]: *** [CMakeFiles/Makefile2:165ï¼šCMakeFiles/image_sub.dir/all] é”™è¯¯ 2
gmake: *** [Makefile:146ï¼šall] é”™è¯¯ 2
